{"numTotalTestSuites":67,"numPassedTestSuites":67,"numFailedTestSuites":0,"numPendingTestSuites":0,"numTotalTests":155,"numPassedTests":153,"numFailedTests":0,"numPendingTests":2,"numTodoTests":0,"snapshot":{"added":0,"failure":false,"filesAdded":0,"filesRemoved":0,"filesRemovedList":[],"filesUnmatched":0,"filesUpdated":0,"matched":0,"total":0,"unchecked":0,"uncheckedKeysByFile":[],"unmatched":0,"updated":0,"didUpdate":false},"startTime":1778719261404,"success":true,"testResults":[{"assertionResults":[{"ancestorTitles":["hasRole"],"fullName":"hasRole returns true when the user has the role","status":"passed","title":"returns true when the user has the role","duration":1.7333330000001297,"failureMessages":[],"meta":{},"tags":[]},{"ancestorTitles":["hasRole"],"fullName":"hasRole returns false when the user does not have the role","status":"passed","title":"returns false when the user does not have the role","duration":0.20337500000005093,"failureMessages":[],"meta":{},"tags":[]},{"ancestorTitles":["hasAnyRole"],"fullName":"hasAnyRole returns true if user has at least one of the roles","status":"passed","title":"returns true if user has at least one of the roles","duration":0.23908399999982066,"failureMessages":[],"meta":{},"tags":[]},{"ancestorTitles":["hasAnyRole"],"fullName":"hasAnyRole returns false if user has none of the roles","status":"passed","title":"returns false if user has none of the roles","duration":0.19750000000021828,"failureMessages":[],"meta":{},"tags":[]},{"ancestorTitles":["getUserRoles"],"fullName":"getUserRoles returns role names for the user","status":"passed","title":"returns role names for the user","duration":0.588832999999795,"failureMessages":[],"meta":{},"tags":[]},{"ancestorTitles":["getUserRoles"],"fullName":"getUserRoles returns empty array when user has no roles","status":"passed","title":"returns empty array when user has no roles","duration":0.203125,"failureMessages":[],"meta":{},"tags":[]}],"startTime":1778719268158,"endTime":1778719268161.5889,"status":"passed","message":"","name":"/Users/dcash/Projects/_sites/corvmc-svelte/src/lib/server/authorization.spec.ts"},{"assertionResults":[{"ancestorTitles":["storage","uploadFile"],"fullName":"storage uploadFile uploads a valid JPEG file","status":"passed","title":"uploads a valid JPEG file","duration":11.840583000000038,"failureMessages":[],"meta":{},"tags":[]},{"ancestorTitles":["storage","uploadFile"],"fullName":"storage uploadFile uploads a valid PNG file","status":"passed","title":"uploads a valid PNG file","duration":34.69408299999998,"failureMessages":[],"meta":{},"tags":[]},{"ancestorTitles":["storage","uploadFile"],"fullName":"storage uploadFile uploads a valid WebP file","status":"passed","title":"uploads a valid WebP file","duration":0.4712090000000444,"failureMessages":[],"meta":{},"tags":[]},{"ancestorTitles":["storage","uploadFile"],"fullName":"storage uploadFile rejects disallowed content types","status":"passed","title":"rejects disallowed content types","duration":1.0841249999999718,"failureMessages":[],"meta":{},"tags":[]},{"ancestorTitles":["storage","uploadFile"],"fullName":"storage uploadFile rejects files over 5MB","status":"passed","title":"rejects files over 5MB","duration":4.130791000000045,"failureMessages":[],"meta":{},"tags":[]},{"ancestorTitles":["storage","uploadFile"],"fullName":"storage uploadFile accepts files exactly at 5MB","status":"passed","title":"accepts files exactly at 5MB","duration":1.9588750000000346,"failureMessages":[],"meta":{},"tags":[]},{"ancestorTitles":["storage","deleteObject"],"fullName":"storage deleteObject sends a delete command","status":"passed","title":"sends a delete command","duration":0.24604099999999107,"failureMessages":[],"meta":{},"tags":[]},{"ancestorTitles":["storage","getPublicUrl"],"fullName":"storage getPublicUrl returns direct URL when R2_TRANSFORM_URL is not set","status":"passed","title":"returns direct URL when R2_TRANSFORM_URL is not set","duration":0.12366599999995742,"failureMessages":[],"meta":{},"tags":[]},{"ancestorTitles":["storage","getPublicUrl"],"fullName":"storage getPublicUrl returns transform URL when R2_TRANSFORM_URL is set","status":"passed","title":"returns transform URL when R2_TRANSFORM_URL is set","duration":0.1092909999999847,"failureMessages":[],"meta":{},"tags":[]},{"ancestorTitles":["storage","isConfigured"],"fullName":"storage isConfigured returns true when all required env vars are set","status":"passed","title":"returns true when all required env vars are set","duration":0.15058300000009694,"failureMessages":[],"meta":{},"tags":[]}],"startTime":1778719265319,"endTime":1778719265374.246,"status":"passed","message":"","name":"/Users/dcash/Projects/_sites/corvmc-svelte/src/lib/server/storage.spec.ts"},{"assertionResults":[{"ancestorTitles":["greet"],"fullName":"greet returns a greeting","status":"passed","title":"returns a greeting","duration":5.130792000000042,"failureMessages":[],"meta":{},"tags":[]}],"startTime":1778719265533,"endTime":1778719265538.1309,"status":"passed","message":"","name":"/Users/dcash/Projects/_sites/corvmc-svelte/src/lib/vitest-examples/greet.spec.ts"},{"assertionResults":[{"ancestorTitles":["/staff dashboard load"],"fullName":"/staff dashboard load returns stats and recent users","status":"passed","title":"returns stats and recent users","duration":1221.6748329999998,"failureMessages":[],"meta":{},"tags":[]},{"ancestorTitles":["/staff/users list load"],"fullName":"/staff/users list load returns paginated users with roles","status":"passed","title":"returns paginated users with roles","duration":428.2265830000001,"failureMessages":[],"meta":{},"tags":[]},{"ancestorTitles":["/staff/users list load"],"fullName":"/staff/users list load passes search query through","status":"passed","title":"passes search query through","duration":0.6589159999998628,"failureMessages":[],"meta":{},"tags":[]},{"ancestorTitles":["/staff/users/[id] detail load"],"fullName":"/staff/users/[id] detail load returns user with roles and all available roles","status":"skipped","title":"returns user with roles and all available roles","failureMessages":[],"meta":{},"tags":[]},{"ancestorTitles":["/staff/users/[id] detail load"],"fullName":"/staff/users/[id] detail load throws 404 when user not found","status":"skipped","title":"throws 404 when user not found","failureMessages":[],"meta":{},"tags":[]}],"startTime":1778719263033,"endTime":1778719264685.659,"status":"passed","message":"","name":"/Users/dcash/Projects/_sites/corvmc-svelte/src/routes/staff/staff-routes.spec.ts"},{"assertionResults":[{"ancestorTitles":["EventService","create"],"fullName":"EventService create creates an event without reservation or poster","status":"passed","title":"creates an event without reservation or poster","duration":5.8341669999999795,"failureMessages":[],"meta":{},"tags":[]},{"ancestorTitles":["EventService","create"],"fullName":"EventService create creates linked reservation when reservation params provided","status":"passed","title":"creates linked reservation when reservation params provided","duration":4.8265409999999065,"failureMessages":[],"meta":{},"tags":[]},{"ancestorTitles":["EventService","create"],"fullName":"EventService create skips conflict check when overrideConflicts is true","status":"passed","title":"skips conflict check when overrideConflicts is true","duration":0.2844169999998485,"failureMessages":[],"meta":{},"tags":[]},{"ancestorTitles":["EventService","create"],"fullName":"EventService create throws when conflict exists and override is false","status":"passed","title":"throws when conflict exists and override is false","duration":1.6581249999999272,"failureMessages":[],"meta":{},"tags":[]},{"ancestorTitles":["EventService","create"],"fullName":"EventService create uploads poster when posterFile provided","status":"passed","title":"uploads poster when posterFile provided","duration":0.8087499999996908,"failureMessages":[],"meta":{},"tags":[]},{"ancestorTitles":["EventService","publish"],"fullName":"EventService publish publishes a draft event","status":"passed","title":"publishes a draft event","duration":0.47599999999965803,"failureMessages":[],"meta":{},"tags":[]},{"ancestorTitles":["EventService","publish"],"fullName":"EventService publish throws when event is not in draft status","status":"passed","title":"throws when event is not in draft status","duration":0.2814170000001468,"failureMessages":[],"meta":{},"tags":[]},{"ancestorTitles":["EventService","publish"],"fullName":"EventService publish throws when event does not exist","status":"passed","title":"throws when event does not exist","duration":0.1762499999999818,"failureMessages":[],"meta":{},"tags":[]},{"ancestorTitles":["EventService","cancel"],"fullName":"EventService cancel cancels an event without reservation","status":"passed","title":"cancels an event without reservation","duration":0.2428749999999127,"failureMessages":[],"meta":{},"tags":[]},{"ancestorTitles":["EventService","cancel"],"fullName":"EventService cancel cancels linked reservation when present","status":"passed","title":"cancels linked reservation when present","duration":0.3196659999998701,"failureMessages":[],"meta":{},"tags":[]},{"ancestorTitles":["EventService","cancel"],"fullName":"EventService cancel deletes poster from R2 when present","status":"passed","title":"deletes poster from R2 when present","duration":0.14016700000001947,"failureMessages":[],"meta":{},"tags":[]},{"ancestorTitles":["EventService","cancel"],"fullName":"EventService cancel throws when event is already cancelled","status":"passed","title":"throws when event is already cancelled","duration":0.16258400000015172,"failureMessages":[],"meta":{},"tags":[]},{"ancestorTitles":["EventService","cancel"],"fullName":"EventService cancel ignores error if linked reservation is already cancelled","status":"passed","title":"ignores error if linked reservation is already cancelled","duration":0.19920799999999872,"failureMessages":[],"meta":{},"tags":[]}],"startTime":1778719264259,"endTime":1778719264274.3196,"status":"passed","message":"","name":"/Users/dcash/Projects/_sites/corvmc-svelte/src/lib/server/event/event-service.spec.ts"},{"assertionResults":[{"ancestorTitles":["mockUser"],"fullName":"mockUser generates a user with all required fields","status":"passed","title":"generates a user with all required fields","duration":3.240542000000005,"failureMessages":[],"meta":{},"tags":[]},{"ancestorTitles":["mockUser"],"fullName":"mockUser sets nullable corvmc fields to null by default","status":"passed","title":"sets nullable corvmc fields to null by default","duration":1.4108340000000226,"failureMessages":[],"meta":{},"tags":[]},{"ancestorTitles":["mockUser"],"fullName":"mockUser applies overrides","status":"passed","title":"applies overrides","duration":0.6842090000000098,"failureMessages":[],"meta":{},"tags":[]},{"ancestorTitles":["mockUser"],"fullName":"mockUser can simulate a soft-deleted user","status":"passed","title":"can simulate a soft-deleted user","duration":3.52795900000001,"failureMessages":[],"meta":{},"tags":[]},{"ancestorTitles":["mockRole"],"fullName":"mockRole generates a role with the given name","status":"passed","title":"generates a role with the given name","duration":1.5636250000000018,"failureMessages":[],"meta":{},"tags":[]},{"ancestorTitles":["mockRole"],"fullName":"mockRole accepts an explicit id","status":"passed","title":"accepts an explicit id","duration":0.787499999999909,"failureMessages":[],"meta":{},"tags":[]},{"ancestorTitles":["mockStandardRoles"],"fullName":"mockStandardRoles generates all four app roles","status":"passed","title":"generates all four app roles","duration":2.376750000000129,"failureMessages":[],"meta":{},"tags":[]},{"ancestorTitles":["mockStandardRoles"],"fullName":"mockStandardRoles assigns sequential IDs starting at 1","status":"passed","title":"assigns sequential IDs starting at 1","duration":0.31366700000012315,"failureMessages":[],"meta":{},"tags":[]},{"ancestorTitles":["factory.generate with arrays"],"fullName":"factory.generate with arrays generates multiple users","status":"passed","title":"generates multiple users","duration":0.9148749999999382,"failureMessages":[],"meta":{},"tags":[]},{"ancestorTitles":["factory.generate with arrays"],"fullName":"factory.generate with arrays produces deterministic output","status":"passed","title":"produces deterministic output","duration":0.2463749999999436,"failureMessages":[],"meta":{},"tags":[]}],"startTime":1778719264280,"endTime":1778719264295.2463,"status":"passed","message":"","name":"/Users/dcash/Projects/_sites/corvmc-svelte/src/lib/server/db/test-factory.spec.ts"},{"assertionResults":[{"ancestorTitles":["getCommunityStats"],"fullName":"getCommunityStats returns aggregated stats from the database","status":"passed","title":"returns aggregated stats from the database","duration":47.177584000000024,"failureMessages":[],"meta":{},"tags":[]},{"ancestorTitles":["getCommunityStats"],"fullName":"getCommunityStats returns zeros when no data exists","status":"passed","title":"returns zeros when no data exists","duration":3.097833000000037,"failureMessages":[],"meta":{},"tags":[]},{"ancestorTitles":["getCommunityStats"],"fullName":"getCommunityStats caches results and does not re-query within TTL","status":"passed","title":"caches results and does not re-query within TTL","duration":3.7382920000000013,"failureMessages":[],"meta":{},"tags":[]},{"ancestorTitles":["getCommunityStats"],"fullName":"getCommunityStats re-queries after cache is cleared","status":"passed","title":"re-queries after cache is cleared","duration":1.326291000000083,"failureMessages":[],"meta":{},"tags":[]}],"startTime":1778719262875,"endTime":1778719262930.3262,"status":"passed","message":"","name":"/Users/dcash/Projects/_sites/corvmc-svelte/src/lib/server/finance/community-stats.spec.ts"},{"assertionResults":[{"ancestorTitles":["getBalance"],"fullName":"getBalance returns 0 for user with no credits","status":"passed","title":"returns 0 for user with no credits","duration":3.7794169999997393,"failureMessages":[],"meta":{},"tags":[]},{"ancestorTitles":["getBalance"],"fullName":"getBalance returns 0 when user not found","status":"passed","title":"returns 0 when user not found","duration":0.4810410000000047,"failureMessages":[],"meta":{},"tags":[]},{"ancestorTitles":["getBalance"],"fullName":"getBalance returns the balance for a credit type that exists","status":"passed","title":"returns the balance for a credit type that exists","duration":2.95770900000025,"failureMessages":[],"meta":{},"tags":[]},{"ancestorTitles":["getAllBalances"],"fullName":"getAllBalances returns empty object for user not found","status":"passed","title":"returns empty object for user not found","duration":1.275000000000091,"failureMessages":[],"meta":{},"tags":[]},{"ancestorTitles":["getAllBalances"],"fullName":"getAllBalances returns parsed credits","status":"passed","title":"returns parsed credits","duration":0.661750000000211,"failureMessages":[],"meta":{},"tags":[]},{"ancestorTitles":["addCredits"],"fullName":"addCredits increases balance and creates a transaction","status":"passed","title":"increases balance and creates a transaction","duration":2.7928750000000946,"failureMessages":[],"meta":{},"tags":[]},{"ancestorTitles":["addCredits"],"fullName":"addCredits initializes balance when credit type does not exist yet","status":"passed","title":"initializes balance when credit type does not exist yet","duration":0.22820900000033362,"failureMessages":[],"meta":{},"tags":[]},{"ancestorTitles":["addCredits"],"fullName":"addCredits respects maxBalance cap from config","status":"passed","title":"respects maxBalance cap from config","duration":0.21774999999979627,"failureMessages":[],"meta":{},"tags":[]},{"ancestorTitles":["addCredits"],"fullName":"addCredits throws when amount is not positive","status":"passed","title":"throws when amount is not positive","duration":0.8977919999997539,"failureMessages":[],"meta":{},"tags":[]},{"ancestorTitles":["addCredits"],"fullName":"addCredits throws when user not found","status":"passed","title":"throws when user not found","duration":0.244499999999789,"failureMessages":[],"meta":{},"tags":[]},{"ancestorTitles":["deductCredits"],"fullName":"deductCredits decreases balance and creates a transaction","status":"passed","title":"decreases balance and creates a transaction","duration":0.8132500000001528,"failureMessages":[],"meta":{},"tags":[]},{"ancestorTitles":["deductCredits"],"fullName":"deductCredits throws InsufficientCreditsError when balance is too low","status":"passed","title":"throws InsufficientCreditsError when balance is too low","duration":0.6692910000001575,"failureMessages":[],"meta":{},"tags":[]},{"ancestorTitles":["deductCredits"],"fullName":"deductCredits throws when amount is not positive","status":"passed","title":"throws when amount is not positive","duration":0.20083300000032978,"failureMessages":[],"meta":{},"tags":[]},{"ancestorTitles":["setBalance"],"fullName":"setBalance resets to exact value and records the delta","status":"passed","title":"resets to exact value and records the delta","duration":0.3687920000002123,"failureMessages":[],"meta":{},"tags":[]},{"ancestorTitles":["setBalance"],"fullName":"setBalance sets balance from zero","status":"passed","title":"sets balance from zero","duration":0.13570900000013353,"failureMessages":[],"meta":{},"tags":[]},{"ancestorTitles":["setBalance"],"fullName":"setBalance throws for negative balance","status":"passed","title":"throws for negative balance","duration":0.13741600000003018,"failureMessages":[],"meta":{},"tags":[]},{"ancestorTitles":["hasTransaction"],"fullName":"hasTransaction returns true when a matching transaction exists","status":"passed","title":"returns true when a matching transaction exists","duration":0.15791699999999764,"failureMessages":[],"meta":{},"tags":[]},{"ancestorTitles":["hasTransaction"],"fullName":"hasTransaction returns false when no matching transaction exists","status":"passed","title":"returns false when no matching transaction exists","duration":0.09524999999985084,"failureMessages":[],"meta":{},"tags":[]},{"ancestorTitles":["allocateMonthlyCredits"],"fullName":"allocateMonthlyCredits sets free_hours balance via setBalance","status":"passed","title":"sets free_hours balance via setBalance","duration":0.2519170000000486,"failureMessages":[],"meta":{},"tags":[]},{"ancestorTitles":["allocateMonthlyCredits"],"fullName":"allocateMonthlyCredits skips allocation when invoice was already processed","status":"passed","title":"skips allocation when invoice was already processed","duration":0.1554590000000644,"failureMessages":[],"meta":{},"tags":[]},{"ancestorTitles":["allocateEquipmentCredits"],"fullName":"allocateEquipmentCredits adds equipment credits via addCredits","status":"passed","title":"adds equipment credits via addCredits","duration":0.1532919999999649,"failureMessages":[],"meta":{},"tags":[]}],"startTime":1778719264555,"endTime":1778719264572.252,"status":"passed","message":"","name":"/Users/dcash/Projects/_sites/corvmc-svelte/src/lib/server/finance/credit-service.spec.ts"},{"assertionResults":[{"ancestorTitles":["calculateProcessingFee"],"fullName":"calculateProcessingFee calculates fee for a $25 charge","status":"passed","title":"calculates fee for a $25 charge","duration":1.9572910000001684,"failureMessages":[],"meta":{},"tags":[]},{"ancestorTitles":["calculateProcessingFee"],"fullName":"calculateProcessingFee calculates fee for a $5 charge","status":"passed","title":"calculates fee for a $5 charge","duration":0.3030839999998989,"failureMessages":[],"meta":{},"tags":[]},{"ancestorTitles":["calculateProcessingFee"],"fullName":"calculateProcessingFee returns 0 for zero amount","status":"passed","title":"returns 0 for zero amount","duration":0.26350000000002183,"failureMessages":[],"meta":{},"tags":[]},{"ancestorTitles":["calculateProcessingFee"],"fullName":"calculateProcessingFee returns 0 for negative amount","status":"passed","title":"returns 0 for negative amount","duration":0.5512079999998605,"failureMessages":[],"meta":{},"tags":[]},{"ancestorTitles":["calculateTotalWithFeeCoverage"],"fullName":"calculateTotalWithFeeCoverage calculates total so net equals base for $25","status":"passed","title":"calculates total so net equals base for $25","duration":0.8203340000000026,"failureMessages":[],"meta":{},"tags":[]},{"ancestorTitles":["calculateTotalWithFeeCoverage"],"fullName":"calculateTotalWithFeeCoverage calculates total so net equals base for $5","status":"passed","title":"calculates total so net equals base for $5","duration":0.31024999999999636,"failureMessages":[],"meta":{},"tags":[]},{"ancestorTitles":["calculateTotalWithFeeCoverage"],"fullName":"calculateTotalWithFeeCoverage returns zeros for zero base","status":"passed","title":"returns zeros for zero base","duration":0.8068749999999909,"failureMessages":[],"meta":{},"tags":[]},{"ancestorTitles":["calculateTotalWithFeeCoverage"],"fullName":"calculateTotalWithFeeCoverage returns zeros for negative base","status":"passed","title":"returns zeros for negative base","duration":0.14979199999993398,"failureMessages":[],"meta":{},"tags":[]}],"startTime":1778719262559,"endTime":1778719262565.15,"status":"passed","message":"","name":"/Users/dcash/Projects/_sites/corvmc-svelte/src/lib/server/finance/fees.spec.ts"},{"assertionResults":[{"ancestorTitles":["checkout"],"fullName":"checkout creates Checkout Session with no credits applied when none eligible","status":"passed","title":"creates Checkout Session with no credits applied when none eligible","duration":10.598167000000103,"failureMessages":[],"meta":{},"tags":[]},{"ancestorTitles":["checkout"],"fullName":"checkout applies partial credit discount via coupon","status":"passed","title":"applies partial credit discount via coupon","duration":3.3840000000000146,"failureMessages":[],"meta":{},"tags":[]},{"ancestorTitles":["checkout"],"fullName":"checkout returns paid: true when credits fully cover the cart","status":"passed","title":"returns paid: true when credits fully cover the cart","duration":3.943416999999954,"failureMessages":[],"meta":{},"tags":[]},{"ancestorTitles":["checkout"],"fullName":"checkout skips credit application for anonymous purchases","status":"passed","title":"skips credit application for anonymous purchases","duration":1.1316669999998794,"failureMessages":[],"meta":{},"tags":[]},{"ancestorTitles":["checkout"],"fullName":"checkout resolves cart total from price_data inline amounts","status":"passed","title":"resolves cart total from price_data inline amounts","duration":1.2560000000000855,"failureMessages":[],"meta":{},"tags":[]},{"ancestorTitles":["checkout"],"fullName":"checkout resolves cart total from Stripe price references","status":"passed","title":"resolves cart total from Stripe price references","duration":0.4694999999999254,"failureMessages":[],"meta":{},"tags":[]},{"ancestorTitles":["checkout"],"fullName":"checkout adds fee coverage line item when coverFees is true","status":"passed","title":"adds fee coverage line item when coverFees is true","duration":2.1773749999999836,"failureMessages":[],"meta":{},"tags":[]},{"ancestorTitles":["checkout"],"fullName":"checkout adds recurring interval to fee line item for subscriptions","status":"passed","title":"adds recurring interval to fee line item for subscriptions","duration":0.5585829999999987,"failureMessages":[],"meta":{},"tags":[]},{"ancestorTitles":["checkout"],"fullName":"checkout does not add fee item when coverFees is false","status":"passed","title":"does not add fee item when coverFees is false","duration":0.65625,"failureMessages":[],"meta":{},"tags":[]},{"ancestorTitles":["checkout"],"fullName":"checkout passes metadata through to Stripe session","status":"passed","title":"passes metadata through to Stripe session","duration":2.944834000000128,"failureMessages":[],"meta":{},"tags":[]},{"ancestorTitles":["checkout"],"fullName":"checkout throws when lineItems is empty","status":"passed","title":"throws when lineItems is empty","duration":2.52470900000003,"failureMessages":[],"meta":{},"tags":[]},{"ancestorTitles":["checkout"],"fullName":"checkout throws when subscription mode has no customer","status":"passed","title":"throws when subscription mode has no customer","duration":0.22233300000016243,"failureMessages":[],"meta":{},"tags":[]},{"ancestorTitles":["checkout"],"fullName":"checkout reverses completed deductions if a subsequent one fails","status":"passed","title":"reverses completed deductions if a subsequent one fails","duration":0.37570899999991525,"failureMessages":[],"meta":{},"tags":[]},{"ancestorTitles":["checkout"],"fullName":"checkout does not create coupon for subscription mode credits","status":"passed","title":"does not create coupon for subscription mode credits","duration":0.2809580000000551,"failureMessages":[],"meta":{},"tags":[]},{"ancestorTitles":["recordCashPayment"],"fullName":"recordCashPayment reports payment to Stripe with correct amount and metadata","status":"passed","title":"reports payment to Stripe with correct amount and metadata","duration":0.35495800000012423,"failureMessages":[],"meta":{},"tags":[]},{"ancestorTitles":["refund"],"fullName":"refund refunds card payment and reverses credits","status":"passed","title":"refunds card payment and reverses credits","duration":0.3242499999998927,"failureMessages":[],"meta":{},"tags":[]},{"ancestorTitles":["refund"],"fullName":"refund only reverses credits for credits-only payment","status":"passed","title":"only reverses credits for credits-only payment","duration":0.11704100000019935,"failureMessages":[],"meta":{},"tags":[]},{"ancestorTitles":["refund"],"fullName":"refund skips credit reversal when no userId provided","status":"passed","title":"skips credit reversal when no userId provided","duration":0.09154100000000653,"failureMessages":[],"meta":{},"tags":[]},{"ancestorTitles":["refund"],"fullName":"refund does nothing when no credits and no payment amount","status":"passed","title":"does nothing when no credits and no payment amount","duration":0.0695419999999558,"failureMessages":[],"meta":{},"tags":[]},{"ancestorTitles":["cancel"],"fullName":"cancel reverses optimistically deducted credits","status":"passed","title":"reverses optimistically deducted credits","duration":0.10508400000003348,"failureMessages":[],"meta":{},"tags":[]},{"ancestorTitles":["cancel"],"fullName":"cancel does nothing when no checkout session ID provided","status":"passed","title":"does nothing when no checkout session ID provided","duration":0.061208000000078755,"failureMessages":[],"meta":{},"tags":[]},{"ancestorTitles":["cancel"],"fullName":"cancel does nothing when no credits were deducted","status":"passed","title":"does nothing when no credits were deducted","duration":0.052042000000028565,"failureMessages":[],"meta":{},"tags":[]},{"ancestorTitles":["cancel"],"fullName":"cancel skips credit reversal when no userId","status":"passed","title":"skips credit reversal when no userId","duration":0.054791000000022905,"failureMessages":[],"meta":{},"tags":[]}],"startTime":1778719264580,"endTime":1778719264612.3242,"status":"passed","message":"","name":"/Users/dcash/Projects/_sites/corvmc-svelte/src/lib/server/finance/payment-service.spec.ts"},{"assertionResults":[{"ancestorTitles":["createCheckoutSession"],"fullName":"createCheckoutSession delegates to shared checkout with subscription mode","status":"passed","title":"delegates to shared checkout with subscription mode","duration":6.384958999999981,"failureMessages":[],"meta":{},"tags":[]},{"ancestorTitles":["createCheckoutSession"],"fullName":"createCheckoutSession passes coverFees through to shared checkout","status":"passed","title":"passes coverFees through to shared checkout","duration":0.312874999999849,"failureMessages":[],"meta":{},"tags":[]},{"ancestorTitles":["createCheckoutSession"],"fullName":"createCheckoutSession throws when quantity is less than 1","status":"passed","title":"throws when quantity is less than 1","duration":2.3810410000000957,"failureMessages":[],"meta":{},"tags":[]},{"ancestorTitles":["createCheckoutSession"],"fullName":"createCheckoutSession throws when checkout returns no URL","status":"passed","title":"throws when checkout returns no URL","duration":0.2843750000001819,"failureMessages":[],"meta":{},"tags":[]},{"ancestorTitles":["getSubscription"],"fullName":"getSubscription returns subscription info with fee coverage","status":"passed","title":"returns subscription info with fee coverage","duration":1.0846659999999702,"failureMessages":[],"meta":{},"tags":[]},{"ancestorTitles":["getSubscription"],"fullName":"getSubscription returns subscription info without fee coverage","status":"passed","title":"returns subscription info without fee coverage","duration":1.0848340000000007,"failureMessages":[],"meta":{},"tags":[]},{"ancestorTitles":["getSubscription"],"fullName":"getSubscription returns null when no active subscription","status":"passed","title":"returns null when no active subscription","duration":0.17325000000005275,"failureMessages":[],"meta":{},"tags":[]},{"ancestorTitles":["updateQuantity"],"fullName":"updateQuantity updates contribution quantity and adds fee item via price_data","status":"passed","title":"updates contribution quantity and adds fee item via price_data","duration":13.458750000000009,"failureMessages":[],"meta":{},"tags":[]},{"ancestorTitles":["updateQuantity"],"fullName":"updateQuantity removes existing fee item before adding new one","status":"passed","title":"removes existing fee item before adding new one","duration":10.693708000000015,"failureMessages":[],"meta":{},"tags":[]},{"ancestorTitles":["updateQuantity"],"fullName":"updateQuantity removes fee item when coverFees is false","status":"passed","title":"removes fee item when coverFees is false","duration":6.763999999999896,"failureMessages":[],"meta":{},"tags":[]},{"ancestorTitles":["updateQuantity"],"fullName":"updateQuantity throws when no active subscription","status":"passed","title":"throws when no active subscription","duration":0.5683340000000499,"failureMessages":[],"meta":{},"tags":[]},{"ancestorTitles":["updateQuantity"],"fullName":"updateQuantity throws when quantity is less than 1","status":"passed","title":"throws when quantity is less than 1","duration":32.903708999999935,"failureMessages":[],"meta":{},"tags":[]},{"ancestorTitles":["cancel"],"fullName":"cancel sets cancel_at_period_end to true","status":"passed","title":"sets cancel_at_period_end to true","duration":53.68937499999993,"failureMessages":[],"meta":{},"tags":[]},{"ancestorTitles":["cancel"],"fullName":"cancel throws when no active subscription","status":"passed","title":"throws when no active subscription","duration":5.313625000000002,"failureMessages":[],"meta":{},"tags":[]},{"ancestorTitles":["resume"],"fullName":"resume sets cancel_at_period_end to false","status":"passed","title":"sets cancel_at_period_end to false","duration":3.9048750000001746,"failureMessages":[],"meta":{},"tags":[]},{"ancestorTitles":["resume"],"fullName":"resume throws when subscription is not scheduled for cancellation","status":"passed","title":"throws when subscription is not scheduled for cancellation","duration":3.26237500000002,"failureMessages":[],"meta":{},"tags":[]},{"ancestorTitles":["resume"],"fullName":"resume throws when no active subscription","status":"passed","title":"throws when no active subscription","duration":2.2997080000000096,"failureMessages":[],"meta":{},"tags":[]},{"ancestorTitles":["createBillingPortalUrl"],"fullName":"createBillingPortalUrl creates a billing portal session and returns the URL","status":"passed","title":"creates a billing portal session and returns the URL","duration":3.2011250000000473,"failureMessages":[],"meta":{},"tags":[]},{"ancestorTitles":["createBillingPortalUrl"],"fullName":"createBillingPortalUrl returns null when no customer ID is provided","status":"passed","title":"returns null when no customer ID is provided","duration":0.3343330000000151,"failureMessages":[],"meta":{},"tags":[]}],"startTime":1778719262623,"endTime":1778719262790.3342,"status":"passed","message":"","name":"/Users/dcash/Projects/_sites/corvmc-svelte/src/lib/server/finance/subscription-service.spec.ts"},{"assertionResults":[{"ancestorTitles":["handleCheckoutCompleted"],"fullName":"handleCheckoutCompleted calls registered listeners with the session","status":"passed","title":"calls registered listeners with the session","duration":2.898833000000195,"failureMessages":[],"meta":{},"tags":[]},{"ancestorTitles":["handleCheckoutCompleted"],"fullName":"handleCheckoutCompleted calls multiple listeners in order","status":"passed","title":"calls multiple listeners in order","duration":0.6917500000004111,"failureMessages":[],"meta":{},"tags":[]},{"ancestorTitles":["handleInvoicePaid"],"fullName":"handleInvoicePaid allocates monthly credits based on subscription quantity","status":"passed","title":"allocates monthly credits based on subscription quantity","duration":0.45462499999985084,"failureMessages":[],"meta":{},"tags":[]},{"ancestorTitles":["handleInvoicePaid"],"fullName":"handleInvoicePaid handles customer as an object with id property","status":"passed","title":"handles customer as an object with id property","duration":0.1637500000001637,"failureMessages":[],"meta":{},"tags":[]},{"ancestorTitles":["handleInvoicePaid"],"fullName":"handleInvoicePaid skips non-subscription invoices","status":"passed","title":"skips non-subscription invoices","duration":0.24595899999985704,"failureMessages":[],"meta":{},"tags":[]},{"ancestorTitles":["handleInvoicePaid"],"fullName":"handleInvoicePaid skips lines without subscription_item_details","status":"passed","title":"skips lines without subscription_item_details","duration":0.5962499999995998,"failureMessages":[],"meta":{},"tags":[]},{"ancestorTitles":["handleInvoicePaid"],"fullName":"handleInvoicePaid warns when no user found for customer","status":"passed","title":"warns when no user found for customer","duration":0.7890830000001188,"failureMessages":[],"meta":{},"tags":[]},{"ancestorTitles":["handleSubscriptionDeleted"],"fullName":"handleSubscriptionDeleted resets free_hours balance to 0","status":"passed","title":"resets free_hours balance to 0","duration":0.2550419999997757,"failureMessages":[],"meta":{},"tags":[]},{"ancestorTitles":["handleSubscriptionDeleted"],"fullName":"handleSubscriptionDeleted warns when no user found for customer","status":"passed","title":"warns when no user found for customer","duration":0.2084170000002814,"failureMessages":[],"meta":{},"tags":[]}],"startTime":1778719265007,"endTime":1778719265013.2551,"status":"passed","message":"","name":"/Users/dcash/Projects/_sites/corvmc-svelte/src/lib/server/finance/webhook-handlers.spec.ts"},{"assertionResults":[{"ancestorTitles":["validateBooking"],"fullName":"validateBooking accepts a valid 1-hour booking within operating hours","status":"passed","title":"accepts a valid 1-hour booking within operating hours","duration":27.29312499999969,"failureMessages":[],"meta":{},"tags":[]},{"ancestorTitles":["validateBooking"],"fullName":"validateBooking accepts a valid 8-hour booking","status":"passed","title":"accepts a valid 8-hour booking","duration":0.3422920000002705,"failureMessages":[],"meta":{},"tags":[]},{"ancestorTitles":["validateBooking"],"fullName":"validateBooking accepts a booking ending exactly at operating hours end","status":"passed","title":"accepts a booking ending exactly at operating hours end","duration":0.19325000000026193,"failureMessages":[],"meta":{},"tags":[]},{"ancestorTitles":["validateBooking"],"fullName":"validateBooking rejects end time before start time","status":"passed","title":"rejects end time before start time","duration":0.21374999999989086,"failureMessages":[],"meta":{},"tags":[]},{"ancestorTitles":["validateBooking"],"fullName":"validateBooking rejects duration shorter than minimum","status":"passed","title":"rejects duration shorter than minimum","duration":0.09120900000016263,"failureMessages":[],"meta":{},"tags":[]},{"ancestorTitles":["validateBooking"],"fullName":"validateBooking rejects duration longer than maximum","status":"passed","title":"rejects duration longer than maximum","duration":0.08145899999999529,"failureMessages":[],"meta":{},"tags":[]},{"ancestorTitles":["validateBooking"],"fullName":"validateBooking rejects start time not on 30-minute boundary","status":"passed","title":"rejects start time not on 30-minute boundary","duration":0.09308300000020608,"failureMessages":[],"meta":{},"tags":[]},{"ancestorTitles":["validateBooking"],"fullName":"validateBooking rejects start time before operating hours","status":"passed","title":"rejects start time before operating hours","duration":0.1511249999998654,"failureMessages":[],"meta":{},"tags":[]},{"ancestorTitles":["validateBooking"],"fullName":"validateBooking rejects end time after operating hours","status":"passed","title":"rejects end time after operating hours","duration":0.192290999999841,"failureMessages":[],"meta":{},"tags":[]},{"ancestorTitles":["validateBooking"],"fullName":"validateBooking accepts half-hour boundaries","status":"passed","title":"accepts half-hour boundaries","duration":0.15508299999964947,"failureMessages":[],"meta":{},"tags":[]}],"startTime":1778719265415,"endTime":1778719265444.155,"status":"passed","message":"","name":"/Users/dcash/Projects/_sites/corvmc-svelte/src/lib/server/reservation/conflict-service.spec.ts"},{"assertionResults":[{"ancestorTitles":["ReservationService","create"],"fullName":"ReservationService create creates a reservation when validation passes and no conflict","status":"passed","title":"creates a reservation when validation passes and no conflict","duration":3.785999999999831,"failureMessages":[],"meta":{},"tags":[]},{"ancestorTitles":["ReservationService","create"],"fullName":"ReservationService create throws ReservationValidationError when time is invalid","status":"passed","title":"throws ReservationValidationError when time is invalid","duration":1.1748340000001463,"failureMessages":[],"meta":{},"tags":[]},{"ancestorTitles":["ReservationService","create"],"fullName":"ReservationService create throws ReservationConflictError when slot is taken","status":"passed","title":"throws ReservationConflictError when slot is taken","duration":0.9687920000001213,"failureMessages":[],"meta":{},"tags":[]},{"ancestorTitles":["ReservationService","cancel"],"fullName":"ReservationService cancel cancels a scheduled reservation without refund","status":"passed","title":"cancels a scheduled reservation without refund","duration":2.099083999999948,"failureMessages":[],"meta":{},"tags":[]},{"ancestorTitles":["ReservationService","cancel"],"fullName":"ReservationService cancel cancels a confirmed reservation and triggers refund","status":"passed","title":"cancels a confirmed reservation and triggers refund","duration":1.233667000000196,"failureMessages":[],"meta":{},"tags":[]},{"ancestorTitles":["ReservationService","cancel"],"fullName":"ReservationService cancel rejects cancellation by non-owner","status":"passed","title":"rejects cancellation by non-owner","duration":0.3391670000000886,"failureMessages":[],"meta":{},"tags":[]},{"ancestorTitles":["ReservationService","cancel"],"fullName":"ReservationService cancel rejects cancellation of already-cancelled reservation","status":"passed","title":"rejects cancellation of already-cancelled reservation","duration":0.5780839999999898,"failureMessages":[],"meta":{},"tags":[]}],"startTime":1778719265949,"endTime":1778719265959.5781,"status":"passed","message":"","name":"/Users/dcash/Projects/_sites/corvmc-svelte/src/lib/server/reservation/reservation-service.spec.ts"},{"assertionResults":[{"ancestorTitles":["Welcome.svelte"],"fullName":"Welcome.svelte renders greetings for host and guest","status":"passed","title":"renders greetings for host and guest","duration":8.5,"failureMessages":[],"location":{"line":7,"column":2},"meta":{},"tags":[]}],"startTime":1778719266357,"endTime":1778719266365.5,"status":"passed","message":"","name":"/Users/dcash/Projects/_sites/corvmc-svelte/src/lib/vitest-examples/Welcome.svelte.spec.ts"},{"assertionResults":[{"ancestorTitles":[],"fullName":"Primary","status":"passed","title":"Primary","duration":628.7999999523163,"failureMessages":[],"meta":{"storyId":"example-button--primary","componentPath":"./Button.svelte","componentName":"Button","reports":[{"type":"a11y","version":1,"result":{"testEngine":{"name":"axe-core","version":"4.11.4"},"testRunner":{"name":"axe"},"testEnvironment":{"userAgent":"Mozilla/5.0 (Macintosh; Intel Mac OS X 10_15_7) AppleWebKit/537.36 (KHTML, like Gecko) HeadlessChrome/148.0.7778.96 Safari/537.36","windowWidth":1200,"windowHeight":900,"orientationAngle":0,"orientationType":"landscape-primary"},"timestamp":"2026-05-14T00:41:07.496Z","url":"http://localhost:63316/?sessionId=cf27a4af-d7d6-4eff-b64b-60c7e83727c8&iframeId=/Users/dcash/Projects/_sites/corvmc-svelte/src/stories/Button.stories.svelte","toolOptions":{"reporter":"v1"},"inapplicable":[{"id":"accesskeys","impact":null,"tags":["cat.keyboard","best-practice"],"description":"Ensure every accesskey attribute value is unique","help":"accesskey attribute value should be unique","helpUrl":"https://dequeuniversity.com/rules/axe/4.11/accesskeys?application=axeAPI","nodes":[]},{"id":"area-alt","impact":null,"tags":["cat.text-alternatives","wcag2a","wcag244","wcag412","section508","section508.22.a","TTv5","TT6.a","EN-301-549","EN-9.2.4.4","EN-9.4.1.2","ACT","RGAAv4","RGAA-1.1.2"],"description":"Ensure <area> elements of image maps have alternative text","help":"Active <area> elements must have alternative text","helpUrl":"https://dequeuniversity.com/rules/axe/4.11/area-alt?application=axeAPI","nodes":[]},{"id":"aria-allowed-attr","impact":null,"tags":["cat.aria","wcag2a","wcag412","EN-301-549","EN-9.4.1.2","RGAAv4","RGAA-7.1.1"],"description":"Ensure an element's role supports its ARIA attributes","help":"Elements must only use supported ARIA attributes","helpUrl":"https://dequeuniversity.com/rules/axe/4.11/aria-allowed-attr?application=axeAPI","nodes":[]},{"id":"aria-allowed-role","impact":null,"tags":["cat.aria","best-practice"],"description":"Ensure role attribute has an appropriate value for the element","help":"ARIA role should be appropriate for the element","helpUrl":"https://dequeuniversity.com/rules/axe/4.11/aria-allowed-role?application=axeAPI","nodes":[]},{"id":"aria-braille-equivalent","impact":null,"tags":["cat.aria","wcag2a","wcag412","EN-301-549","EN-9.4.1.2"],"description":"Ensure aria-braillelabel and aria-brailleroledescription have a non-braille equivalent","help":"aria-braille attributes must have a non-braille equivalent","helpUrl":"https://dequeuniversity.com/rules/axe/4.11/aria-braille-equivalent?application=axeAPI","nodes":[]},{"id":"aria-command-name","impact":null,"tags":["cat.aria","wcag2a","wcag412","TTv5","TT6.a","EN-301-549","EN-9.4.1.2","ACT","RGAAv4","RGAA-11.9.1"],"description":"Ensure every ARIA button, link and menuitem has an accessible name","help":"ARIA commands must have an accessible name","helpUrl":"https://dequeuniversity.com/rules/axe/4.11/aria-command-name?application=axeAPI","nodes":[]},{"id":"aria-conditional-attr","impact":null,"tags":["cat.aria","wcag2a","wcag412","EN-301-549","EN-9.4.1.2","RGAAv4","RGAA-7.1.1"],"description":"Ensure ARIA attributes are used as described in the specification of the element's role","help":"ARIA attributes must be used as specified for the element's role","helpUrl":"https://dequeuniversity.com/rules/axe/4.11/aria-conditional-attr?application=axeAPI","nodes":[]},{"id":"aria-deprecated-role","impact":null,"tags":["cat.aria","wcag2a","wcag412","EN-301-549","EN-9.4.1.2","RGAAv4","RGAA-7.1.1"],"description":"Ensure elements do not use deprecated roles","help":"Deprecated ARIA roles must not be used","helpUrl":"https://dequeuniversity.com/rules/axe/4.11/aria-deprecated-role?application=axeAPI","nodes":[]},{"id":"aria-dialog-name","impact":null,"tags":["cat.aria","best-practice"],"description":"Ensure every ARIA dialog and alertdialog node has an accessible name","help":"ARIA dialog and alertdialog nodes should have an accessible name","helpUrl":"https://dequeuniversity.com/rules/axe/4.11/aria-dialog-name?application=axeAPI","nodes":[]},{"id":"aria-hidden-focus","impact":null,"tags":["cat.name-role-value","wcag2a","wcag412","TTv5","TT6.a","EN-301-549","EN-9.4.1.2","RGAAv4","RGAA-10.8.1"],"description":"Ensure aria-hidden elements are not focusable nor contain focusable elements","help":"ARIA hidden element must not be focusable or contain focusable elements","helpUrl":"https://dequeuniversity.com/rules/axe/4.11/aria-hidden-focus?application=axeAPI","nodes":[]},{"id":"aria-input-field-name","impact":null,"tags":["cat.aria","wcag2a","wcag412","TTv5","TT5.c","EN-301-549","EN-9.4.1.2","ACT","RGAAv4","RGAA-11.1.1"],"description":"Ensure every ARIA input field has an accessible name","help":"ARIA input fields must have an accessible name","helpUrl":"https://dequeuniversity.com/rules/axe/4.11/aria-input-field-name?application=axeAPI","nodes":[]},{"id":"aria-meter-name","impact":null,"tags":["cat.aria","wcag2a","wcag111","EN-301-549","EN-9.1.1.1","RGAAv4","RGAA-11.1.1"],"description":"Ensure every ARIA meter node has an accessible name","help":"ARIA meter nodes must have an accessible name","helpUrl":"https://dequeuniversity.com/rules/axe/4.11/aria-meter-name?application=axeAPI","nodes":[]},{"id":"aria-progressbar-name","impact":null,"tags":["cat.aria","wcag2a","wcag111","EN-301-549","EN-9.1.1.1","RGAAv4","RGAA-11.1.1"],"description":"Ensure every ARIA progressbar node has an accessible name","help":"ARIA progressbar nodes must have an accessible name","helpUrl":"https://dequeuniversity.com/rules/axe/4.11/aria-progressbar-name?application=axeAPI","nodes":[]},{"id":"aria-prohibited-attr","impact":null,"tags":["cat.aria","wcag2a","wcag412","EN-301-549","EN-9.4.1.2","RGAAv4","RGAA-7.1.1"],"description":"Ensure ARIA attributes are not prohibited for an element's role","help":"Elements must only use permitted ARIA attributes","helpUrl":"https://dequeuniversity.com/rules/axe/4.11/aria-prohibited-attr?application=axeAPI","nodes":[]},{"id":"aria-required-attr","impact":null,"tags":["cat.aria","wcag2a","wcag412","EN-301-549","EN-9.4.1.2","RGAAv4","RGAA-7.1.1"],"description":"Ensure elements with ARIA roles have all required ARIA attributes","help":"Required ARIA attributes must be provided","helpUrl":"https://dequeuniversity.com/rules/axe/4.11/aria-required-attr?application=axeAPI","nodes":[]},{"id":"aria-required-children","impact":null,"tags":["cat.aria","wcag2a","wcag131","EN-301-549","EN-9.1.3.1","RGAAv4","RGAA-9.3.1"],"description":"Ensure elements with an ARIA role that require child roles contain them","help":"Certain ARIA roles must contain particular children","helpUrl":"https://dequeuniversity.com/rules/axe/4.11/aria-required-children?application=axeAPI","nodes":[]},{"id":"aria-required-parent","impact":null,"tags":["cat.aria","wcag2a","wcag131","EN-301-549","EN-9.1.3.1","RGAAv4","RGAA-9.3.1"],"description":"Ensure elements with an ARIA role that require parent roles are contained by them","help":"Certain ARIA roles must be contained by particular parents","helpUrl":"https://dequeuniversity.com/rules/axe/4.11/aria-required-parent?application=axeAPI","nodes":[]},{"id":"aria-roles","impact":null,"tags":["cat.aria","wcag2a","wcag412","EN-301-549","EN-9.4.1.2","RGAAv4","RGAA-7.1.1"],"description":"Ensure all elements with a role attribute use a valid value","help":"ARIA roles used must conform to valid values","helpUrl":"https://dequeuniversity.com/rules/axe/4.11/aria-roles?application=axeAPI","nodes":[]},{"id":"aria-text","impact":null,"tags":["cat.aria","best-practice"],"description":"Ensure role=\"text\" is used on elements with no focusable descendants","help":"\"role=text\" should have no focusable descendants","helpUrl":"https://dequeuniversity.com/rules/axe/4.11/aria-text?application=axeAPI","nodes":[]},{"id":"aria-toggle-field-name","impact":null,"tags":["cat.aria","wcag2a","wcag412","TTv5","TT5.c","EN-301-549","EN-9.4.1.2","ACT","RGAAv4","RGAA-7.1.1"],"description":"Ensure every ARIA toggle field has an accessible name","help":"ARIA toggle fields must have an accessible name","helpUrl":"https://dequeuniversity.com/rules/axe/4.11/aria-toggle-field-name?application=axeAPI","nodes":[]},{"id":"aria-tooltip-name","impact":null,"tags":["cat.aria","wcag2a","wcag412","EN-301-549","EN-9.4.1.2"],"description":"Ensure every ARIA tooltip node has an accessible name","help":"ARIA tooltip nodes must have an accessible name","helpUrl":"https://dequeuniversity.com/rules/axe/4.11/aria-tooltip-name?application=axeAPI","nodes":[]},{"id":"aria-treeitem-name","impact":null,"tags":["cat.aria","best-practice"],"description":"Ensure every ARIA treeitem node has an accessible name","help":"ARIA treeitem nodes should have an accessible name","helpUrl":"https://dequeuniversity.com/rules/axe/4.11/aria-treeitem-name?application=axeAPI","nodes":[]},{"id":"aria-valid-attr-value","impact":null,"tags":["cat.aria","wcag2a","wcag412","EN-301-549","EN-9.4.1.2","RGAAv4","RGAA-7.1.1"],"description":"Ensure all ARIA attributes have valid values","help":"ARIA attributes must conform to valid values","helpUrl":"https://dequeuniversity.com/rules/axe/4.11/aria-valid-attr-value?application=axeAPI","nodes":[]},{"id":"aria-valid-attr","impact":null,"tags":["cat.aria","wcag2a","wcag412","EN-301-549","EN-9.4.1.2","RGAAv4","RGAA-7.1.1"],"description":"Ensure attributes that begin with aria- are valid ARIA attributes","help":"ARIA attributes must conform to valid names","helpUrl":"https://dequeuniversity.com/rules/axe/4.11/aria-valid-attr?application=axeAPI","nodes":[]},{"id":"autocomplete-valid","impact":null,"tags":["cat.forms","wcag21aa","wcag135","EN-301-549","EN-9.1.3.5","ACT","RGAAv4","RGAA-11.13.1"],"description":"Ensure the autocomplete attribute is correct and suitable for the form field","help":"autocomplete attribute must be used correctly","helpUrl":"https://dequeuniversity.com/rules/axe/4.11/autocomplete-valid?application=axeAPI","nodes":[]},{"id":"blink","impact":null,"tags":["cat.time-and-media","wcag2a","wcag222","section508","section508.22.j","TTv5","TT2.b","EN-301-549","EN-9.2.2.2","RGAAv4","RGAA-13.8.1"],"description":"Ensure <blink> elements are not used","help":"<blink> elements are deprecated and must not be used","helpUrl":"https://dequeuniversity.com/rules/axe/4.11/blink?application=axeAPI","nodes":[]},{"id":"definition-list","impact":null,"tags":["cat.structure","wcag2a","wcag131","EN-301-549","EN-9.1.3.1","RGAAv4","RGAA-9.3.3"],"description":"Ensure <dl> elements are structured correctly","help":"<dl> elements must only directly contain properly-ordered <dt> and <dd> groups, <script>, <template> or <div> elements","helpUrl":"https://dequeuniversity.com/rules/axe/4.11/definition-list?application=axeAPI","nodes":[]},{"id":"dlitem","impact":null,"tags":["cat.structure","wcag2a","wcag131","EN-301-549","EN-9.1.3.1","RGAAv4","RGAA-9.3.3"],"description":"Ensure <dt> and <dd> elements are contained by a <dl>","help":"<dt> and <dd> elements must be contained by a <dl>","helpUrl":"https://dequeuniversity.com/rules/axe/4.11/dlitem?application=axeAPI","nodes":[]},{"id":"document-title","impact":null,"tags":["cat.text-alternatives","wcag2a","wcag242","TTv5","TT12.a","EN-301-549","EN-9.2.4.2","ACT","RGAAv4","RGAA-8.5.1"],"description":"Ensure each HTML document contains a non-empty <title> element","help":"Documents must have <title> element to aid in navigation","helpUrl":"https://dequeuniversity.com/rules/axe/4.11/document-title?application=axeAPI","nodes":[]},{"id":"duplicate-id-aria","impact":null,"tags":["cat.parsing","wcag2a","wcag412","EN-301-549","EN-9.4.1.2","RGAAv4","RGAA-8.2.1"],"description":"Ensure every id attribute value used in ARIA and in labels is unique","help":"IDs used in ARIA and labels must be unique","helpUrl":"https://dequeuniversity.com/rules/axe/4.11/duplicate-id-aria?application=axeAPI","nodes":[]},{"id":"empty-heading","impact":null,"tags":["cat.name-role-value","best-practice"],"description":"Ensure headings have discernible text","help":"Headings should not be empty","helpUrl":"https://dequeuniversity.com/rules/axe/4.11/empty-heading?application=axeAPI","nodes":[]},{"id":"empty-table-header","impact":null,"tags":["cat.name-role-value","best-practice"],"description":"Ensure table headers have discernible text","help":"Table header text should not be empty","helpUrl":"https://dequeuniversity.com/rules/axe/4.11/empty-table-header?application=axeAPI","nodes":[]},{"id":"form-field-multiple-labels","impact":null,"tags":["cat.forms","wcag2a","wcag332","TTv5","TT5.c","EN-301-549","EN-9.3.3.2","RGAAv4","RGAA-11.2.1"],"description":"Ensure form field does not have multiple label elements","help":"Form field must not have multiple label elements","helpUrl":"https://dequeuniversity.com/rules/axe/4.11/form-field-multiple-labels?application=axeAPI","nodes":[]},{"id":"frame-focusable-content","impact":null,"tags":["cat.keyboard","wcag2a","wcag211","TTv5","TT4.a","EN-301-549","EN-9.2.1.1","RGAAv4","RGAA-7.3.2"],"description":"Ensure <frame> and <iframe> elements with focusable content do not have tabindex=-1","help":"Frames with focusable content must not have tabindex=-1","helpUrl":"https://dequeuniversity.com/rules/axe/4.11/frame-focusable-content?application=axeAPI","nodes":[]},{"id":"frame-tested","impact":null,"tags":["cat.structure","best-practice","review-item"],"description":"Ensure <iframe> and <frame> elements contain the axe-core script","help":"Frames should be tested with axe-core","helpUrl":"https://dequeuniversity.com/rules/axe/4.11/frame-tested?application=axeAPI","nodes":[]},{"id":"frame-title-unique","impact":null,"tags":["cat.text-alternatives","wcag2a","wcag412","TTv5","TT12.d","EN-301-549","EN-9.4.1.2","RGAAv4","RGAA-2.2.1"],"description":"Ensure <iframe> and <frame> elements contain a unique title attribute","help":"Frames must have a unique title attribute","helpUrl":"https://dequeuniversity.com/rules/axe/4.11/frame-title-unique?application=axeAPI","nodes":[]},{"id":"frame-title","impact":null,"tags":["cat.text-alternatives","wcag2a","wcag412","section508","section508.22.i","TTv5","TT12.d","EN-301-549","EN-9.4.1.2","RGAAv4","RGAA-2.1.1"],"description":"Ensure <iframe> and <frame> elements have an accessible name","help":"Frames must have an accessible name","helpUrl":"https://dequeuniversity.com/rules/axe/4.11/frame-title?application=axeAPI","nodes":[]},{"id":"heading-order","impact":null,"tags":["cat.semantics","best-practice"],"description":"Ensure the order of headings is semantically correct","help":"Heading levels should only increase by one","helpUrl":"https://dequeuniversity.com/rules/axe/4.11/heading-order?application=axeAPI","nodes":[]},{"id":"html-has-lang","impact":null,"tags":["cat.language","wcag2a","wcag311","TTv5","TT11.a","EN-301-549","EN-9.3.1.1","ACT","RGAAv4","RGAA-8.3.1"],"description":"Ensure every HTML document has a lang attribute","help":"<html> element must have a lang attribute","helpUrl":"https://dequeuniversity.com/rules/axe/4.11/html-has-lang?application=axeAPI","nodes":[]},{"id":"html-lang-valid","impact":null,"tags":["cat.language","wcag2a","wcag311","TTv5","TT11.a","EN-301-549","EN-9.3.1.1","ACT","RGAAv4","RGAA-8.4.1"],"description":"Ensure the lang attribute of the <html> element has a valid value","help":"<html> element must have a valid value for the lang attribute","helpUrl":"https://dequeuniversity.com/rules/axe/4.11/html-lang-valid?application=axeAPI","nodes":[]},{"id":"html-xml-lang-mismatch","impact":null,"tags":["cat.language","wcag2a","wcag311","EN-301-549","EN-9.3.1.1","ACT","RGAAv4","RGAA-8.3.1"],"description":"Ensure that HTML elements with both valid lang and xml:lang attributes agree on the base language of the page","help":"HTML elements with lang and xml:lang must have the same base language","helpUrl":"https://dequeuniversity.com/rules/axe/4.11/html-xml-lang-mismatch?application=axeAPI","nodes":[]},{"id":"image-alt","impact":null,"tags":["cat.text-alternatives","wcag2a","wcag111","section508","section508.22.a","TTv5","TT7.a","TT7.b","EN-301-549","EN-9.1.1.1","ACT","RGAAv4","RGAA-1.1.1"],"description":"Ensure <img> elements have alternative text or a role of none or presentation","help":"Images must have alternative text","helpUrl":"https://dequeuniversity.com/rules/axe/4.11/image-alt?application=axeAPI","nodes":[]},{"id":"image-redundant-alt","impact":null,"tags":["cat.text-alternatives","best-practice"],"description":"Ensure image alternative is not repeated as text","help":"Alternative text of images should not be repeated as text","helpUrl":"https://dequeuniversity.com/rules/axe/4.11/image-redundant-alt?application=axeAPI","nodes":[]},{"id":"input-button-name","impact":null,"tags":["cat.name-role-value","wcag2a","wcag412","section508","section508.22.a","TTv5","TT5.c","EN-301-549","EN-9.4.1.2","ACT","RGAAv4","RGAA-11.9.1"],"description":"Ensure input buttons have discernible text","help":"Input buttons must have discernible text","helpUrl":"https://dequeuniversity.com/rules/axe/4.11/input-button-name?application=axeAPI","nodes":[]},{"id":"input-image-alt","impact":null,"tags":["cat.text-alternatives","wcag2a","wcag111","wcag412","section508","section508.22.a","TTv5","TT7.a","EN-301-549","EN-9.1.1.1","EN-9.4.1.2","ACT","RGAAv4","RGAA-1.1.3"],"description":"Ensure <input type=\"image\"> elements have alternative text","help":"Image buttons must have alternative text","helpUrl":"https://dequeuniversity.com/rules/axe/4.11/input-image-alt?application=axeAPI","nodes":[]},{"id":"label-title-only","impact":null,"tags":["cat.forms","best-practice"],"description":"Ensure that every form element has a visible label and is not solely labeled using hidden labels, or the title or aria-describedby attributes","help":"Form elements should have a visible label","helpUrl":"https://dequeuniversity.com/rules/axe/4.11/label-title-only?application=axeAPI","nodes":[]},{"id":"label","impact":null,"tags":["cat.forms","wcag2a","wcag412","section508","section508.22.n","TTv5","TT5.c","EN-301-549","EN-9.4.1.2","ACT","RGAAv4","RGAA-11.1.1"],"description":"Ensure every form element has a label","help":"Form elements must have labels","helpUrl":"https://dequeuniversity.com/rules/axe/4.11/label?application=axeAPI","nodes":[]},{"id":"landmark-banner-is-top-level","impact":null,"tags":["cat.semantics","best-practice"],"description":"Ensure the banner landmark is at top level","help":"Banner landmark should not be contained in another landmark","helpUrl":"https://dequeuniversity.com/rules/axe/4.11/landmark-banner-is-top-level?application=axeAPI","nodes":[]},{"id":"landmark-complementary-is-top-level","impact":null,"tags":["cat.semantics","best-practice"],"description":"Ensure the complementary landmark or aside is at top level","help":"Aside should not be contained in another landmark","helpUrl":"https://dequeuniversity.com/rules/axe/4.11/landmark-complementary-is-top-level?application=axeAPI","nodes":[]},{"id":"landmark-contentinfo-is-top-level","impact":null,"tags":["cat.semantics","best-practice"],"description":"Ensure the contentinfo landmark is at top level","help":"Contentinfo landmark should not be contained in another landmark","helpUrl":"https://dequeuniversity.com/rules/axe/4.11/landmark-contentinfo-is-top-level?application=axeAPI","nodes":[]},{"id":"landmark-main-is-top-level","impact":null,"tags":["cat.semantics","best-practice"],"description":"Ensure the main landmark is at top level","help":"Main landmark should not be contained in another landmark","helpUrl":"https://dequeuniversity.com/rules/axe/4.11/landmark-main-is-top-level?application=axeAPI","nodes":[]},{"id":"landmark-no-duplicate-banner","impact":null,"tags":["cat.semantics","best-practice"],"description":"Ensure the document has at most one banner landmark","help":"Document should not have more than one banner landmark","helpUrl":"https://dequeuniversity.com/rules/axe/4.11/landmark-no-duplicate-banner?application=axeAPI","nodes":[]},{"id":"landmark-no-duplicate-contentinfo","impact":null,"tags":["cat.semantics","best-practice"],"description":"Ensure the document has at most one contentinfo landmark","help":"Document should not have more than one contentinfo landmark","helpUrl":"https://dequeuniversity.com/rules/axe/4.11/landmark-no-duplicate-contentinfo?application=axeAPI","nodes":[]},{"id":"landmark-no-duplicate-main","impact":null,"tags":["cat.semantics","best-practice"],"description":"Ensure the document has at most one main landmark","help":"Document should not have more than one main landmark","helpUrl":"https://dequeuniversity.com/rules/axe/4.11/landmark-no-duplicate-main?application=axeAPI","nodes":[]},{"id":"landmark-one-main","impact":null,"tags":["cat.semantics","best-practice"],"description":"Ensure the document has a main landmark","help":"Document should have one main landmark","helpUrl":"https://dequeuniversity.com/rules/axe/4.11/landmark-one-main?application=axeAPI","nodes":[]},{"id":"landmark-unique","impact":null,"tags":["cat.semantics","best-practice"],"description":"Ensure landmarks are unique","help":"Landmarks should have a unique role or role/label/title (i.e. accessible name) combination","helpUrl":"https://dequeuniversity.com/rules/axe/4.11/landmark-unique?application=axeAPI","nodes":[]},{"id":"link-in-text-block","impact":null,"tags":["cat.color","wcag2a","wcag141","TTv5","TT13.a","EN-301-549","EN-9.1.4.1","RGAAv4","RGAA-10.6.1"],"description":"Ensure links are distinguished from surrounding text in a way that does not rely on color","help":"Links must be distinguishable without relying on color","helpUrl":"https://dequeuniversity.com/rules/axe/4.11/link-in-text-block?application=axeAPI","nodes":[]},{"id":"link-name","impact":null,"tags":["cat.name-role-value","wcag2a","wcag244","wcag412","section508","section508.22.a","TTv5","TT6.a","EN-301-549","EN-9.2.4.4","EN-9.4.1.2","ACT","RGAAv4","RGAA-6.2.1"],"description":"Ensure links have discernible text","help":"Links must have discernible text","helpUrl":"https://dequeuniversity.com/rules/axe/4.11/link-name?application=axeAPI","nodes":[]},{"id":"list","impact":null,"tags":["cat.structure","wcag2a","wcag131","EN-301-549","EN-9.1.3.1","RGAAv4","RGAA-9.3.1"],"description":"Ensure that lists are structured correctly","help":"<ul> and <ol> must only directly contain <li>, <script> or <template> elements","helpUrl":"https://dequeuniversity.com/rules/axe/4.11/list?application=axeAPI","nodes":[]},{"id":"listitem","impact":null,"tags":["cat.structure","wcag2a","wcag131","EN-301-549","EN-9.1.3.1","RGAAv4","RGAA-9.3.1"],"description":"Ensure <li> elements are used semantically","help":"<li> elements must be contained in a <ul> or <ol>","helpUrl":"https://dequeuniversity.com/rules/axe/4.11/listitem?application=axeAPI","nodes":[]},{"id":"marquee","impact":null,"tags":["cat.parsing","wcag2a","wcag222","TTv5","TT2.b","EN-301-549","EN-9.2.2.2","RGAAv4","RGAA-13.8.1"],"description":"Ensure <marquee> elements are not used","help":"<marquee> elements are deprecated and must not be used","helpUrl":"https://dequeuniversity.com/rules/axe/4.11/marquee?application=axeAPI","nodes":[]},{"id":"meta-refresh","impact":null,"tags":["cat.time-and-media","wcag2a","wcag221","TTv5","TT8.a","EN-301-549","EN-9.2.2.1","RGAAv4","RGAA-13.1.2"],"description":"Ensure <meta http-equiv=\"refresh\"> is not used for delayed refresh","help":"Delayed refresh under 20 hours must not be used","helpUrl":"https://dequeuniversity.com/rules/axe/4.11/meta-refresh?application=axeAPI","nodes":[]},{"id":"meta-viewport-large","impact":null,"tags":["cat.sensory-and-visual-cues","best-practice"],"description":"Ensure <meta name=\"viewport\"> can scale a significant amount","help":"Users should be able to zoom and scale the text up to 500%","helpUrl":"https://dequeuniversity.com/rules/axe/4.11/meta-viewport-large?application=axeAPI","nodes":[]},{"id":"meta-viewport","impact":null,"tags":["cat.sensory-and-visual-cues","wcag2aa","wcag144","EN-301-549","EN-9.1.4.4","ACT","RGAAv4","RGAA-10.4.2"],"description":"Ensure <meta name=\"viewport\"> does not disable text scaling and zooming","help":"Zooming and scaling must not be disabled","helpUrl":"https://dequeuniversity.com/rules/axe/4.11/meta-viewport?application=axeAPI","nodes":[]},{"id":"object-alt","impact":null,"tags":["cat.text-alternatives","wcag2a","wcag111","section508","section508.22.a","EN-301-549","EN-9.1.1.1","RGAAv4","RGAA-1.1.6"],"description":"Ensure <object> elements have alternative text","help":"<object> elements must have alternative text","helpUrl":"https://dequeuniversity.com/rules/axe/4.11/object-alt?application=axeAPI","nodes":[]},{"id":"page-has-heading-one","impact":null,"tags":["cat.semantics","best-practice"],"description":"Ensure that the page, or at least one of its frames contains a level-one heading","help":"Page should contain a level-one heading","helpUrl":"https://dequeuniversity.com/rules/axe/4.11/page-has-heading-one?application=axeAPI","nodes":[]},{"id":"presentation-role-conflict","impact":null,"tags":["cat.aria","best-practice","ACT"],"description":"Ensure elements marked as presentational do not have global ARIA or tabindex so that all screen readers ignore them","help":"Elements marked as presentational should be consistently ignored","helpUrl":"https://dequeuniversity.com/rules/axe/4.11/presentation-role-conflict?application=axeAPI","nodes":[]},{"id":"role-img-alt","impact":null,"tags":["cat.text-alternatives","wcag2a","wcag111","section508","section508.22.a","TTv5","TT7.a","EN-301-549","EN-9.1.1.1","ACT","RGAAv4","RGAA-1.1.1"],"description":"Ensure [role=\"img\"] elements have alternative text","help":"[role=\"img\"] elements must have alternative text","helpUrl":"https://dequeuniversity.com/rules/axe/4.11/role-img-alt?application=axeAPI","nodes":[]},{"id":"scope-attr-valid","impact":null,"tags":["cat.tables","best-practice"],"description":"Ensure the scope attribute is used correctly on tables","help":"scope attribute should be used correctly","helpUrl":"https://dequeuniversity.com/rules/axe/4.11/scope-attr-valid?application=axeAPI","nodes":[]},{"id":"scrollable-region-focusable","impact":null,"tags":["cat.keyboard","wcag2a","wcag211","wcag213","TTv5","TT4.a","EN-301-549","EN-9.2.1.1","EN-9.2.1.3","RGAAv4","RGAA-7.3.2"],"description":"Ensure elements that have scrollable content are accessible by keyboard in Safari","help":"Scrollable region must have keyboard access","helpUrl":"https://dequeuniversity.com/rules/axe/4.11/scrollable-region-focusable?application=axeAPI","nodes":[]},{"id":"select-name","impact":null,"tags":["cat.forms","wcag2a","wcag412","section508","section508.22.n","TTv5","TT5.c","EN-301-549","EN-9.4.1.2","ACT","RGAAv4","RGAA-11.1.1"],"description":"Ensure select element has an accessible name","help":"Select element must have an accessible name","helpUrl":"https://dequeuniversity.com/rules/axe/4.11/select-name?application=axeAPI","nodes":[]},{"id":"server-side-image-map","impact":null,"tags":["cat.text-alternatives","wcag2a","wcag211","section508","section508.22.f","TTv5","TT4.a","EN-301-549","EN-9.2.1.1","RGAAv4","RGAA-1.1.4"],"description":"Ensure that server-side image maps are not used","help":"Server-side image maps must not be used","helpUrl":"https://dequeuniversity.com/rules/axe/4.11/server-side-image-map?application=axeAPI","nodes":[]},{"id":"skip-link","impact":null,"tags":["cat.keyboard","best-practice","RGAAv4","RGAA-12.7.1"],"description":"Ensure all skip links have a focusable target","help":"The skip-link target should exist and be focusable","helpUrl":"https://dequeuniversity.com/rules/axe/4.11/skip-link?application=axeAPI","nodes":[]},{"id":"summary-name","impact":null,"tags":["cat.name-role-value","wcag2a","wcag412","section508","section508.22.a","TTv5","TT6.a","EN-301-549","EN-9.4.1.2"],"description":"Ensure summary elements have discernible text","help":"Summary elements must have discernible text","helpUrl":"https://dequeuniversity.com/rules/axe/4.11/summary-name?application=axeAPI","nodes":[]},{"id":"svg-img-alt","impact":null,"tags":["cat.text-alternatives","wcag2a","wcag111","section508","section508.22.a","TTv5","TT7.a","EN-301-549","EN-9.1.1.1","ACT","RGAAv4","RGAA-1.1.5"],"description":"Ensure <svg> elements with an img, graphics-document or graphics-symbol role have accessible text","help":"<svg> elements with an img role must have alternative text","helpUrl":"https://dequeuniversity.com/rules/axe/4.11/svg-img-alt?application=axeAPI","nodes":[]},{"id":"tabindex","impact":null,"tags":["cat.keyboard","best-practice"],"description":"Ensure tabindex attribute values are not greater than 0","help":"Elements should not have tabindex greater than zero","helpUrl":"https://dequeuniversity.com/rules/axe/4.11/tabindex?application=axeAPI","nodes":[]},{"id":"table-duplicate-name","impact":null,"tags":["cat.tables","best-practice","RGAAv4","RGAA-5.2.1"],"description":"Ensure the <caption> element does not contain the same text as the summary attribute","help":"Tables should not have the same summary and caption","helpUrl":"https://dequeuniversity.com/rules/axe/4.11/table-duplicate-name?application=axeAPI","nodes":[]},{"id":"td-headers-attr","impact":null,"tags":["cat.tables","wcag2a","wcag131","section508","section508.22.g","TTv5","TT14.b","EN-301-549","EN-9.1.3.1","RGAAv4","RGAA-5.7.4"],"description":"Ensure that each cell in a table that uses the headers attribute refers only to other <th> elements in that table","help":"Table cell headers attributes must refer to other <th> elements in the same table","helpUrl":"https://dequeuniversity.com/rules/axe/4.11/td-headers-attr?application=axeAPI","nodes":[]},{"id":"th-has-data-cells","impact":null,"tags":["cat.tables","wcag2a","wcag131","section508","section508.22.g","TTv5","TT14.b","EN-301-549","EN-9.1.3.1","RGAAv4","RGAA-5.7.1"],"description":"Ensure that <th> elements and elements with role=columnheader/rowheader have data cells they describe","help":"Table headers in a data table must refer to data cells","helpUrl":"https://dequeuniversity.com/rules/axe/4.11/th-has-data-cells?application=axeAPI","nodes":[]},{"id":"valid-lang","impact":null,"tags":["cat.language","wcag2aa","wcag312","TTv5","TT11.b","EN-301-549","EN-9.3.1.2","ACT","RGAAv4","RGAA-8.8.1"],"description":"Ensure lang attributes have valid values","help":"lang attribute must have a valid value","helpUrl":"https://dequeuniversity.com/rules/axe/4.11/valid-lang?application=axeAPI","nodes":[]},{"id":"video-caption","impact":null,"tags":["cat.text-alternatives","wcag2a","wcag122","section508","section508.22.a","TTv5","TT17.a","EN-301-549","EN-9.1.2.2","RGAAv4","RGAA-4.3.1"],"description":"Ensure <video> elements have captions","help":"<video> elements must have captions","helpUrl":"https://dequeuniversity.com/rules/axe/4.11/video-caption?application=axeAPI","nodes":[]},{"id":"no-autoplay-audio","impact":null,"tags":["cat.time-and-media","wcag2a","wcag142","TTv5","TT2.a","EN-301-549","EN-9.1.4.2","ACT","RGAAv4","RGAA-4.10.1"],"description":"Ensure <video> or <audio> elements do not autoplay audio for more than 3 seconds without a control mechanism to stop or mute the audio","help":"<video> or <audio> elements must not play automatically","helpUrl":"https://dequeuniversity.com/rules/axe/4.11/no-autoplay-audio?application=axeAPI","nodes":[]}],"passes":[{"id":"aria-hidden-body","impact":null,"tags":["cat.aria","wcag2a","wcag131","wcag412","EN-301-549","EN-9.1.3.1","EN-9.4.1.2","RGAAv4","RGAA-10.8.1"],"description":"Ensure aria-hidden=\"true\" is not present on the document body.","help":"aria-hidden=\"true\" must not be present on the document body","helpUrl":"https://dequeuniversity.com/rules/axe/4.11/aria-hidden-body?application=axeAPI","nodes":[{"id":"passes.aria-hidden-body.1","any":[{"id":"aria-hidden-body","data":null,"relatedNodes":[],"impact":"critical","message":"No aria-hidden attribute is present on document body"}],"all":[],"none":[],"impact":null,"html":"<body>","target":["body"],"linkPath":"/?path=/story/example-button--primary&addonPanel=storybook/a11y/panel&a11ySelection=passes.aria-hidden-body.1"}]},{"id":"avoid-inline-spacing","impact":null,"tags":["cat.structure","wcag21aa","wcag1412","EN-301-549","EN-9.1.4.12","ACT"],"description":"Ensure that text spacing set through style attributes can be adjusted with custom stylesheets","help":"Inline text spacing must be adjustable with custom stylesheets","helpUrl":"https://dequeuniversity.com/rules/axe/4.11/avoid-inline-spacing?application=axeAPI","nodes":[{"id":"passes.avoid-inline-spacing.1","any":[],"all":[{"id":"important-letter-spacing","data":null,"relatedNodes":[],"impact":"serious","message":"Letter-spacing in the style attribute is not set to !important, or meets the minimum"},{"id":"important-word-spacing","data":null,"relatedNodes":[],"impact":"serious","message":"word-spacing in the style attribute is not set to !important, or meets the minimum"},{"id":"important-line-height","data":null,"relatedNodes":[],"impact":"serious","message":"line-height in the style attribute is not set to !important, or meets the minimum"}],"none":[],"impact":null,"html":"<button type=\"button\" class=\"storybook-button storybook-button--medium storybook-button--primary\" style=\"\">Button</button>","target":[".storybook-button"],"linkPath":"/?path=/story/example-button--primary&addonPanel=storybook/a11y/panel&a11ySelection=passes.avoid-inline-spacing.1"}]},{"id":"button-name","impact":null,"tags":["cat.name-role-value","wcag2a","wcag412","section508","section508.22.a","TTv5","TT6.a","EN-301-549","EN-9.4.1.2","ACT","RGAAv4","RGAA-11.9.1"],"description":"Ensure buttons have discernible text","help":"Buttons must have discernible text","helpUrl":"https://dequeuniversity.com/rules/axe/4.11/button-name?application=axeAPI","nodes":[{"id":"passes.button-name.1","any":[{"id":"button-has-visible-text","data":null,"relatedNodes":[],"impact":"critical","message":"Element has inner text that is visible to screen readers"}],"all":[],"none":[],"impact":null,"html":"<button type=\"button\" class=\"storybook-button storybook-button--medium storybook-button--primary\" style=\"\">Button</button>","target":[".storybook-button"],"linkPath":"/?path=/story/example-button--primary&addonPanel=storybook/a11y/panel&a11ySelection=passes.button-name.1"}]},{"id":"color-contrast","impact":null,"tags":["cat.color","wcag2aa","wcag143","TTv5","TT13.c","EN-301-549","EN-9.1.4.3","ACT","RGAAv4","RGAA-3.2.1"],"description":"Ensure the contrast between foreground and background colors meets WCAG 2 AA minimum contrast ratio thresholds","help":"Elements must meet minimum color contrast ratio thresholds","helpUrl":"https://dequeuniversity.com/rules/axe/4.11/color-contrast?application=axeAPI","nodes":[{"id":"passes.color-contrast.1","any":[{"id":"color-contrast","data":{"fgColor":"#ffffff","bgColor":"#555ab9","contrastRatio":5.91,"fontSize":"10.5pt (14px)","fontWeight":"bold","expectedContrastRatio":"4.5:1"},"relatedNodes":[],"impact":"serious","message":"Element has sufficient color contrast of 5.91"}],"all":[],"none":[],"impact":null,"html":"<button type=\"button\" class=\"storybook-button storybook-button--medium storybook-button--primary\" style=\"\">Button</button>","target":[".storybook-button"],"linkPath":"/?path=/story/example-button--primary&addonPanel=storybook/a11y/panel&a11ySelection=passes.color-contrast.1"}]},{"id":"nested-interactive","impact":null,"tags":["cat.keyboard","wcag2a","wcag412","TTv5","TT6.a","EN-301-549","EN-9.4.1.2","RGAAv4","RGAA-7.1.1"],"description":"Ensure interactive controls are not nested as they are not always announced by screen readers or can cause focus problems for assistive technologies","help":"Interactive controls must not be nested","helpUrl":"https://dequeuniversity.com/rules/axe/4.11/nested-interactive?application=axeAPI","nodes":[{"id":"passes.nested-interactive.1","any":[{"id":"no-focusable-content","data":null,"relatedNodes":[],"impact":"serious","message":"Element does not have focusable descendants"}],"all":[],"none":[],"impact":null,"html":"<button type=\"button\" class=\"storybook-button storybook-button--medium storybook-button--primary\" style=\"\">Button</button>","target":[".storybook-button"],"linkPath":"/?path=/story/example-button--primary&addonPanel=storybook/a11y/panel&a11ySelection=passes.nested-interactive.1"}]}],"incomplete":[],"violations":[]},"status":"passed"}]},"tags":[]},{"ancestorTitles":[],"fullName":"Secondary","status":"passed","title":"Secondary","duration":30.200000047683716,"failureMessages":[],"meta":{"storyId":"example-button--secondary","componentPath":"./Button.svelte","componentName":"Button","reports":[{"type":"a11y","version":1,"result":{"testEngine":{"name":"axe-core","version":"4.11.4"},"testRunner":{"name":"axe"},"testEnvironment":{"userAgent":"Mozilla/5.0 (Macintosh; Intel Mac OS X 10_15_7) AppleWebKit/537.36 (KHTML, like Gecko) HeadlessChrome/148.0.7778.96 Safari/537.36","windowWidth":1200,"windowHeight":900,"orientationAngle":0,"orientationType":"landscape-primary"},"timestamp":"2026-05-14T00:41:07.528Z","url":"http://localhost:63316/?sessionId=cf27a4af-d7d6-4eff-b64b-60c7e83727c8&iframeId=/Users/dcash/Projects/_sites/corvmc-svelte/src/stories/Button.stories.svelte","toolOptions":{"reporter":"v1"},"inapplicable":[{"id":"accesskeys","impact":null,"tags":["cat.keyboard","best-practice"],"description":"Ensure every accesskey attribute value is unique","help":"accesskey attribute value should be unique","helpUrl":"https://dequeuniversity.com/rules/axe/4.11/accesskeys?application=axeAPI","nodes":[]},{"id":"area-alt","impact":null,"tags":["cat.text-alternatives","wcag2a","wcag244","wcag412","section508","section508.22.a","TTv5","TT6.a","EN-301-549","EN-9.2.4.4","EN-9.4.1.2","ACT","RGAAv4","RGAA-1.1.2"],"description":"Ensure <area> elements of image maps have alternative text","help":"Active <area> elements must have alternative text","helpUrl":"https://dequeuniversity.com/rules/axe/4.11/area-alt?application=axeAPI","nodes":[]},{"id":"aria-allowed-attr","impact":null,"tags":["cat.aria","wcag2a","wcag412","EN-301-549","EN-9.4.1.2","RGAAv4","RGAA-7.1.1"],"description":"Ensure an element's role supports its ARIA attributes","help":"Elements must only use supported ARIA attributes","helpUrl":"https://dequeuniversity.com/rules/axe/4.11/aria-allowed-attr?application=axeAPI","nodes":[]},{"id":"aria-allowed-role","impact":null,"tags":["cat.aria","best-practice"],"description":"Ensure role attribute has an appropriate value for the element","help":"ARIA role should be appropriate for the element","helpUrl":"https://dequeuniversity.com/rules/axe/4.11/aria-allowed-role?application=axeAPI","nodes":[]},{"id":"aria-braille-equivalent","impact":null,"tags":["cat.aria","wcag2a","wcag412","EN-301-549","EN-9.4.1.2"],"description":"Ensure aria-braillelabel and aria-brailleroledescription have a non-braille equivalent","help":"aria-braille attributes must have a non-braille equivalent","helpUrl":"https://dequeuniversity.com/rules/axe/4.11/aria-braille-equivalent?application=axeAPI","nodes":[]},{"id":"aria-command-name","impact":null,"tags":["cat.aria","wcag2a","wcag412","TTv5","TT6.a","EN-301-549","EN-9.4.1.2","ACT","RGAAv4","RGAA-11.9.1"],"description":"Ensure every ARIA button, link and menuitem has an accessible name","help":"ARIA commands must have an accessible name","helpUrl":"https://dequeuniversity.com/rules/axe/4.11/aria-command-name?application=axeAPI","nodes":[]},{"id":"aria-conditional-attr","impact":null,"tags":["cat.aria","wcag2a","wcag412","EN-301-549","EN-9.4.1.2","RGAAv4","RGA
[...]
":"Element has sufficient color contrast of 12.63"}],"all":[],"none":[],"impact":null,"html":"<p>We recommend building UIs with a <a href=\"https://blog.hichroma.com/component-driven-development-ce1109d56c8e\" target=\"_blank\" rel=\"noopener noreferrer\"><strong>component-driven</strong></a> process starting with atomic components and ending with pages.</p>","target":["section > p:nth-child(2)"],"linkPath":"/?path=/story/example-page--logged-out&addonPanel=storybook/a11y/panel&a11ySelection=passes.color-contrast.5"},{"id":"passes.color-contrast.6","any":[{"id":"color-contrast","data":{"fgColor":"#333333","bgColor":"#ffffff","contrastRatio":12.63,"fontSize":"10.5pt (14px)","fontWeight":"bold","expectedContrastRatio":"4.5:1"},"relatedNodes":[],"impact":"serious","message":"Element has sufficient color contrast of 12.63"}],"all":[],"none":[],"impact":null,"html":"<strong>component-driven</strong>","target":["a[target=\"_blank\"][rel=\"noopener noreferrer\"] > strong"],"linkPath":"/?path=/story/example-page--logged-out&addonPanel=storybook/a11y/panel&a11ySelection=passes.color-contrast.6"},{"id":"passes.color-contrast.7","any":[{"id":"color-contrast","data":{"fgColor":"#333333","bgColor":"#ffffff","contrastRatio":12.63,"fontSize":"10.5pt (14px)","fontWeight":"normal","expectedContrastRatio":"4.5:1"},"relatedNodes":[],"impact":"serious","message":"Element has sufficient color contrast of 12.63"}],"all":[],"none":[],"impact":null,"html":"<p>Render pages with mock data. This makes it easy to build and review page states without\n      needing to navigate to them in your app. Here are some handy patterns for managing page data\n      in Storybook:</p>","target":["p:nth-child(3)"],"linkPath":"/?path=/story/example-page--logged-out&addonPanel=storybook/a11y/panel&a11ySelection=passes.color-contrast.7"},{"id":"passes.color-contrast.8","any":[{"id":"color-contrast","data":{"fgColor":"#333333","bgColor":"#ffffff","contrastRatio":12.63,"fontSize":"10.5pt (14px)","fontWeight":"normal","expectedContrastRatio":"4.5:1"},"relatedNodes":[],"impact":"serious","message":"Element has sufficient color contrast of 12.63"}],"all":[],"none":[],"impact":null,"html":"<li>Use a higher-level connected component. Storybook helps you compose such data from the\n        \"args\" of child component stories</li>","target":["section > ul > li:nth-child(1)"],"linkPath":"/?path=/story/example-page--logged-out&addonPanel=storybook/a11y/panel&a11ySelection=passes.color-contrast.8"},{"id":"passes.color-contrast.9","any":[{"id":"color-contrast","data":{"fgColor":"#333333","bgColor":"#ffffff","contrastRatio":12.63,"fontSize":"10.5pt (14px)","fontWeight":"normal","expectedContrastRatio":"4.5:1"},"relatedNodes":[],"impact":"serious","message":"Element has sufficient color contrast of 12.63"}],"all":[],"none":[],"impact":null,"html":"<li>Assemble data in the page component from your services. You can mock these services out\n        using Storybook.</li>","target":["section > ul > li:nth-child(2)"],"linkPath":"/?path=/story/example-page--logged-out&addonPanel=storybook/a11y/panel&a11ySelection=passes.color-contrast.9"},{"id":"passes.color-contrast.10","any":[{"id":"color-contrast","data":{"fgColor":"#333333","bgColor":"#ffffff","contrastRatio":12.63,"fontSize":"10.5pt (14px)","fontWeight":"normal","expectedContrastRatio":"4.5:1"},"relatedNodes":[],"impact":"serious","message":"Element has sufficient color contrast of 12.63"}],"all":[],"none":[],"impact":null,"html":"<p>Get a guided tutorial on component-driven development at <a href=\"https://storybook.js.org/tutorials/\" target=\"_blank\" rel=\"noopener noreferrer\">Storybook tutorials</a> . Read more in the <a href=\"https://storybook.js.org/docs\" target=\"_blank\" rel=\"noopener noreferrer\">docs</a> .</p>","target":["p:nth-child(5)"],"linkPath":"/?path=/story/example-page--logged-out&addonPanel=storybook/a11y/panel&a11ySelection=passes.color-contrast.10"},{"id":"passes.color-contrast.11","any":[{"id":"color-contrast","data":{"fgColor":"#333333","bgColor":"#ffffff","contrastRatio":12.63,"fontSize":"10.5pt (14px)","fontWeight":"normal","expectedContrastRatio":"4.5:1"},"relatedNodes":[],"impact":"serious","message":"Element has sufficient color contrast of 12.63"}],"all":[],"none":[],"impact":null,"html":"<a href=\"https://storybook.js.org/tutorials/\" target=\"_blank\" rel=\"noopener noreferrer\">Storybook tutorials</a>","target":["p:nth-child(5) > a[target=\"_blank\"][rel=\"noopener noreferrer\"]:nth-child(1)"],"linkPath":"/?path=/story/example-page--logged-out&addonPanel=storybook/a11y/panel&a11ySelection=passes.color-contrast.11"},{"id":"passes.color-contrast.12","any":[{"id":"color-contrast","data":{"fgColor":"#333333","bgColor":"#ffffff","contrastRatio":12.63,"fontSize":"10.5pt (14px)","fontWeight":"normal","expectedContrastRatio":"4.5:1"},"relatedNodes":[],"impact":"serious","message":"Element has sufficient color contrast of 12.63"}],"all":[],"none":[],"impact":null,"html":"<a href=\"https://storybook.js.org/docs\" target=\"_blank\" rel=\"noopener noreferrer\">docs</a>","target":["a[href$=\"docs\"]"],"linkPath":"/?path=/story/example-page--logged-out&addonPanel=storybook/a11y/panel&a11ySelection=passes.color-contrast.12"},{"id":"passes.color-contrast.13","any":[{"id":"color-contrast","data":{"fgColor":"#333333","bgColor":"#ffffff","contrastRatio":12.63,"fontSize":"9.8pt (13px)","fontWeight":"normal","expectedContrastRatio":"4.5:1"},"relatedNodes":[],"impact":"serious","message":"Element has sufficient color contrast of 12.63"}],"all":[],"none":[],"impact":null,"html":"<div class=\"tip-wrapper\">","target":[".tip-wrapper"],"linkPath":"/?path=/story/example-page--logged-out&addonPanel=storybook/a11y/panel&a11ySelection=passes.color-contrast.13"},{"id":"passes.color-contrast.14","any":[{"id":"color-contrast","data":{"fgColor":"#357a14","bgColor":"#e7fdd8","contrastRatio":4.92,"fontSize":"8.3pt (11px)","fontWeight":"bold","expectedContrastRatio":"4.5:1"},"relatedNodes":[],"impact":"serious","message":"Element has sufficient color contrast of 4.92"}],"all":[],"none":[],"impact":null,"html":"<span class=\"tip\">Tip</span>","target":[".tip"],"linkPath":"/?path=/story/example-page--logged-out&addonPanel=storybook/a11y/panel&a11ySelection=passes.color-contrast.14"}]},{"id":"empty-heading","impact":null,"tags":["cat.name-role-value","best-practice"],"description":"Ensure headings have discernible text","help":"Headings should not be empty","helpUrl":"https://dequeuniversity.com/rules/axe/4.11/empty-heading?application=axeAPI","nodes":[{"id":"passes.empty-heading.1","any":[{"id":"has-visible-text","data":null,"relatedNodes":[],"impact":"minor","message":"Element has text that is visible to screen readers"}],"all":[],"none":[],"impact":null,"html":"<h1>Acme</h1>","target":[".storybook-header > div:nth-child(1) > h1"],"linkPath":"/?path=/story/example-page--logged-out&addonPanel=storybook/a11y/panel&a11ySelection=passes.empty-heading.1"},{"id":"passes.empty-heading.2","any":[{"id":"has-visible-text","data":null,"relatedNodes":[],"impact":"minor","message":"Element has text that is visible to screen readers"}],"all":[],"none":[],"impact":null,"html":"<h2>Pages in Storybook</h2>","target":["h2"],"linkPath":"/?path=/story/example-page--logged-out&addonPanel=storybook/a11y/panel&a11ySelection=passes.empty-heading.2"}]},{"id":"heading-order","impact":null,"tags":["cat.semantics","best-practice"],"description":"Ensure the order of headings is semantically correct","help":"Heading levels should only increase by one","helpUrl":"https://dequeuniversity.com/rules/axe/4.11/heading-order?application=axeAPI","nodes":[{"id":"passes.heading-order.1","any":[{"id":"heading-order","data":{"headingOrder":[{"ancestry":["html > body > div:nth-child(5) > article > header:nth-child(1) > div > div:nth-child(1) > h1:nth-child(2)"],"level":1},{"ancestry":["html > body > div:nth-child(5) > article > section:nth-child(2) > h2:nth-child(1)"],"level":2}]},"relatedNodes":[],"impact":"moderate","message":"Heading order valid"}],"all":[],"none":[],"impact":null,"html":"<h1>Acme</h1>","target":[".storybook-header > div:nth-child(1) > h1"],"linkPath":"/?path=/story/example-page--logged-out&addonPanel=storybook/a11y/panel&a11ySelection=passes.heading-order.1"},{"id":"passes.heading-order.2","any":[{"id":"heading-order","data":null,"relatedNodes":[],"impact":"moderate","message":"Heading order valid"}],"all":[],"none":[],"impact":null,"html":"<h2>Pages in Storybook</h2>","target":["h2"],"linkPath":"/?path=/story/example-page--logged-out&addonPanel=storybook/a11y/panel&a11ySelection=passes.heading-order.2"}]},{"id":"landmark-no-duplicate-banner","impact":null,"tags":["cat.semantics","best-practice"],"description":"Ensure the document has at most one banner landmark","help":"Document should not have more than one banner landmark","helpUrl":"https://dequeuniversity.com/rules/axe/4.11/landmark-no-duplicate-banner?application=axeAPI","nodes":[{"id":"passes.landmark-no-duplicate-banner.1","any":[{"id":"page-no-duplicate-banner","data":null,"relatedNodes":[],"impact":"moderate","message":"Document does not have more than one banner landmark"}],"all":[],"none":[],"impact":null,"html":"<header>","target":["header"],"linkPath":"/?path=/story/example-page--logged-out&addonPanel=storybook/a11y/panel&a11ySelection=passes.landmark-no-duplicate-banner.1"}]},{"id":"link-in-text-block","impact":null,"tags":["cat.color","wcag2a","wcag141","TTv5","TT13.a","EN-301-549","EN-9.1.4.1","RGAAv4","RGAA-10.6.1"],"description":"Ensure links are distinguished from surrounding text in a way that does not rely on color","help":"Links must be distinguishable without relying on color","helpUrl":"https://dequeuniversity.com/rules/axe/4.11/link-in-text-block?application=axeAPI","nodes":[{"id":"passes.link-in-text-block.1","any":[{"id":"link-in-text-block-style","data":null,"relatedNodes":[{"html":"<p>We recommend building UIs with a <a href=\"https://blog.hichroma.com/component-driven-development-ce1109d56c8e\" target=\"_blank\" rel=\"noopener noreferrer\"><strong>component-driven</strong></a> process starting with atomic components and ending with pages.</p>","target":["section > p:nth-child(2)"]}],"impact":"serious","message":"Links can be distinguished from surrounding text by visual styling"}],"all":[],"none":[],"impact":null,"html":"<a href=\"https://blog.hichroma.com/component-driven-development-ce1109d56c8e\" target=\"_blank\" rel=\"noopener noreferrer\"><strong>component-driven</strong></a>","target":["p:nth-child(2) > a[target=\"_blank\"][rel=\"noopener noreferrer\"]"],"linkPath":"/?path=/story/example-page--logged-out&addonPanel=storybook/a11y/panel&a11ySelection=passes.link-in-text-block.1"},{"id":"passes.link-in-text-block.2","any":[{"id":"link-in-text-block","data":null,"relatedNodes":[{"html":"<p>Get a guided tutorial on component-driven development at <a href=\"https://storybook.js.org/tutorials/\" target=\"_blank\" rel=\"noopener noreferrer\">Storybook tutorials</a> . Read more in the <a href=\"https://storybook.js.org/docs\" target=\"_blank\" rel=\"noopener noreferrer\">docs</a> .</p>","target":["p:nth-child(5)"]}],"impact":"serious","message":"Links can be distinguished from surrounding text in some way other than by color"},{"id":"link-in-text-block-style","data":null,"relatedNodes":[{"html":"<p>Get a guided tutorial on component-driven development at <a href=\"https://storybook.js.org/tutorials/\" target=\"_blank\" rel=\"noopener noreferrer\">Storybook tutorials</a> . Read more in the <a href=\"https://storybook.js.org/docs\" target=\"_blank\" rel=\"noopener noreferrer\">docs</a> .</p>","target":["p:nth-child(5)"]}],"impact":"serious","message":"Links can be distinguished from surrounding text by visual styling"}],"all":[],"none":[],"impact":null,"html":"<a href=\"https://storybook.js.org/tutorials/\" target=\"_blank\" rel=\"noopener noreferrer\">Storybook tutorials</a>","target":["p:nth-child(5) > a[target=\"_blank\"][rel=\"noopener noreferrer\"]:nth-child(1)"],"linkPath":"/?path=/story/example-page--logged-out&addonPanel=storybook/a11y/panel&a11ySelection=passes.link-in-text-block.2"},{"id":"passes.link-in-text-block.3","any":[{"id":"link-in-text-block","data":null,"relatedNodes":[{"html":"<p>Get a guided tutorial on component-driven development at <a href=\"https://storybook.js.org/tutorials/\" target=\"_blank\" rel=\"noopener noreferrer\">Storybook tutorials</a> . Read more in the <a href=\"https://storybook.js.org/docs\" target=\"_blank\" rel=\"noopener noreferrer\">docs</a> .</p>","target":["p:nth-child(5)"]}],"impact":"serious","message":"Links can be distinguished from surrounding text in some way other than by color"},{"id":"link-in-text-block-style","data":null,"relatedNodes":[{"html":"<p>Get a guided tutorial on component-driven development at <a href=\"https://storybook.js.org/tutorials/\" target=\"_blank\" rel=\"noopener noreferrer\">Storybook tutorials</a> . Read more in the <a href=\"https://storybook.js.org/docs\" target=\"_blank\" rel=\"noopener noreferrer\">docs</a> .</p>","target":["p:nth-child(5)"]}],"impact":"serious","message":"Links can be distinguished from surrounding text by visual styling"}],"all":[],"none":[],"impact":null,"html":"<a href=\"https://storybook.js.org/docs\" target=\"_blank\" rel=\"noopener noreferrer\">docs</a>","target":["a[href$=\"docs\"]"],"linkPath":"/?path=/story/example-page--logged-out&addonPanel=storybook/a11y/panel&a11ySelection=passes.link-in-text-block.3"}]},{"id":"link-name","impact":null,"tags":["cat.name-role-value","wcag2a","wcag244","wcag412","section508","section508.22.a","TTv5","TT6.a","EN-301-549","EN-9.2.4.4","EN-9.4.1.2","ACT","RGAAv4","RGAA-6.2.1"],"description":"Ensure links have discernible text","help":"Links must have discernible text","helpUrl":"https://dequeuniversity.com/rules/axe/4.11/link-name?application=axeAPI","nodes":[{"id":"passes.link-name.1","any":[{"id":"has-visible-text","data":null,"relatedNodes":[],"impact":"serious","message":"Element has text that is visible to screen readers"}],"all":[],"none":[{"id":"focusable-no-name","data":null,"relatedNodes":[],"impact":"serious","message":"Element is not in tab order or has accessible text"}],"impact":null,"html":"<a href=\"https://blog.hichroma.com/component-driven-development-ce1109d56c8e\" target=\"_blank\" rel=\"noopener noreferrer\"><strong>component-driven</strong></a>","target":["p:nth-child(2) > a[target=\"_blank\"][rel=\"noopener noreferrer\"]"],"linkPath":"/?path=/story/example-page--logged-out&addonPanel=storybook/a11y/panel&a11ySelection=passes.link-name.1"},{"id":"passes.link-name.2","any":[{"id":"has-visible-text","data":null,"relatedNodes":[],"impact":"serious","message":"Element has text that is visible to screen readers"}],"all":[],"none":[{"id":"focusable-no-name","data":null,"relatedNodes":[],"impact":"serious","message":"Element is not in tab order or has accessible text"}],"impact":null,"html":"<a href=\"https://storybook.js.org/tutorials/\" target=\"_blank\" rel=\"noopener noreferrer\">Storybook tutorials</a>","target":["p:nth-child(5) > a[target=\"_blank\"][rel=\"noopener noreferrer\"]:nth-child(1)"],"linkPath":"/?path=/story/example-page--logged-out&addonPanel=storybook/a11y/panel&a11ySelection=passes.link-name.2"},{"id":"passes.link-name.3","any":[{"id":"has-visible-text","data":null,"relatedNodes":[],"impact":"serious","message":"Element has text that is visible to screen readers"}],"all":[],"none":[{"id":"focusable-no-name","data":null,"relatedNodes":[],"impact":"serious","message":"Element is not in tab order or has accessible text"}],"impact":null,"html":"<a href=\"https://storybook.js.org/docs\" target=\"_blank\" rel=\"noopener noreferrer\">docs</a>","target":["a[href$=\"docs\"]"],"linkPath":"/?path=/story/example-page--logged-out&addonPanel=storybook/a11y/panel&a11ySelection=passes.link-name.3"}]},{"id":"list","impact":null,"tags":["cat.structure","wcag2a","wcag131","EN-301-549","EN-9.1.3.1","RGAAv4","RGAA-9.3.1"],"description":"Ensure that lists are structured correctly","help":"<ul> and <ol> must only directly contain <li>, <script> or <template> elements","helpUrl":"https://dequeuniversity.com/rules/axe/4.11/list?application=axeAPI","nodes":[{"id":"passes.list.1","any":[],"all":[],"none":[{"id":"only-listitems","data":null,"relatedNodes":[],"impact":"serious","message":"List element only has direct children that are allowed inside <li> elements"}],"impact":null,"html":"<ul><li>Use a higher-level connected component. Storybook helps you compose such data from the\n        \"args\" of child component stories</li> <li>Assemble data in the page component from your services. You can mock these services out\n        using Storybook.</li></ul>","target":["section > ul"],"linkPath":"/?path=/story/example-page--logged-out&addonPanel=storybook/a11y/panel&a11ySelection=passes.list.1"}]},{"id":"listitem","impact":null,"tags":["cat.structure","wcag2a","wcag131","EN-301-549","EN-9.1.3.1","RGAAv4","RGAA-9.3.1"],"description":"Ensure <li> elements are used semantically","help":"<li> elements must be contained in a <ul> or <ol>","helpUrl":"https://dequeuniversity.com/rules/axe/4.11/listitem?application=axeAPI","nodes":[{"id":"passes.listitem.1","any":[{"id":"listitem","data":null,"relatedNodes":[],"impact":"serious","message":"List item has a <ul>, <ol> or role=\"list\" parent element"}],"all":[],"none":[],"impact":null,"html":"<li>Use a higher-level connected component. Storybook helps you compose such data from the\n        \"args\" of child component stories</li>","target":["section > ul > li:nth-child(1)"],"linkPath":"/?path=/story/example-page--logged-out&addonPanel=storybook/a11y/panel&a11ySelection=passes.listitem.1"},{"id":"passes.listitem.2","any":[{"id":"listitem","data":null,"relatedNodes":[],"impact":"serious","message":"List item has a <ul>, <ol> or role=\"list\" parent element"}],"all":[],"none":[],"impact":null,"html":"<li>Assemble data in the page component from your services. You can mock these services out\n        using Storybook.</li>","target":["section > ul > li:nth-child(2)"],"linkPath":"/?path=/story/example-page--logged-out&addonPanel=storybook/a11y/panel&a11ySelection=passes.listitem.2"}]},{"id":"nested-interactive","impact":null,"tags":["cat.keyboard","wcag2a","wcag412","TTv5","TT6.a","EN-301-549","EN-9.4.1.2","RGAAv4","RGAA-7.1.1"],"description":"Ensure interactive controls are not nested as they are not always announced by screen readers or can cause focus problems for assistive technologies","help":"Interactive controls must not be nested","helpUrl":"https://dequeuniversity.com/rules/axe/4.11/nested-interactive?application=axeAPI","nodes":[{"id":"passes.nested-interactive.1","any":[{"id":"no-focusable-content","data":null,"relatedNodes":[],"impact":"serious","message":"Element does not have focusable descendants"}],"all":[],"none":[],"impact":null,"html":"<button type=\"button\" class=\"storybook-button storybook-button--small storybook-button--secondary\" style=\"\">Log in</button>","target":[".storybook-button--secondary"],"linkPath":"/?path=/story/example-page--logged-out&addonPanel=storybook/a11y/panel&a11ySelection=passes.nested-interactive.1"},{"id":"passes.nested-interactive.2","any":[{"id":"no-focusable-content","data":null,"relatedNodes":[],"impact":"serious","message":"Element does not have focusable descendants"}],"all":[],"none":[],"impact":null,"html":"<button type=\"button\" class=\"storybook-button storybook-button--small storybook-button--primary\" style=\"\">Sign up</button>","target":[".storybook-button--primary"],"linkPath":"/?path=/story/example-page--logged-out&addonPanel=storybook/a11y/panel&a11ySelection=passes.nested-interactive.2"}]}],"incomplete":[],"violations":[]},"status":"passed"}]},"tags":[]}],"startTime":1778719266867,"endTime":1778719267557.5,"status":"passed","message":"","name":"/Users/dcash/Projects/_sites/corvmc-svelte/src/stories/Page.stories.svelte"}]}