{"numTotalTestSuites":133,"numPassedTestSuites":133,"numFailedTestSuites":0,"numPendingTestSuites":0,"numTotalTests":286,"numPassedTests":284,"numFailedTests":0,"numPendingTests":2,"numTodoTests":0,"snapshot":{"added":0,"failure":false,"filesAdded":0,"filesRemoved":0,"filesRemovedList":[],"filesUnmatched":0,"filesUpdated":0,"matched":0,"total":0,"unchecked":0,"uncheckedKeysByFile":[],"unmatched":0,"updated":0,"didUpdate":false},"startTime":1778801085385,"success":true,"testResults":[{"assertionResults":[{"ancestorTitles":["hasRole"],"fullName":"hasRole returns true when the user has the role","status":"passed","title":"returns true when the user has the role","duration":1.2116249999999127,"failureMessages":[],"meta":{},"tags":[]},{"ancestorTitles":["hasRole"],"fullName":"hasRole returns false when the user does not have the role","status":"passed","title":"returns false when the user does not have the role","duration":0.13716599999997925,"failureMessages":[],"meta":{},"tags":[]},{"ancestorTitles":["hasAnyRole"],"fullName":"hasAnyRole returns true if user has at least one of the roles","status":"passed","title":"returns true if user has at least one of the roles","duration":0.14058299999987867,"failureMessages":[],"meta":{},"tags":[]},{"ancestorTitles":["hasAnyRole"],"fullName":"hasAnyRole returns false if user has none of the roles","status":"passed","title":"returns false if user has none of the roles","duration":0.14845800000011877,"failureMessages":[],"meta":{},"tags":[]},{"ancestorTitles":["getUserRoles"],"fullName":"getUserRoles returns role names for the user","status":"passed","title":"returns role names for the user","duration":0.40300000000002,"failureMessages":[],"meta":{},"tags":[]},{"ancestorTitles":["getUserRoles"],"fullName":"getUserRoles returns empty array when user has no roles","status":"passed","title":"returns empty array when user has no roles","duration":0.08962500000006912,"failureMessages":[],"meta":{},"tags":[]}],"startTime":1778801097218,"endTime":1778801097220.0896,"status":"passed","message":"","name":"/Users/dcash/Projects/_sites/corvmc-svelte/src/lib/server/authorization.spec.ts"},{"assertionResults":[{"ancestorTitles":["storage","uploadFile"],"fullName":"storage uploadFile uploads a valid JPEG file","status":"passed","title":"uploads a valid JPEG file","duration":4.794624999999996,"failureMessages":[],"meta":{},"tags":[]},{"ancestorTitles":["storage","uploadFile"],"fullName":"storage uploadFile uploads a valid PNG file","status":"passed","title":"uploads a valid PNG file","duration":0.2375409999999647,"failureMessages":[],"meta":{},"tags":[]},{"ancestorTitles":["storage","uploadFile"],"fullName":"storage uploadFile uploads a valid WebP file","status":"passed","title":"uploads a valid WebP file","duration":0.35904199999993125,"failureMessages":[],"meta":{},"tags":[]},{"ancestorTitles":["storage","uploadFile"],"fullName":"storage uploadFile rejects disallowed content types","status":"passed","title":"rejects disallowed content types","duration":11.520333999999934,"failureMessages":[],"meta":{},"tags":[]},{"ancestorTitles":["storage","uploadFile"],"fullName":"storage uploadFile rejects files over 5MB","status":"passed","title":"rejects files over 5MB","duration":0.9730420000000777,"failureMessages":[],"meta":{},"tags":[]},{"ancestorTitles":["storage","uploadFile"],"fullName":"storage uploadFile accepts files exactly at 5MB","status":"passed","title":"accepts files exactly at 5MB","duration":0.3999579999999696,"failureMessages":[],"meta":{},"tags":[]},{"ancestorTitles":["storage","deleteObject"],"fullName":"storage deleteObject sends a delete command","status":"passed","title":"sends a delete command","duration":0.3822089999999889,"failureMessages":[],"meta":{},"tags":[]},{"ancestorTitles":["storage","getPublicUrl"],"fullName":"storage getPublicUrl returns direct URL when R2_TRANSFORM_URL is not set","status":"passed","title":"returns direct URL when R2_TRANSFORM_URL is not set","duration":0.25974999999994,"failureMessages":[],"meta":{},"tags":[]},{"ancestorTitles":["storage","getPublicUrl"],"fullName":"storage getPublicUrl returns transform URL when R2_TRANSFORM_URL is set","status":"passed","title":"returns transform URL when R2_TRANSFORM_URL is set","duration":0.30262500000003456,"failureMessages":[],"meta":{},"tags":[]},{"ancestorTitles":["storage","isConfigured"],"fullName":"storage isConfigured returns true when all required env vars are set","status":"passed","title":"returns true when all required env vars are set","duration":0.327083000000016,"failureMessages":[],"meta":{},"tags":[]}],"startTime":1778801096471,"endTime":1778801096490.3271,"status":"passed","message":"","name":"/Users/dcash/Projects/_sites/corvmc-svelte/src/lib/server/storage.spec.ts"},{"assertionResults":[{"ancestorTitles":["greet"],"fullName":"greet returns a greeting","status":"passed","title":"returns a greeting","duration":1.9783750000000282,"failureMessages":[],"meta":{},"tags":[]}],"startTime":1778801096601,"endTime":1778801096602.9783,"status":"passed","message":"","name":"/Users/dcash/Projects/_sites/corvmc-svelte/src/lib/vitest-examples/greet.spec.ts"},{"assertionResults":[{"ancestorTitles":["band layout load"],"fullName":"band layout load resolves band by slug and returns band data with user role","status":"passed","title":"resolves band by slug and returns band data with user role","duration":69.07016699999986,"failureMessages":[],"meta":{},"tags":[]},{"ancestorTitles":["band layout load"],"fullName":"band layout load throws 404 for unknown slug","status":"passed","title":"throws 404 for unknown slug","duration":5.092375000000175,"failureMessages":[],"meta":{},"tags":[]},{"ancestorTitles":["band layout load"],"fullName":"band layout load throws 403 for non-member who is not staff","status":"passed","title":"throws 403 for non-member who is not staff","duration":0.5259169999999358,"failureMessages":[],"meta":{},"tags":[]},{"ancestorTitles":["band layout load"],"fullName":"band layout load allows staff access to any band","status":"passed","title":"allows staff access to any band","duration":0.6049160000002303,"failureMessages":[],"meta":{},"tags":[]},{"ancestorTitles":["band layout load"],"fullName":"band layout load throws 401 when not authenticated","status":"passed","title":"throws 401 when not authenticated","duration":0.5757079999998496,"failureMessages":[],"meta":{},"tags":[]},{"ancestorTitles":["band dashboard load"],"fullName":"band dashboard load returns upcoming reservations for the band","status":"passed","title":"returns upcoming reservations for the band","duration":2353.9213750000004,"failureMessages":[],"meta":{},"tags":[]},{"ancestorTitles":["band dashboard load"],"fullName":"band dashboard load returns empty array when no upcoming reservations","status":"passed","title":"returns empty array when no upcoming reservations","duration":0.7669999999998254,"failureMessages":[],"meta":{},"tags":[]}],"startTime":1778801087797,"endTime":1778801090228.767,"status":"passed","message":"","name":"/Users/dcash/Projects/_sites/corvmc-svelte/src/routes/band/band-panel.spec.ts"},{"assertionResults":[{"ancestorTitles":["directory page load"],"fullName":"directory page load returns members and bands","status":"passed","title":"returns members and bands","duration":3925.037708,"failureMessages":[],"meta":{},"tags":[]},{"ancestorTitles":["directory page load"],"fullName":"directory page load truncates long bios","status":"passed","title":"truncates long bios","duration":0.8541249999998399,"failureMessages":[],"meta":{},"tags":[]},{"ancestorTitles":["public band profile load"],"fullName":"public band profile load returns band with active members","status":"passed","title":"returns band with active members","duration":675.7154999999993,"failureMessages":[],"meta":{},"tags":[]},{"ancestorTitles":["public band profile load"],"fullName":"public band profile load throws 404 for unknown slug","status":"passed","title":"throws 404 for unknown slug","duration":2.394083000000137,"failureMessages":[],"meta":{},"tags":[]}],"startTime":1778801086571,"endTime":1778801091176.394,"status":"passed","message":"","name":"/Users/dcash/Projects/_sites/corvmc-svelte/src/routes/directory/directory.spec.ts"},{"assertionResults":[{"ancestorTitles":["member dashboard load"],"fullName":"member dashboard load returns pendingInviteCount in load result","status":"passed","title":"returns pendingInviteCount in load result","duration":2757.7990000000004,"failureMessages":[],"meta":{},"tags":[]},{"ancestorTitles":["member dashboard load"],"fullName":"member dashboard load includes bandName on band reservations","status":"passed","title":"includes bandName on band reservations","duration":2.3200000000006185,"failureMessages":[],"meta":{},"tags":[]},{"ancestorTitles":["member dashboard load"],"fullName":"member dashboard load returns zero pendingInviteCount when no invitations","status":"passed","title":"returns zero pendingInviteCount when no invitations","duration":2.940917000000809,"failureMessages":[],"meta":{},"tags":[]}],"startTime":1778801087804,"endTime":1778801090566.941,"status":"passed","message":"","name":"/Users/dcash/Projects/_sites/corvmc-svelte/src/routes/member/dashboard.spec.ts"},{"assertionResults":[{"ancestorTitles":["/staff dashboard load"],"fullName":"/staff dashboard load returns stats and recent users","status":"passed","title":"returns stats and recent users","duration":2706.6044999999995,"failureMessages":[],"meta":{},"tags":[]},{"ancestorTitles":["/staff/users list load"],"fullName":"/staff/users list load returns paginated users with roles","status":"passed","title":"returns paginated users with roles","duration":655.286959,"failureMessages":[],"meta":{},"tags":[]},{"ancestorTitles":["/staff/users list load"],"fullName":"/staff/users list load passes search query through","status":"passed","title":"passes search query through","duration":0.36883300000044983,"failureMessages":[],"meta":{},"tags":[]},{"ancestorTitles":["/staff/users/[id] detail load"],"fullName":"/staff/users/[id] detail load returns user with roles and all available roles","status":"skipped","title":"returns user with roles and all available roles","failureMessages":[],"meta":{},"tags":[]},{"ancestorTitles":["/staff/users/[id] detail load"],"fullName":"/staff/users/[id] detail load throws 404 when user not found","status":"skipped","title":"throws 404 when user not found","failureMessages":[],"meta":{},"tags":[]}],"startTime":1778801087798,"endTime":1778801091161.369,"status":"passed","message":"","name":"/Users/dcash/Projects/_sites/corvmc-svelte/src/routes/staff/staff-routes.spec.ts"},{"assertionResults":[{"ancestorTitles":["BandService","create"],"fullName":"BandService create creates a band and owner membership in a transaction","status":"passed","title":"creates a band and owner membership in a transaction","duration":20.57779100000016,"failureMessages":[],"meta":{},"tags":[]},{"ancestorTitles":["BandService","update"],"fullName":"BandService update regenerates slug when name changes","status":"passed","title":"regenerates slug when name changes","duration":0.6160420000001068,"failureMessages":[],"meta":{},"tags":[]},{"ancestorTitles":["BandService","update"],"fullName":"BandService update does not regenerate slug when only bio changes","status":"passed","title":"does not regenerate slug when only bio changes","duration":0.6192089999999553,"failureMessages":[],"meta":{},"tags":[]},{"ancestorTitles":["BandService","update"],"fullName":"BandService update throws when band not found","status":"passed","title":"throws when band not found","duration":6.891791999999896,"failureMessages":[],"meta":{},"tags":[]},{"ancestorTitles":["BandService","deleteBand"],"fullName":"BandService deleteBand cancels future reservations and deletes band","status":"passed","title":"cancels future reservations and deletes band","duration":1.3114590000000135,"failureMessages":[],"meta":{},"tags":[]},{"ancestorTitles":["BandService","deleteBand"],"fullName":"BandService deleteBand skips avatar delete when no avatar","status":"passed","title":"skips avatar delete when no avatar","duration":0.2827910000000884,"failureMessages":[],"meta":{},"tags":[]},{"ancestorTitles":["BandService","deleteBand"],"fullName":"BandService deleteBand throws when band not found","status":"passed","title":"throws when band not found","duration":5.868875000000116,"failureMessages":[],"meta":{},"tags":[]},{"ancestorTitles":["BandService","invite"],"fullName":"BandService invite creates a pending band member row","status":"passed","title":"creates a pending band member row","duration":0.49787500000002183,"failureMessages":[],"meta":{},"tags":[]},{"ancestorTitles":["BandService","invite"],"fullName":"BandService invite throws BandMemberExistsError on unique constraint violation","status":"passed","title":"throws BandMemberExistsError on unique constraint violation","duration":0.6354579999997441,"failureMessages":[],"meta":{},"tags":[]},{"ancestorTitles":["BandService","acceptInvitation"],"fullName":"BandService acceptInvitation updates status to active","status":"passed","title":"updates status to active","duration":2.80600000000004,"failureMessages":[],"meta":{},"tags":[]},{"ancestorTitles":["BandService","acceptInvitation"],"fullName":"BandService acceptInvitation throws when invitation not found","status":"passed","title":"throws when invitation not found","duration":0.6997089999999844,"failureMessages":[],"meta":{},"tags":[]},{"ancestorTitles":["BandService","declineInvitation"],"fullName":"BandService declineInvitation deletes the pending member row","status":"passed","title":"deletes the pending member row","duration":0.16954199999963748,"failureMessages":[],"meta":{},"tags":[]},{"ancestorTitles":["BandService","revokeInvitation"],"fullName":"BandService revokeInvitation deletes the pending member row","status":"passed","title":"deletes the pending member row","duration":0.11795900000015536,"failureMessages":[],"meta":{},"tags":[]},{"ancestorTitles":["BandService","removeMember"],"fullName":"BandService removeMember deletes an active member row","status":"passed","title":"deletes an active member row","duration":0.12683400000014444,"failureMessages":[],"meta":{},"tags":[]},{"ancestorTitles":["BandService","removeMember"],"fullName":"BandService removeMember throws CannotRemoveOwnerError when removing owner","status":"passed","title":"throws CannotRemoveOwnerError when removing owner","duration":0.14095799999995506,"failureMessages":[],"meta":{},"tags":[]},{"ancestorTitles":["BandService","removeMember"],"fullName":"BandService removeMember throws when member not found","status":"passed","title":"throws when member not found","duration":1.3708329999999478,"failureMessages":[],"meta":{},"tags":[]},{"ancestorTitles":["BandService","updateMember"],"fullName":"BandService updateMember updates role and position","status":"passed","title":"updates role and position","duration":1.0385409999998956,"failureMessages":[],"meta":{},"tags":[]},{"ancestorTitles":["BandService","updateMember"],"fullName":"BandService updateMember throws CannotRemoveOwnerError when updating owner","status":"passed","title":"throws CannotRemoveOwnerError when updating owner","duration":1.1439170000003287,"failureMessages":[],"meta":{},"tags":[]},{"ancestorTitles":["BandService","transferOwnership"],"fullName":"BandService transferOwnership demotes old owner and promotes new one in a transaction","status":"passed","title":"demotes old owner and promotes new one in a transaction","duration":2.243833999999879,"failureMessages":[],"meta":{},"tags":[]},{"ancestorTitles":["BandService","leaveBand"],"fullName":"BandService leaveBand deletes the member row","status":"passed","title":"deletes the member row","duration":3.955832999999984,"failureMessages":[],"meta":{},"tags":[]},{"ancestorTitles":["BandService","leaveBand"],"fullName":"BandService leaveBand throws OwnerCannotLeaveError when owner tries to leave","status":"passed","title":"throws OwnerCannotLeaveError when owner tries to leave","duration":0.21791699999994307,"failureMessages":[],"meta":{},"tags":[]},{"ancestorTitles":["BandService","leaveBand"],"fullName":"BandService leaveBand throws when not a member","status":"passed","title":"throws when not a member","duration":0.13983300000018062,"failureMessages":[],"meta":{},"tags":[]},{"ancestorTitles":["BandService","getUserRole"],"fullName":"BandService getUserRole returns role for active member","status":"passed","title":"returns role for active member","duration":0.10045800000034433,"failureMessages":[],"meta":{},"tags":[]},{"ancestorTitles":["BandService","getUserRole"],"fullName":"BandService getUserRole returns null for non-member","status":"passed","title":"returns null for non-member","duration":0.08108299999958035,"failureMessages":[],"meta":{},"tags":[]}],"startTime":1778801095436,"endTime":1778801095489.081,"status":"passed","message":"","name":"/Users/dcash/Projects/_sites/corvmc-svelte/src/lib/server/band/band-service.spec.ts"},{"assertionResults":[{"ancestorTitles":["mockUser"],"fullName":"mockUser generates a user with all required fields","status":"passed","title":"generates a user with all required fields","duration":5.03995800000007,"failureMessages":[],"meta":{},"tags":[]},{"ancestorTitles":["mockUser"],"fullName":"mockUser sets nullable corvmc fields to null by default","status":"passed","title":"sets nullable corvmc fields to null by default","duration":0.3943339999998443,"failureMessages":[],"meta":{},"tags":[]},{"ancestorTitles":["mockUser"],"fullName":"mockUser applies overrides","status":"passed","title":"applies overrides","duration":0.22304200000007768,"failureMessages":[],"meta":{},"tags":[]},{"ancestorTitles":["mockUser"],"fullName":"mockUser can simulate a soft-deleted user","status":"passed","title":"can simulate a soft-deleted user","duration":0.6397909999998319,"failureMessages":[],"meta":{},"tags":[]},{"ancestorTitles":["mockRole"],"fullName":"mockRole generates a role with the given name","status":"passed","title":"generates a role with the given name","duration":1.833667000000105,"failureMessages":[],"meta":{},"tags":[]},{"ancestorTitles":["mockRole"],"fullName":"mockRole accepts an explicit id","status":"passed","title":"accepts an explicit id","duration":0.3867499999998927,"failureMessages":[],"meta":{},"tags":[]},{"ancestorTitles":["mockStandardRoles"],"fullName":"mockStandardRoles generates all four app roles","status":"passed","title":"generates all four app roles","duration":1.856333000000177,"failureMessages":[],"meta":{},"tags":[]},{"ancestorTitles":["mockStandardRoles"],"fullName":"mockStandardRoles assigns sequential IDs starting at 1","status":"passed","title":"assigns sequential IDs starting at 1","duration":0.2135000000000673,"failureMessages":[],"meta":{},"tags":[]},{"ancestorTitles":["factory.generate with arrays"],"fullName":"factory.generate with arrays generates multiple users","status":"passed","title":"generates multiple users","duration":0.906833000000006,"failureMessages":[],"meta":{},"tags":[]},{"ancestorTitles":["factory.generate with arrays"],"fullName":"factory.generate with arrays produces deterministic output","status":"passed","title":"produces deterministic output","duration":0.22679199999993216,"failureMessages":[],"meta":{},"tags":[]}],"startTime":1778801095461,"endTime":1778801095474.2268,"status":"passed","message":"","name":"/Users/dcash/Projects/_sites/corvmc-svelte/src/lib/server/db/test-factory.spec.ts"},{"assertionResults":[{"ancestorTitles":["EventService","create"],"fullName":"EventService create creates an event without reservation or poster","status":"passed","title":"creates an event without reservation or poster","duration":2.640707999999904,"failureMessages":[],"meta":{},"tags":[]},{"ancestorTitles":["EventService","create"],"fullName":"EventService create creates linked reservation when reservation params provided","status":"passed","title":"creates linked reservation when reservation params provided","duration":2.262041999999383,"failureMessages":[],"meta":{},"tags":[]},{"ancestorTitles":["EventService","create"],"fullName":"EventService create skips conflict check when overrideConflicts is true","status":"passed","title":"skips conflict check when overrideConflicts is true","duration":1.8959580000000642,"failureMessages":[],"meta":{},"tags":[]},{"ancestorTitles":["EventService","create"],"fullName":"EventService create throws when conflict exists and override is false","status":"passed","title":"throws when conflict exists and override is false","duration":1.0911660000001575,"failureMessages":[],"meta":{},"tags":[]},{"ancestorTitles":["EventService","create"],"fullName":"EventService create uploads poster when posterFile provided","status":"passed","title":"uploads poster when posterFile provided","duration":0.5259169999999358,"failureMessages":[],"meta":{},"tags":[]},{"ancestorTitles":["EventService","create"],"fullName":"EventService create stores ticketing fields when ticketing is enabled","status":"passed","title":"stores ticketing fields when ticketing is enabled","duration":0.4506250000004002,"failureMessages":[],"meta":{},"tags":[]},{"ancestorTitles":["EventService","create"],"fullName":"EventService create stores null price and quantity when ticketing is disabled","status":"passed","title":"stores null price and quantity when ticketing is disabled","duration":0.15333400000054098,"failureMessages":[],"meta":{},"tags":[]},{"ancestorTitles":["EventService","create"],"fullName":"EventService create throws when ticketing is enabled but price is missing","status":"passed","title":"throws when ticketing is enabled but price is missing","duration":0.19233400000030088,"failureMessages":[],"meta":{},"tags":[]},{"ancestorTitles":["EventService","create"],"fullName":"EventService create throws when ticketing is enabled but price is zero","status":"passed","title":"throws when ticketing is enabled but price is zero","duration":0.4910829999998896,"failureMessages":[],"meta":{},"tags":[]},{"ancestorTitles":["EventService","create"],"fullName":"EventService create allows null ticketQuantity for unlimited capacity","status":"passed","title":"allows null ticketQuantity for unlimited capacity","duration":0.21137499999986176,"failureMessages":[],"meta":{},"tags":[]},{"ancestorTitles":["EventService","publish"],"fullName":"EventService publish publishes a draft event","status":"passed","title":"publishes a draft event","duration":0.4130829999994603,"failureMessages":[],"meta":{},"tags":[]},{"ancestorTitles":["EventService","publish"],"fullName":"EventService publish throws when event is not in draft status","status":"passed","title":"throws when event is not in draft status","duration":0.29975000000013097,"failureMessages":[],"meta":{},"tags":[]},{"ancestorTitles":["EventService","publish"],"fullName":"EventService publish throws when event does not exist","status":"passed","title":"throws when event does not exist","duration":0.17433299999993324,"failureMessages":[],"meta":{},"tags":[]},{"ancestorTitles":["EventService","cancel"],"fullName":"EventService cancel cancels an event without reservation","status":"passed","title":"cancels an event without reservation","duration":24.970416000000114,"failureMessages":[],"meta":{},"tags":[]},{"ancestorTitles":["EventService","cancel"],"fullName":"EventService cancel cancels linked reservation when present","status":"passed","title":"cancels linked reservation when present","duration":1.212999999999738,"failureMessages":[],"meta":{},"tags":[]},{"ancestorTitles":["EventService","cancel"],"fullName":"EventService cancel deletes poster from R2 when present","status":"passed","title":"deletes poster from R2 when present","duration":0.5978340000001481,"failureMessages":[],"meta":{},"tags":[]},{"ancestorTitles":["EventService","cancel"],"fullName":"EventService cancel throws when event is already cancelled","status":"passed","title":"throws when event is already cancelled","duration":0.8859999999995125,"failureMessages":[],"meta":{},"tags":[]},{"ancestorTitles":["EventService","cancel"],"fullName":"EventService cancel ignores error if linked reservation is already cancelled","status":"passed","title":"ignores error if linked reservation is already cancelled","duration":0.5897919999997612,"failureMessages":[],"meta":{},"tags":[]},{"ancestorTitles":["EventService","checkRebookNeeded"],"fullName":"EventService checkRebookNeeded returns not needed when event has no reservation","status":"passed","title":"returns not needed when event has no reservation","duration":0.8523329999998168,"failureMessages":[],"meta":{},"tags":[]},{"ancestorTitles":["EventService","checkRebookNeeded"],"fullName":"EventService checkRebookNeeded returns not needed when new times fit within reservation","status":"passed","title":"returns not needed when new times fit within reservation","duration":0.18933300000026065,"failureMessages":[],"meta":{},"tags":[]},{"ancestorTitles":["EventService","checkRebookNeeded"],"fullName":"EventService checkRebookNeeded returns needed when event starts earlier than reservation","status":"passed","title":"returns needed when event starts earlier than reservation","duration":0.1713339999996606,"failureMessages":[],"meta":{},"tags":[]},{"ancestorTitles":["EventService","checkRebookNeeded"],"fullName":"EventService checkRebookNeeded returns needed when event ends later than reservation","status":"passed","title":"returns needed when event ends later than reservation","duration":0.08729199999925186,"failureMessages":[],"meta":{},"tags":[]},{"ancestorTitles":["EventService","checkRebookNeeded"],"fullName":"EventService checkRebookNeeded returns needed with both reasons when extending both directions","status":"passed","title":"returns needed with both reasons when extending both directions","duration":0.1175840000005337,"failureMessages":[],"meta":{},"tags":[]},{"ancestorTitles":["EventService","checkRebookNeeded"],"fullName":"EventService checkRebookNeeded returns not needed when times match exactly","status":"passed","title":"returns not needed when times match exactly","duration":0.07608299999992596,"failureMessages":[],"meta":{},"tags":[]},{"ancestorTitles":["EventService","update with rebook"],"fullName":"EventService update with rebook cancels old reservation and creates new one","status":"passed","title":"cancels old reservation and creates new one","duration":1.0514169999996739,"failureMessages":[],"meta":{},"tags":[]},{"ancestorTitles":["EventService","update with rebook"],"fullName":"EventService update with rebook creates scheduled reservation for draft events","status":"passed","title":"creates scheduled reservation for draft events","duration":0.6097089999993841,"failureMessages":[],"meta":{},"tags":[]},{"ancestorTitles":["EventService","update with rebook"],"fullName":"EventService update with rebook throws on conflict when override is false","status":"passed","title":"throws on conflict when override is false","duration":0.5044589999997697,"failureMessages":[],"meta":{},"tags":[]},{"ancestorTitles":["EventService","update with rebook"],"fullName":"EventService update with rebook skips conflict check when override is true","status":"passed","title":"skips conflict check when override is true","duration":6.777583999999479,"failureMessages":[],"meta":{},"tags":[]},{"ancestorTitles":["EventService","update with rebook"],"fullName":"EventService update with rebook does not rebook when no reservationId on event","status":"passed","title":"does not rebook when no reservationId on event","duration":1.2172079999991183,"failureMessages":[],"meta":{},"tags":[]},{"ancestorTitles":["EventService","update ticketing fields"],"fullName":"EventService update ticketing fields enables ticketing with price and quantity","status":"passed","title":"enables ticketing with price and quantity","duration":0.36612500000046566,"failureMessages":[],"meta":{},"tags":[]},{"ancestorTitles":["EventService","update ticketing fields"],"fullName":"EventService update ticketing fields clears price and quantity when disabling ticketing","status":"passed","title":"clears price and quantity when disabling ticketing","duration":0.141208000000006,"failureMessages":[],"meta":{},"tags":[]},{"ancestorTitles":["EventService","update ticketing fields"],"fullName":"EventService update ticketing fields throws when enabling ticketing without price","status":"passed","title":"throws when enabling ticketing without price","duration":0.172458000000006,"failureMessages":[],"meta":{},"tags":[]},{"ancestorTitles":["EventService","update ticketing fields"],"fullName":"EventService update ticketing fields throws when enabling ticketing with zero price","status":"passed","title":"throws when enabling ticketing with zero price","duration":0.13158299999940937,"failureMessages":[],"meta":{},"tags":[]},{"ancestorTitles":["EventService","update ticketing fields"],"fullName":"EventService update ticketing fields updates price independently when ticketingEnabled is not changed","status":"passed","title":"updates price independently when ticketingEnabled is not changed","duration":0.4312079999999696,"failureMessages":[],"meta":{},"tags":[]},{"ancestorTitles":["EventService","update ticketing fields"],"fullName":"EventService update ticketing fields rejects update on cancelled event","status":"passed","title":"rejects update on cancelled event","duration":0.14312500000050932,"failureMessages":[],"meta":{},"tags":[]}],"startTime":1778801095454,"endTime":1778801095507.4312,"status":"passed","message":"","name":"/Users/dcash/Projects/_sites/corvmc-svelte/src/lib/server/event/event-service.spec.ts"},{"assertionResults":[{"ancestorTitles":["getCommunityStats"],"fullName":"getCommunityStats returns aggregated stats from the database","status":"passed","title":"returns aggregated stats from the database","duration":34.77241700000013,"failureMessages":[],"meta":{},"tags":[]},{"ancestorTitles":["getCommunityStats"],"fullName":"getCommunityStats returns zeros when no data exists","status":"passed","title":"returns zeros when no data exists","duration":1.560707999999977,"failureMessages":[],"meta":{},"tags":[]},{"ancestorTitles":["getCommunityStats"],"fullName":"getCommunityStats caches results and does not re-query within TTL","status":"passed","title":"caches results and does not re-query within TTL","duration":1.6259999999999764,"failureMessages":[],"meta":{},"tags":[]},{"ancestorTitles":["getCommunityStats"],"fullName":"getCommunityStats re-queries after cache is cleared","status":"passed","title":"re-queries after cache is cleared","duration":0.9072499999999764,"failureMessages":[],"meta":{},"tags":[]}],"startTime":1778801093833,"endTime":1778801093871.9072,"status":"passed","message":"","name":"/Users/dcash/Projects/_sites/corvmc-svelte/src/lib/server/finance/community-stats.spec.ts"},{"assertionResults":[{"ancestorTitles":["getBalance"],"fullName":"getBalance returns 0 for user with no credits","status":"passed","title":"returns 0 for user with no credits","duration":1.2598340000001826,"failureMessages":[],"meta":{},"tags":[]},{"ancestorTitles":["getBalance"],"fullName":"getBalance returns 0 when user not found","status":"passed","title":"returns 0 when user not found","duration":0.2964999999999236,"failureMessages":[],"meta":{},"tags":[]},{"ancestorTitles":["getBalance"],"fullName":"getBalance returns the balance for a credit type that exists","status":"passed","title":"returns the balance for a credit type that exists","duration":1.2854170000000522,"failureMessages":[],"meta":{},"tags":[]},{"ancestorTitles":["getAllBalances"],"fullName":"getAllBalances returns empty object for user not found","status":"passed","title":"returns empty object for user not found","duration":0.45304200000009587,"failureMessages":[],"meta":{},"tags":[]},{"ancestorTitles":["getAllBalances"],"fullName":"getAllBalances returns parsed credits","status":"passed","title":"returns parsed credits","duration":0.1735839999998916,"failureMessages":[],"meta":{},"tags":[]},{"ancestorTitles":["addCredits"],"fullName":"addCredits increases balance and creates a transaction","status":"passed","title":"increases balance and creates a transaction","duration":1.5840410000000702,"failureMessages":[],"meta":{},"tags":[]},{"ancestorTitles":["addCredits"],"fullName":"addCredits initializes balance when credit type does not exist yet","status":"passed","title":"initializes balance when credit type does not exist yet","duration":0.24270799999999326,"failureMessages":[],"meta":{},"tags":[]},{"ancestorTitles":["addCredits"],"fullName":"addCredits respects maxBalance cap from config","status":"passed","title":"respects maxBalance cap from config","duration":0.16783399999985704,"failureMessages":[],"meta":{},"tags":[]},{"ancestorTitles":["addCredits"],"fullName":"addCredits throws when amount is not positive","status":"passed","title":"throws when amount is not positive","duration":1.2636250000000473,"failureMessages":[],"meta":{},"tags":[]},{"ancestorTitles":["addCredits"],"fullName":"addCredits throws when user not found","status":"passed","title":"throws when user not found","duration":0.43499999999994543,"failureMessages":[],"meta":{},"tags":[]},{"ancestorTitles":["deductCredits"],"fullName":"deductCredits decreases balance and creates a transaction","status":"passed","title":"decreases balance and creates a transaction","duration":0.34104200000001583,"failureMessages":[],"meta":{},"tags":[]},{"ancestorTitles":["deductCredits"],"fullName":"deductCredits throws InsufficientCreditsError when balance is too low","status":"passed","title":"throws InsufficientCreditsError when balance is too low","duration":0.21925000000010186,"failureMessages":[],"meta":{},"tags":[]},{"ancestorTitles":["deductCredits"],"fullName":"deductCredits throws when amount is not positive","status":"passed","title":"throws when amount is not positive","duration":0.10720800000012787,"failureMessages":[],"meta":{},"tags":[]},{"ancestorTitles":["setBalance"],"fullName":"setBalance resets to exact value and records the delta","status":"passed","title":"resets to exact value and records the delta","duration":0.19220800000016425,"failureMessages":[],"meta":{},"tags":[]},{"ancestorTitles":["setBalance"],"fullName":"setBalance sets balance from zero","status":"passed","title":"sets balance from zero","duration":0.09179200000016863,"failureMessages":[],"meta":{},"tags":[]},{"ancestorTitles":["setBalance"],"fullName":"setBalance throws for negative balance","status":"passed","title":"throws for negative balance","duration":0.09716600000001563,"failureMessages":[],"meta":{},"tags":[]},{"ancestorTitles":["hasTransaction"],"fullName":"hasTransaction returns true when a matching transaction exists","status":"passed","title":"returns true when a matching transaction exists","duration":0.1422499999998763,"failureMessages":[],"meta":{},"tags":[]},{"ancestorTitles":["hasTransaction"],"fullName":"hasTransaction returns false when no matching transaction exists","status":"passed","title":"returns false when no matching transaction exists","duration":0.052332999999862295,"failureMessages":[],"meta":{},"tags":[]},{"ancestorTitles":["allocateMonthlyCredits"],"fullName":"allocateMonthlyCredits sets free_hours balance via setBalance","status":"passed","title":"sets free_hours balance via setBalance","duration":0.1253750000000764,"failureMessages":[],"meta":{},"tags":[]},{"ancestorTitles":["allocateMonthlyCredits"],"fullName":"allocateMonthlyCredits skips allocation when invoice was already processed","status":"passed","title":"skips allocation when invoice was already processed","duration":0.11066700000014862,"failureMessages":[],"meta":{},"tags":[]},{"ancestorTitles":["allocateEquipmentCredits"],"fullName":"allocateEquipmentCredits adds equipment credits via addCredits","status":"passed","title":"adds equipment credits via addCredits","duration":0.106708000000026,"failureMessages":[],"meta":{},"tags":[]}],"startTime":1778801096833,"endTime":1778801096842.1255,"status":"passed","message":"","name":"/Users/dcash/Projects/_sites/corvmc-svelte/src/lib/server/finance/credit-service.spec.ts"},{"assertionResults":[{"ancestorTitles":["calculateProcessingFee"],"fullName":"calculateProcessingFee calculates fee for a $25 charge","status":"passed","title":"calculates fee for a $25 charge","duration":5.484292000000039,"failureMessages":[],"meta":{},"tags":[]},{"ancestorTitles":["calculateProcessingFee"],"fullName":"calculateProcessingFee calculates fee for a $5 charge","status":"passed","title":"calculates fee for a $5 charge","duration":0.17387500000000955,"failureMessages":[],"meta":{},"tags":[]},{"ancestorTitles":["calculateProcessingFee"],"fullName":"calculateProcessingFee returns 0 for zero amount","status":"passed","title":"returns 0 for zero amount","duration":0.08754199999998491,"failureMessages":[],"meta":{},"tags":[]},{"ancestorTitles":["calculateProcessingFee"],"fullName":"calculateProcessingFee returns 0 for negative amount","status":"passed","title":"returns 0 for negative amount","duration":0.08029099999998834,"failureMessages":[],"meta":{},"tags":[]},{"ancestorTitles":["calculateTotalWithFeeCoverage"],"fullName":"calculateTotalWithFeeCoverage calculates total so net equals base for $25","status":"passed","title":"calculates total so net equals base for $25","duration":0.23329200000000583,"failureMessages":[],"meta":{},"tags":[]},{"ancestorTitles":["calculateTotalWithFeeCoverage"],"fullName":"calculateTotalWithFeeCoverage calculates total so net equals base for $5","status":"passed","title":"calculates total so net equals base for $5","duration":0.7135829999999714,"failureMessages":[],"meta":{},"tags":[]},{"ancestorTitles":["calculateTotalWithFeeCoverage"],"fullName":"calculateTotalWithFeeCoverage returns zeros for zero base","status":"passed","title":"returns zeros for zero base","duration":1.3738330000000474,"failureMessages":[],"meta":{},"tags":[]},{"ancestorTitles":["calculateTotalWithFeeCoverage"],"fullName":"calculateTotalWithFeeCoverage returns zeros for negative base","status":"passed","title":"returns zeros for negative base","duration":0.11516599999998789,"failureMessages":[],"meta":{},"tags":[]}],"startTime":1778801095816,"endTime":1778801095825.1152,"status":"passed","message":"","name":"/Users/dcash/Projects/_sites/corvmc-svelte/src/lib/server/finance/fees.spec.ts"},{"assertionResults":[{"ancestorTitles":["checkout"],"fullName":"checkout creates Checkout Session with no credits applied when none eligible","status":"passed","title":"creates Checkout Session with no credits applied when none eligible","duration":17.507540999999947,"failureMessages":[],"meta":{},"tags":[]},{"ancestorTitles":["checkout"],"fullName":"checkout applies partial credit discount via coupon","status":"passed","title":"applies partial credit discount via coupon","duration":2.957542000000103,"failureMessages":[],"meta":{},"tags":[]},{"ancestorTitles":["checkout"],"fullName":"checkout returns paid: true when credits fully cover the cart","status":"passed","title":"returns paid: true when credits fully cover the cart","duration":1.38149999999996,"failureMessages":[],"meta":{},"tags":[]},{"ancestorTitles":["checkout"],"fullName":"checkout skips credit application for anonymous purchases","status":"passed","title":"skips credit application for anonymous purchases","duration":0.23774999999977808,"failureMessages":[],"meta":{},"tags":[]},{"ancestorTitles":["checkout"],"fullName":"checkout resolves cart total from price_data inline amounts","status":"passed","title":"resolves cart total from price_data inline amounts","duration":0.14199999999982538,"failureMessages":[],"meta":{},"tags":[]},{"ancestorTitles":["checkout"],"fullName":"checkout resolves cart total from Stripe price references","status":"passed","title":"resolves cart total from Stripe price references","duration":0.12333300000000236,"failureMessages":[],"meta":{},"tags":[]},{"ancestorTitles":["checkout"],"fullName":"checkout adds fee coverage line item when coverFees is true","status":"passed","title":"adds fee coverage line item when coverFees is true","duration":0.5424579999998969,"failureMessages":[],"meta":{},"tags":[]},{"ancestorTitles":["checkout"],"fullName":"checkout adds recurring interval to fee line item for subscriptions","status":"passed","title":"adds recurring interval to fee line item for subscriptions","duration":0.1226249999999709,"failureMessages":[],"meta":{},"tags":[]},{"ancestorTitles":["checkout"],"fullName":"checkout does not add fee item when coverFees is false","status":"passed","title":"does not add fee item when coverFees is false","duration":0.14691599999969185,"failureMessages":[],"meta":{},"tags":[]},{"ancestorTitles":["checkout"],"fullName":"checkout passes metadata through to Stripe session","status":"passed","title":"passes metadata through to Stripe session","duration":0.40099999999983993,"failureMessages":[],"meta":{},"tags":[]},{"ancestorTitles":["checkout"],"fullName":"checkout throws when lineItems is empty","status":"passed","title":"throws when lineItems is empty","duration":0.7448340000000826,"failureMessages":[],"meta":{},"tags":[]},{"ancestorTitles":["checkout"],"fullName":"checkout throws when subscription mode has no customer","status":"passed","title":"throws when subscription mode has no customer","duration":0.13129200000003038,"failureMessages":[],"meta":{},"tags":[]},{"ancestorTitles":["checkout"],"fullName":"checkout reverses completed deductions if a subsequent one fails","status":"passed","title":"reverses completed deductions if a subsequent one fails","duration":2.3337910000000193,"failureMessages":[],"meta":{},"tags":[]},{"ancestorTitles":["checkout"],"fullName":"checkout does not create coupon for subscription mode credits","status":"passed","title":"does not create coupon for subscription mode credits","duration":0.3170829999999114,"failureMessages":[],"meta":{},"tags":[]},{"ancestorTitles":["recordCashPayment"],"fullName":"recordCashPayment reports payment to Stripe with correct amount and metadata","status":"passed","title":"reports payment to Stripe with correct amount and metadata","duration":0.24583399999983158,"failureMessages":[],"meta":{},"tags":[]},{"ancestorTitles":["refund"],"fullName":"refund refunds card payment and reverses credits","status":"passed","title":"refunds card payment and reverses credits","duration":0.2424999999998363,"failureMessages":[],"meta":{},"tags":[]},{"ancestorTitles":["refund"],"fullName":"refund only reverses credits for credits-only payment","status":"passed","title":"only reverses credits for credits-only payment","duration":0.1489169999999831,"failureMessages":[],"meta":{},"tags":[]},{"ancestorTitles":["refund"],"fullName":"refund skips credit reversal when no userId provided","status":"passed","title":"skips credit reversal when no userId provided","duration":0.11566700000003038,"failureMessages":[],"meta":{},"tags":[]},{"ancestorTitles":["refund"],"fullName":"refund does nothing when no credits and no payment amount","status":"passed","title":"does nothing when no credits and no payment amount","duration":0.07312499999989086,"failureMessages":[],"meta":{},"tags":[]},{"ancestorTitles":["cancel"],"fullName":"cancel reverses optimistically deducted credits","status":"passed","title":"reverses optimistically deducted credits","duration":0.12062500000001819,"failureMessages":[],"meta":{},"tags":[]},{"ancestorTitles":["cancel"],"fullName":"cancel does nothing when no checkout session ID provided","status":"passed","title":"does nothing when no checkout session ID provided","duration":0.0632909999999356,"failureMessages":[],"meta":{},"tags":[]},{"ancestorTitles":["cancel"],"fullName":"cancel does nothing when no credits were deducted","status":"passed","title":"does nothing when no credits were deducted","duration":0.05150000000003274,"failureMessages":[],"meta":{},"tags":[]},{"ancestorTitles":["cancel"],"fullName":"cancel skips credit reversal when no userId","status":"passed","title":"skips credit reversal when no userId","duration":0.1418340000000171,"failureMessages":[],"meta":{},"tags":[]}],"startTime":1778801095424,"endTime":1778801095454.2424,"status":"passed","message":"","name":"/Users/dcash/Projects/_sites/corvmc-svelte/src/lib/server/finance/payment-service.spec.ts"},{"assertionResults":[{"ancestorTitles":["createCheckoutSession"],"fullName":"createCheckoutSession delegates to shared checkout with subscription mode","status":"passed","title":"delegates to shared checkout with subscription mode","duration":3.1577910000000884,"failureMessages":[],"meta":{},"tags":[]},{"ancestorTitles":["createCheckoutSession"],"fullName":"createCheckoutSession passes coverFees through to shared checkout","status":"passed","title":"passes coverFees through to shared checkout","duration":0.26670899999999165,"failureMessages":[],"meta":{},"tags":[]},{"ancestorTitles":["createCheckoutSession"],"fullName":"createCheckoutSession throws when quantity is less than 1","status":"passed","title":"throws when quantity is less than 1","duration":0.8122080000000551,"failureMessages":[],"meta":{},"tags":[]},{"ancestorTitles":["createCheckoutSession"],"fullName":"createCheckoutSession throws when checkout returns no URL","status":"passed","title":"throws when checkout returns no URL","duration":0.2053329999998823,"failureMessages":[],"meta":{},"tags":[]},{"ancestorTitles":["getSubscription"],"fullName":"getSubscription returns subscription info with fee coverage","status":"passed","title":"returns subscription info with fee coverage","duration":0.9078750000001037,"failureMessages":[],"meta":{},"tags":[]},{"ancestorTitles":["getSubscription"],"fullName":"getSubscription returns subscription info without fee coverage","status":"passed","title":"returns subscription info without fee coverage","duration":1.013832999999977,"failureMessages":[],"meta":{},"tags":[]},{"ancestorTitles":["getSubscription"],"fullName":"getSubscription returns null when no active subscription","status":"passed","title":"returns null when no active subscription","duration":0.3003750000000309,"failureMessages":[],"meta":{},"tags":[]},{"ancestorTitles":["updateQuantity"],"fullName":"updateQuantity updates contribution quantity and adds fee item via price_data","status":"passed","title":"updates contribution quantity and adds fee item via price_data","duration":1.7222499999998035,"failureMessages":[],"meta":{},"tags":[]},{"ancestorTitles":["updateQuantity"],"fullName":"updateQuantity removes existing fee item before adding new one","status":"passed","title":"removes existing fee item before adding new one","duration":0.6095000000000255,"failureMessages":[],"meta":{},"tags":[]},{"ancestorTitles":["updateQuantity"],"fullName":"updateQuantity removes fee item when coverFees is false","status":"passed","title":"removes fee item when coverFees is false","duration":0.3598749999998745,"failureMessages":[],"meta":{},"tags":[]},{"ancestorTitles":["updateQuantity"],"fullName":"updateQuantity throws when no active subscription","status":"passed","title":"throws when no active subscription","duration":0.1728330000000824,"failureMessages":[],"meta":{},"tags":[]},{"ancestorTitles":["updateQuantity"],"fullName":"updateQuantity throws when quantity is less than 1","status":"passed","title":"throws when quantity is less than 1","duration":0.1458749999999327,"failureMessages":[],"meta":{},"tags":[]},{"ancestorTitles":["cancel"],"fullName":"cancel sets cancel_at_period_end to true","status":"passed","title":"sets cancel_at_period_end to true","duration":0.15308300000015151,"failureMessages":[],"meta":{},"tags":[]},{"ancestorTitles":["cancel"],"fullName":"cancel throws when no active subscription","status":"passed","title":"throws when no active subscription","duration":0.13712499999996908,"failureMessages":[],"meta":{},"tags":[]},{"ancestorTitles":["resume"],"fullName":"resume sets cancel_at_period_end to false","status":"passed","title":"sets cancel_at_period_end to false","duration":0.1230000000000473,"failureMessages":[],"meta":{},"tags":[]},{"ancestorTitles":["resume"],"fullName":"resume throws when subscription is not scheduled for cancellation","status":"passed","title":"throws when subscription is not scheduled for cancellation","duration":0.10429100000010294,"failureMessages":[],"meta":{},"tags":[]},{"ancestorTitles":["resume"],"fullName":"resume throws when no active subscription","status":"passed","title":"throws when no active subscription","duration":0.10379199999988487,"failureMessages":[],"meta":{},"tags":[]},{"ancestorTitles":["createBillingPortalUrl"],"fullName":"createBillingPortalUrl creates a billing portal session and returns the URL","status":"passed","title":"creates a billing portal session and returns the URL","duration":0.13254200000005767,"failureMessages":[],"meta":{},"tags":[]},{"ancestorTitles":["createBillingPortalUrl"],"fullName":"createBillingPortalUrl returns null when no customer ID is provided","status":"passed","title":"returns null when no customer ID is provided","duration":0.12629099999981008,"failureMessages":[],"meta":{},"tags":[]}],"startTime":1778801095700,"endTime":1778801095711.153,"status":"passed","message":"","name":"/Users/dcash/Projects/_sites/corvmc-svelte/src/lib/server/finance/subscription-service.spec.ts"},{"assertionResults":[{"ancestorTitles":["handleCheckoutCompleted"],"fullName":"handleCheckoutCompleted emits checkout.completed domain event with session data","status":"passed","title":"emits checkout.completed domain event with session data","duration":4.922708000000057,"failureMessages":[],"meta":{},"tags":[]},{"ancestorTitles":["handleCheckoutCompleted"],"fullName":"handleCheckoutCompleted defaults metadata to empty object when null","status":"passed","title":"defaults metadata to empty object when null","duration":0.28099999999994907,"failureMessages":[],"meta":{},"tags":[]},{"ancestorTitles":["handleInvoicePaid"],"fullName":"handleInvoicePaid allocates monthly credits based on subscription quantity","status":"passed","title":"allocates monthly credits based on subscription quantity","duration":1.2948750000000473,"failureMessages":[],"meta":{},"tags":[]},{"ancestorTitles":["handleInvoicePaid"],"fullName":"handleInvoicePaid handles customer as an object with id property","status":"passed","title":"handles customer as an object with id property","duration":0.6540420000001177,"failureMessages":[],"meta":{},"tags":[]},{"ancestorTitles":["handleInvoicePaid"],"fullName":"handleInvoicePaid skips non-subscription invoices","status":"passed","title":"skips non-subscription invoices","duration":0.45287499999994907,"failureMessages":[],"meta":{},"tags":[]},{"ancestorTitles":["handleInvoicePaid"],"fullName":"handleInvoicePaid skips lines without subscription_item_details","status":"passed","title":"skips lines without subscription_item_details","duration":0.6742089999997916,"failureMessages":[],"meta":{},"tags":[]},{"ancestorTitles":["handleInvoicePaid"],"fullName":"handleInvoicePaid warns when no user found for customer","status":"passed","title":"warns when no user found for customer","duration":2.3893749999997453,"failureMessages":[],"meta":{},"tags":[]},{"ancestorTitles":["handleSubscriptionDeleted"],"fullName":"handleSubscriptionDeleted resets free_hours balance to 0","status":"passed","title":"resets free_hours balance to 0","duration":0.7606659999996737,"failureMessages":[],"meta":{},"tags":[]},{"ancestorTitles":["handleSubscriptionDeleted"],"fullName":"handleSubscriptionDeleted warns when no user found for customer","status":"passed","title":"warns when no user found for customer","duration":0.6585829999999078,"failureMessages":[],"meta":{},"tags":[]}],"startTime":1778801092602,"endTime":1778801092614.6587,"status":"passed","message":"","name":"/Users/dcash/Projects/_sites/corvmc-svelte/src/lib/server/finance/webhook-handlers.spec.ts"},{"assertionResults":[{"ancestorTitles":["generateSlug"],"fullName":"generateSlug lowercases and hyphenates spaces","status":"passed","title":"lowercases and hyphenates spaces","duration":2.8643339999998716,"failureMessages":[],"meta":{},"tags":[]},{"ancestorTitles":["generateSlug"],"fullName":"generateSlug strips special characters","status":"passed","title":"strips special characters","duration":0.7895420000004378,"failureMessages":[],"meta":{},"tags":[]},{"ancestorTitles":["generateSlug"],"fullName":"generateSlug collapses consecutive hyphens","status":"passed","title":"collapses consecutive hyphens","duration":0.39762500000006185,"failureMessages":[],"meta":{},"tags":[]},{"ancestorTitles":["generateSlug"],"fullName":"generateSlug trims leading and trailing hyphens","status":"passed","title":"trims leading and trailing hyphens","duration":0.4600839999998243,"failureMessages":[],"meta":{},"tags":[]},{"ancestorTitles":["generateSlug"],"fullName":"generateSlug handles mixed unicode and punctuation","status":"passed","title":"handles mixed unicode and punctuation","duration":0.47062499999992724,"failureMessages":[],"meta":{},"tags":[]},{"ancestorTitles":["generateSlug"],"fullName":"generateSlug handles single word","status":"passed","title":"handles single word","duration":0.14274999999997817,"failureMessages":[],"meta":{},"tags":[]},{"ancestorTitles":["generateSlug"],"fullName":"generateSlug handles empty string","status":"passed","title":"handles empty string","duration":0.27862499999991996,"failureMessages":[],"meta":{},"tags":[]},{"ancestorTitles":["ensureUniqueSlug"],"fullName":"ensureUniqueSlug returns the slug as-is when no conflicts","status":"passed","title":"returns the slug as-is when no conflicts","duration":1.1647500000003674,"failureMessages":[],"meta":{},"tags":[]},{"ancestorTitles":["ensureUniqueSlug"],"fullName":"ensureUniqueSlug appends -2 when slug already exists","status":"passed","title":"appends -2 when slug already exists","duration":1.8557080000000497,"failureMessages":[],"meta":{},"tags":[]}],"startTime":1778801096414,"endTime":1778801096423.8557,"status":"passed","message":"","name":"/Users/dcash/Projects/_sites/corvmc-svelte/src/lib/server/utils/slug.spec.ts"},{"assertionResults":[{"ancestorTitles":["validateBooking"],"fullName":"validateBooking accepts a valid 1-hour booking within operating hours","status":"passed","title":"accepts a valid 1-hour booking within operating hours","duration":64.60816700000032,"failureMessages":[],"meta":{},"tags":[]},{"ancestorTitles":["validateBooking"],"fullName":"validateBooking accepts a valid 8-hour booking","status":"passed","title":"accepts a valid 8-hour booking","duration":1.3066659999994954,"failureMessages":[],"meta":{},"tags":[]},{"ancestorTitles":["validateBooking"],"fullName":"validateBooking accepts a booking ending exactly at operating hours end","status":"passed","title":"accepts a booking ending exactly at operating hours end","duration":0.38445800000044983,"failureMessages":[],"meta":{},"tags":[]},{"ancestorTitles":["validateBooking"],"fullName":"validateBooking rejects end time before start time","status":"passed","title":"rejects end time before start time","duration":0.6325839999999516,"failureMessages":[],"meta":{},"tags":[]},{"ancestorTitles":["validateBooking"],"fullName":"validateBooking rejects duration shorter than minimum","status":"passed","title":"rejects duration shorter than minimum","duration":3.5960000000004584,"failureMessages":[],"meta":{},"tags":[]},{"ancestorTitles":["validateBooking"],"fullName":"validateBooking rejects duration longer than maximum","status":"passed","title":"rejects duration longer than maximum","duration":0.6575419999999212,"failureMessages":[],"meta":{},"tags":[]},{"ancestorTitles":["validateBooking"],"fullName":"validateBooking rejects start time not on 30-minute boundary","status":"passed","title":"rejects start time not on 30-minute boundary","duration":0.311333999999988,"failureMessages":[],"meta":{},"tags":[]},{"ancestorTitles":["validateBooking"],"fullName":"validateBooking rejects start time before operating hours","status":"passed","title":"rejects start time before operating hours","duration":1.442957999999635,"failureMessages":[],"meta":{},"tags":[]},{"ancestorTitles":["validateBooking"],"fullName":"validateBooking rejects end time after operating hours","status":"passed","title":"rejects end time after operating hours","duration":3.447291999999834,"failureMessages":[],"meta":{},"tags":[]},{"ancestorTitles":["validateBooking"],"fullName":"validateBooking accepts half-hour boundaries","status":"passed","title":"accepts half-hour boundaries","duration":0.230916000000434,"failureMessages":[],"meta":{},"tags":[]}],"startTime":1778801096460,"endTime":1778801096537.4473,"status":"passed","message":"","name":"/Users/dcash/Projects/_sites/corvmc-svelte/src/lib/server/reservation/conflict-service.spec.ts"},{"assertionResults":[{"ancestorTitles":["ReservationService","create"],"fullName":"ReservationService create creates a reservation when validation passes and no conflict","status":"passed","title":"creates a reservation when validation passes and no conflict","duration":13.488417000000027,"failureMessages":[],"meta":{},"tags":[]},{"ancestorTitles":["ReservationService","create"],"fullName":"ReservationService create throws ReservationValidationError when time is invalid","status":"passed","title":"throws ReservationValidationError when time is invalid","duration":1.274167000000034,"failureMessages":[],"meta":{},"tags":[]},{"ancestorTitles":["ReservationService","create"],"fullName":"ReservationService create throws ReservationConflictError when slot is taken","status":"passed","title":"throws ReservationConflictError when slot is taken","duration":0.3220000000001164,"failureMessages":[],"meta":{},"tags":[]},{"ancestorTitles":["ReservationService","cancel"],"fullName":"ReservationService cancel cancels a scheduled reservation without refund","status":"passed","title":"cancels a scheduled reservation without refund","duration":1.299833000000035,"failureMessages":[],"meta":{},"tags":[]},{"ancestorTitles":["ReservationService","cancel"],"fullName":"ReservationService cancel cancels a confirmed reservation and triggers refund","status":"passed","title":"cancels a confirmed reservation and triggers refund","duration":0.5318339999998898,"failureMessages":[],"meta":{},"tags":[]},{"ancestorTitles":["ReservationService","cancel"],"fullName":"ReservationService cancel rejects cancellation by non-owner","status":"passed","title":"rejects cancellation by non-owner","duration":0.8434999999999491,"failureMessages":[],"meta":{},"tags":[]},{"ancestorTitles":["ReservationService","cancel"],"fullName":"ReservationService cancel rejects cancellation of already-cancelled reservation","status":"passed","title":"rejects cancellation of already-cancelled reservation","duration":0.48099999999976717,"failureMessages":[],"meta":{},"tags":[]}],"startTime":1778801094074,"endTime":1778801094092.481,"status":"passed","message":"","name":"/Users/dcash/Projects/_sites/corvmc-svelte/src/lib/server/reservation/reservation-service.spec.ts"},{"assertionResults":[{"ancestorTitles":["handleTicketCheckout"],"fullName":"handleTicketCheckout calls fulfillPurchase when session has ticket metadata","status":"passed","title":"calls fulfillPurchase when session has ticket metadata","duration":5.433332999999948,"failureMessages":[],"meta":{},"tags":[]},{"ancestorTitles":["handleTicketCheckout"],"fullName":"handleTicketCheckout ignores sessions without ticket type","status":"passed","title":"ignores sessions without ticket type","duration":0.794791000000032,"failureMessages":[],"meta":{},"tags":[]},{"ancestorTitles":["handleTicketCheckout"],"fullName":"handleTicketCheckout ignores sessions without metadata","status":"passed","title":"ignores sessions without metadata","duration":0.1402500000000373,"failureMessages":[],"meta":{},"tags":[]},{"ancestorTitles":["handleTicketCheckout"],"fullName":"handleTicketCheckout ignores sessions without purchase_id","status":"passed","title":"ignores sessions without purchase_id","duration":0.34637499999996635,"failureMessages":[],"meta":{},"tags":[]},{"ancestorTitles":["handleTicketCheckout"],"fullName":"handleTicketCheckout skips event emission when fulfillPurchase returns empty array","status":"passed","title":"skips event emission when fulfillPurchase returns empty array","duration":0.51237500000002,"failureMessages":[],"meta":{},"tags":[]}],"startTime":1778801096575,"endTime":1778801096581.5125,"status":"passed","message":"","name":"/Users/dcash/Projects/_sites/corvmc-svelte/src/lib/server/ticket/checkout-listener.spec.ts"},{"assertionResults":[{"ancestorTitles":["generateCodeString"],"fullName":"generateCodeString returns an 8-character string","status":"passed","title":"returns an 8-character string","duration":4.564791000000014,"failureMessages":[],"meta":{},"tags":[]},{"ancestorTitles":["generateCodeString"],"fullName":"generateCodeString excludes ambiguous characters","status":"passed","title":"excludes ambiguous characters","duration":12.799082999999882,"failureMessages":[],"meta":{},"tags":[]},{"ancestorTitles":["generateCodeString"],"fullName":"generateCodeString uses only uppercase letters and digits","status":"passed","title":"uses only uppercase letters and digits","duration":2.92450000000008,"failureMessages":[],"meta":{},"tags":[]},{"ancestorTitles":["generateCode"],"fullName":"generateCode returns a code when no collision","status":"passed","title":"returns a code when no collision","duration":0.5846659999999702,"failureMessages":[],"meta":{},"tags":[]},{"ancestorTitles":["createTickets"],"fullName":"createTickets inserts tickets with correct fields","status":"passed","title":"inserts tickets with correct fields","duration":0.4801669999999376,"failureMessages":[],"meta":{},"tags":[]},{"ancestorTitles":["createTickets"],"fullName":"createTickets creates tickets with pending status by default","status":"passed","title":"creates tickets with pending status by default","duration":1.7227920000000267,"failureMessages":[],"meta":{},"tags":[]},{"ancestorTitles":["createTickets"],"fullName":"createTickets creates tickets with valid status when specified","status":"passed","title":"creates tickets with valid status when specified","duration":0.6829999999999927,"failureMessages":[],"meta":{},"tags":[]},{"ancestorTitles":["fulfillPurchase"],"fullName":"fulfillPurchase returns the updated ticket rows","status":"passed","title":"returns the updated ticket rows","duration":0.9949999999998909,"failureMessages":[],"meta":{},"tags":[]},{"ancestorTitles":["fulfillPurchase"],"fullName":"fulfillPurchase returns empty array when no pending tickets exist","status":"passed","title":"returns empty array when no pending tickets exist","duration":0.1958750000001146,"failureMessages":[],"meta":{},"tags":[]},{"ancestorTitles":["cancelPurchase"],"fullName":"cancelPurchase returns the number of cancelled tickets","status":"passed","title":"returns the number of cancelled tickets","duration":0.6030409999998483,"failureMessages":[],"meta":{},"tags":[]},{"ancestorTitles":["checkIn"],"fullName":"checkIn throws when ticket not found","status":"passed","title":"throws when ticket not found","duration":1.940958000000137,"failureMessages":[],"meta":{},"tags":[]},{"ancestorTitles":["checkIn"],"fullName":"checkIn throws when ticket is not valid","status":"passed","title":"throws when ticket is not valid","duration":0.4537920000000213,"failureMessages":[],"meta":{},"tags":[]},{"ancestorTitles":["checkIn"],"fullName":"checkIn throws when ticket is already checked in","status":"passed","title":"throws when ticket is already checked in","duration":0.27462500000001455,"failureMessages":[],"meta":{},"tags":[]},{"ancestorTitles":["checkIn"],"fullName":"checkIn throws when ticket is cancelled","status":"passed","title":"throws when ticket is cancelled","duration":0.26958300000001145,"failureMessages":[],"meta":{},"tags":[]},{"ancestorTitles":["checkIn"],"fullName":"checkIn updates the ticket when valid","status":"passed","title":"updates the ticket when valid","duration":0.3059170000001359,"failureMessages":[],"meta":{},"tags":[]},{"ancestorTitles":["getTicketsSold"],"fullName":"getTicketsSold returns the count from the query","status":"passed","title":"returns the count from the query","duration":0.2970829999999296,"failureMessages":[],"meta":{},"tags":[]},{"ancestorTitles":["getTicketsSold"],"fullName":"getTicketsSold returns 0 when no results","status":"passed","title":"returns 0 when no results","duration":0.25254199999994853,"failureMessages":[],"meta":{},"tags":[]},{"ancestorTitles":["getTicketsRemaining"],"fullName":"getTicketsRemaining returns null for unlimited capacity","status":"passed","title":"returns null for unlimited capacity","duration":0.2719999999999345,"failureMessages":[],"meta":{},"tags":[]},{"ancestorTitles":["getTicketsRemaining"],"fullName":"getTicketsRemaining returns remaining count for limited capacity","status":"passed","title":"returns remaining count for limited capacity","duration":0.19779200000016317,"failureMessages":[],"meta":{},"tags":[]},{"ancestorTitles":["getTicketsRemaining"],"fullName":"getTicketsRemaining returns 0 when sold out","status":"passed","title":"returns 0 when sold out","duration":0.18870800000013332,"failureMessages":[],"meta":{},"tags":[]},{"ancestorTitles":["getTicketsRemaining"],"fullName":"getTicketsRemaining returns 0 when oversold","status":"passed","title":"returns 0 when oversold","duration":0.24070899999992434,"failureMessages":[],"meta":{},"tags":[]}],"startTime":1778801094062,"endTime":1778801094093.2407,"status":"passed","message":"","name":"/Users/dcash/Projects/_sites/corvmc-svelte/src/lib/server/ticket/ticket-service.spec.ts"},{"assertionResults":[{"ancestorTitles":["account page load"],"fullName":"account page load returns user with profile fields","status":"passed","title":"returns user with profile fields","duration":2403.1630410000002,"failureMessages":[],"meta":{},"tags":[]},{"ancestorTitles":["account page load"],"fullName":"account page load throws 401 when not authenticated","status":"passed","title":"throws 401 when not authenticated","duration":3.1250830000008136,"failureMessages":[],"meta":{},"tags":[]},{"ancestorTitles":["account page load"],"fullName":"account page load throws 404 when user not found in database","status":"passed","title":"throws 404 when user not found in database","duration":0.7168750000000728,"failureMessages":[],"meta":{},"tags":[]},{"ancestorTitles":["updateProfile"],"fullName":"updateProfile updates name, pronouns, and phone","status":"passed","title":"updates name, pronouns, and phone","duration":919.9750839999997,"failureMessages":[],"meta":{},"tags":[]},{"ancestorTitles":["updateProfile"],"fullName":"updateProfile clears optional fields when empty strings provided","status":"passed","title":"clears optional fields when empty strings provided","duration":0.36970800000017334,"failureMessages":[],"meta":{},"tags":[]},{"ancestorTitles":["changePassword"],"fullName":"changePassword delegates to better-auth API with correct params","status":"passed","title":"delegates to better-auth API with correct params","duration":1.6783329999998386,"failureMessages":[],"meta":{},"tags":[]}],"startTime":1778801087845,"endTime":1778801091174.6782,"status":"passed","message":"","name":"/Users/dcash/Projects/_sites/corvmc-svelte/src/routes/member/account/account.spec.ts"},{"assertionResults":[{"ancestorTitles":["bands page load"],"fullName":"bands page load splits bands into pending and active","status":"passed","title":"splits bands into pending and active","duration":110.47699999999986,"failureMessages":[],"meta":{},"tags":[]},{"ancestorTitles":["bands page load"],"fullName":"bands page load calls listForUser with the current user id","status":"passed","title":"calls listForUser with the current user id","duration":2.770958000000064,"failureMessages":[],"meta":{},"tags":[]},{"ancestorTitles":["bands page load"],"fullName":"bands page load redirects when not authenticated","status":"passed","title":"redirects when not authenticated","duration":54.30649999999969,"failureMessages":[],"meta":{},"tags":[]},{"ancestorTitles":["createBand"],"fullName":"createBand calls band-service create and returns slug","status":"passed","title":"calls band-service create and returns slug","duration":472.863292,"failureMessages":[],"meta":{},"tags":[]},{"ancestorTitles":["createBand"],"fullName":"createBand omits bio when empty string","status":"passed","title":"omits bio when empty string","duration":0.8480829999998605,"failureMessages":[],"meta":{},"tags":[]},{"ancestorTitles":["acceptInvite"],"fullName":"acceptInvite calls acceptInvitation with memberId and userId","status":"passed","title":"calls acceptInvitation with memberId and userId","duration":0.9003339999999298,"failureMessages":[],"meta":{},"tags":[]},{"ancestorTitles":["declineInvite"],"fullName":"declineInvite calls declineInvitation with memberId and userId","status":"passed","title":"calls declineInvitation with memberId and userId","duration":0.7419589999999516,"failureMessages":[],"meta":{},"tags":[]}],"startTime":1778801087806,"endTime":1778801088510.742,"status":"passed","message":"","name":"/Users/dcash/Projects/_sites/corvmc-svelte/src/routes/member/bands/bands.spec.ts"},{"assertionResults":[{"ancestorTitles":["updateBand"],"fullName":"updateBand updates name and bio","status":"passed","title":"updates name and bio","duration":598.2662909999999,"failureMessages":[],"meta":{},"tags":[]},{"ancestorTitles":["updateBand"],"fullName":"updateBand sends null bio when empty","status":"passed","title":"sends null bio when empty","duration":0.33120800000006057,"failureMessages":[],"meta":{},"tags":[]},{"ancestorTitles":["updateBand"],"fullName":"updateBand rejects non-admin users","status":"passed","title":"rejects non-admin users","duration":2.0017500000003565,"failureMessages":[],"meta":{},"tags":[]},{"ancestorTitles":["updateBand"],"fullName":"updateBand allows admin users","status":"passed","title":"allows admin users","duration":0.6107910000000629,"failureMessages":[],"meta":{},"tags":[]}],"startTime":1778801092149,"endTime":1778801092749.6108,"status":"passed","message":"","name":"/Users/dcash/Projects/_sites/corvmc-svelte/src/routes/band/[slug]/edit/edit.spec.ts"},{"assertionResults":[{"ancestorTitles":["inviteMember"],"fullName":"inviteMember calls invite with correct params","status":"passed","title":"calls invite with correct params","duration":560.3084160000003,"failureMessages":[],"meta":{},"tags":[]},{"ancestorTitles":["inviteMember"],"fullName":"inviteMember sends null position when empty","status":"passed","title":"sends null position when empty","duration":0.3909169999997175,"failureMessages":[],"meta":{},"tags":[]},{"ancestorTitles":["removeMember"],"fullName":"removeMember calls removeMember with memberId","status":"passed","title":"calls removeMember with memberId","duration":0.25029200000017227,"failureMessages":[],"meta":{},"tags":[]},{"ancestorTitles":["revokeInvitation"],"fullName":"revokeInvitation calls revokeInvitation with memberId","status":"passed","title":"calls revokeInvitation with memberId","duration":0.21387499999991633,"failureMessages":[],"meta":{},"tags":[]},{"ancestorTitles":["updateMemberRemote"],"fullName":"updateMemberRemote calls updateMember with role and position","status":"passed","title":"calls updateMember with role and position","duration":0.5119169999998121,"failureMessages":[],"meta":{},"tags":[]},{"ancestorTitles":["transferOwner"],"fullName":"transferOwner calls transferOwnership with correct params","status":"passed","title":"calls transferOwnership with correct params","duration":0.20083399999975882,"failureMessages":[],"meta":{},"tags":[]},{"ancestorTitles":["leave"],"fullName":"leave calls leaveBand with band and user id","status":"passed","title":"calls leaveBand with band and user id","duration":0.1602499999999054,"failureMessages":[],"meta":{},"tags":[]},{"ancestorTitles":["searchUsers"],"fullName":"searchUsers returns matching users","status":"passed","title":"returns matching users","duration":0.47320899999976973,"failureMessages":[],"meta":{},"tags":[]},{"ancestorTitles":["searchUsers"],"fullName":"searchUsers returns empty for short queries","status":"passed","title":"returns empty for short queries","duration":0.38249999999970896,"failureMessages":[],"meta":{},"tags":[]},{"ancestorTitles":["members page load"],"fullName":"members page load splits members into active and pending","status":"passed","title":"splits members into active and pending","duration":536.230125,"failureMessages":[],"meta":{},"tags":[]}],"startTime":1778801092004,"endTime":1778801093104.2302,"status":"passed","message":"","name":"/Users/dcash/Projects/_sites/corvmc-svelte/src/routes/band/[slug]/members/members.spec.ts"},{"assertionResults":[{"ancestorTitles":["getSlots"],"fullName":"getSlots returns available slots and config","status":"passed","title":"returns available slots and config","duration":392.8138329999997,"failureMessages":[],"meta":{},"tags":[]},{"ancestorTitles":["getSlots"],"fullName":"getSlots requires band membership","status":"passed","title":"requires band membership","duration":3.7657500000000255,"failureMessages":[],"meta":{},"tags":[]},{"ancestorTitles":["bookReservation"],"fullName":"bookReservation creates reservation with band as booker","status":"passed","title":"creates reservation with band as booker","duration":66.62029200000006,"failureMessages":[],"meta":{},"tags":[]},{"ancestorTitles":["bookReservation"],"fullName":"bookReservation passes notes through","status":"passed","title":"passes notes through","duration":3.733625000000302,"failureMessages":[],"meta":{},"tags":[]},{"ancestorTitles":["cancelBandReservation"],"fullName":"cancelBandReservation cancels the reservation","status":"passed","title":"cancels the reservation","duration":0.5815840000000208,"failureMessages":[],"meta":{},"tags":[]},{"ancestorTitles":["reservations page load"],"fullName":"reservations page load returns upcoming and past arrays","status":"passed","title":"returns upcoming and past arrays","duration":2195.788208,"failureMessages":[],"meta":{},"tags":[]}],"startTime":1778801087799,"endTime":1778801090462.788,"status":"passed","message":"","name":"/Users/dcash/Projects/_sites/corvmc-svelte/src/routes/band/[slug]/reservations/reservations.spec.ts"},{"assertionResults":[{"ancestorTitles":["deleteBandForm"],"fullName":"deleteBandForm deletes the band","status":"passed","title":"deletes the band","duration":926.4145829999998,"failureMessages":[],"meta":{},"tags":[]},{"ancestorTitles":["deleteBandForm"],"fullName":"deleteBandForm rejects non-owner users","status":"passed","title":"rejects non-owner users","duration":1.2619159999999283,"failureMessages":[],"meta":{},"tags":[]},{"ancestorTitles":["deleteBandForm"],"fullName":"deleteBandForm rejects members","status":"passed","title":"rejects members","duration":0.6505000000001928,"failureMessages":[],"meta":{},"tags":[]}],"startTime":1778801092239,"endTime":1778801093167.6504,"status":"passed","message":"","name":"/Users/dcash/Projects/_sites/corvmc-svelte/src/routes/band/[slug]/settings/settings.spec.ts"},{"assertionResults":[{"ancestorTitles":["Welcome.svelte"],"fullName":"Welcome.svelte renders greetings for host and guest","status":"passed","title":"renders greetings for host and guest","duration":8.699999809265137,"failureMessages":[],"location":{"line":7,"column":2},"meta":{},"tags":[]}],"startTime":1778801094647,"endTime":1778801094655.7,"status":"passed","message":"","name":"/Users/dcash/Projects/_sites/corvmc-svelte/src/lib/vitest-examples/Welcome.svelte.spec.ts"},{"assertionResults":[{"ancestorTitles":[],"fullName":"Primary","status":"passed","title":"Primary","duration":711.5,"failureMessages":[],"meta":{"storyId":"example-button--primary","componentPath":"./Button.svelte","componentName":"Button","reports":[{"type":"a11y","version":1,"result":{"testEngine":{"name":"axe-core","version":"4.11.4"},"testRunner":{"name":"axe"},"testEnvironment":{"userAgent":"Mozilla/5.0 (Macintosh; Intel Mac OS X 10_15_7) AppleWebKit/537.36 (KHTML, like Gecko) HeadlessChrome/148.0.7778.96 Safari/537.36","windowWidth":1200,"windowHeight":900,"orientationAngle":0,"orientationType":"landscape-primary"},"timestamp":"2026-05-14T23:24:56.505Z","url":"http://localhost:63316/?sessionId=47fcd3ed-2933-413e-9b36-6bf89fc35d8d&iframeId=/Users/dcash/Projects/_sites/corvmc-svelte/src/stories/Button.stories.svelte","toolOptions":{"reporter":"v1"},"inapplicable":[{"id":"accesskeys","impact":null,"tags":["cat.keyboard","best-practice"],"description":"Ensure every accesskey attribute value is unique","help":"accesskey attribute value should be unique","helpUrl":"https://dequeuniversity.com/rules/axe/4.11/accesskeys?application=axeAPI","nodes":[]},{"id":"area-alt","impact":null,"tags":["cat.text-alternatives","wcag2a","wcag244","wcag412","section508","section508.22.a","TTv5","TT6.a","EN-301-549","EN-9.2.4.4","EN-9.4.1.2","ACT","RGAAv4","RGAA-1.1.2"],"description":"Ensure <area> elements of image maps have alternative text","help":"Active <area> elements must have alternative text","helpUrl":"https://dequeuniversity.com/rules/axe/4.11/area-alt?application=axeAPI","nodes":[]},{"id":"aria-allowed-attr","impact":null,"tags":["cat.aria","wcag2a","wcag412","EN-301-549","EN-9.4.1.2","RGAAv4","RGAA-7.1.1"],"description":"Ensure an element's role supports its ARIA attributes","help":"Elements must only use supported ARIA attributes","helpUrl":"https://dequeuniversity.com/rules/axe/4.11/aria-allowed-attr?application=axeAPI","nodes":[]},{"id":"aria-allowed-role","impact":null,"tags":["cat.aria","best-practice"],"description":"Ensure role attribute has an appropriate value for the element","help":"ARIA role should be appropriate for the element","helpUrl":"https://dequeuniversity.com/rules/axe/4.11/aria-allowed-role?application=axeAPI","nodes":[]},{"id":"aria-braille-equivalent","impact":null,"tags":["cat.aria","wcag2a","wcag412","EN-301-549","EN-9.4.1.2"],"description":"Ensure aria-braillelabel and aria-brailleroledescription have a non-braille equivalent","help":"aria-braille attributes must have a non-braille equivalent","helpUrl":"https://dequeuniversity.com/rules/axe/4.11/aria-braille-equivalent?application=axeAPI","nodes":[]},{"id":"aria-command-name","impact":null,"tags":["cat.aria","wcag2a","wcag412","TTv5","TT6.a","EN-301-549","EN-9.4.1.2","ACT","RGAAv4","RGAA-11.9.1"],"description":"Ensure every ARIA button, link and menuitem has an accessible name","help":"ARIA commands must have an accessible name","helpUrl":"https://dequeuniversity.com/rules/axe/4.11/aria-command-name?application=axeAPI","nodes":[]},{"id":"aria-conditional-attr","impact":null,"tags":["cat.aria","wcag2a","wcag412","EN-301-549","EN-9.4.1.2","RGAAv4","RGAA-7.1.1"],"description":"Ensure ARIA attributes are used as described in the specification of the element's role","help":"ARIA attributes must be used as specified for the element's role","helpUrl":"https://dequeuniversity.com/rules/axe/4.11/aria-conditional-attr?application=axeAPI","nodes":[]},{"id":"aria-deprecated-role","impact":null,"tags":["cat.aria","wcag2a","wcag412","EN-301-549","EN-9.4.1.2","RGAAv4","RGAA-7.1.1"],"description":"Ensure elements do not use deprecated roles","help":"Deprecated ARIA roles must not be used","helpUrl":"https://dequeuniversity.com/rules/axe/4.11/aria-deprecated-role?application=axeAPI","nodes":[]},{"id":"aria-dialog-name","impact":null,"tags":["cat.aria","best-practice"],"description":"Ensure every ARIA dialog and alertdialog node has an accessible name","help":"ARIA dialog and alertdialog nodes should have an accessible name","helpUrl":"https://dequeuniversity.com/rules/axe/4.11/aria-dialog-name?application=axeAPI","nodes":[]},{"id":"aria-hidden-foc
[...]
ge":"Element has sufficient color contrast of 12.63"}],"all":[],"none":[],"impact":null,"html":"<p>We recommend building UIs with a <a href=\"https://blog.hichroma.com/component-driven-development-ce1109d56c8e\" target=\"_blank\" rel=\"noopener noreferrer\"><strong>component-driven</strong></a> process starting with atomic components and ending with pages.</p>","target":["section > p:nth-child(2)"],"linkPath":"/?path=/story/example-page--logged-out&addonPanel=storybook/a11y/panel&a11ySelection=passes.color-contrast.5"},{"id":"passes.color-contrast.6","any":[{"id":"color-contrast","data":{"fgColor":"#333333","bgColor":"#ffffff","contrastRatio":12.63,"fontSize":"10.5pt (14px)","fontWeight":"bold","expectedContrastRatio":"4.5:1"},"relatedNodes":[],"impact":"serious","message":"Element has sufficient color contrast of 12.63"}],"all":[],"none":[],"impact":null,"html":"<strong>component-driven</strong>","target":["a[target=\"_blank\"][rel=\"noopener noreferrer\"] > strong"],"linkPath":"/?path=/story/example-page--logged-out&addonPanel=storybook/a11y/panel&a11ySelection=passes.color-contrast.6"},{"id":"passes.color-contrast.7","any":[{"id":"color-contrast","data":{"fgColor":"#333333","bgColor":"#ffffff","contrastRatio":12.63,"fontSize":"10.5pt (14px)","fontWeight":"normal","expectedContrastRatio":"4.5:1"},"relatedNodes":[],"impact":"serious","message":"Element has sufficient color contrast of 12.63"}],"all":[],"none":[],"impact":null,"html":"<p>Render pages with mock data. This makes it easy to build and review page states without\n      needing to navigate to them in your app. Here are some handy patterns for managing page data\n      in Storybook:</p>","target":["p:nth-child(3)"],"linkPath":"/?path=/story/example-page--logged-out&addonPanel=storybook/a11y/panel&a11ySelection=passes.color-contrast.7"},{"id":"passes.color-contrast.8","any":[{"id":"color-contrast","data":{"fgColor":"#333333","bgColor":"#ffffff","contrastRatio":12.63,"fontSize":"10.5pt (14px)","fontWeight":"normal","expectedContrastRatio":"4.5:1"},"relatedNodes":[],"impact":"serious","message":"Element has sufficient color contrast of 12.63"}],"all":[],"none":[],"impact":null,"html":"<li>Use a higher-level connected component. Storybook helps you compose such data from the\n        \"args\" of child component stories</li>","target":["section > ul > li:nth-child(1)"],"linkPath":"/?path=/story/example-page--logged-out&addonPanel=storybook/a11y/panel&a11ySelection=passes.color-contrast.8"},{"id":"passes.color-contrast.9","any":[{"id":"color-contrast","data":{"fgColor":"#333333","bgColor":"#ffffff","contrastRatio":12.63,"fontSize":"10.5pt (14px)","fontWeight":"normal","expectedContrastRatio":"4.5:1"},"relatedNodes":[],"impact":"serious","message":"Element has sufficient color contrast of 12.63"}],"all":[],"none":[],"impact":null,"html":"<li>Assemble data in the page component from your services. You can mock these services out\n        using Storybook.</li>","target":["section > ul > li:nth-child(2)"],"linkPath":"/?path=/story/example-page--logged-out&addonPanel=storybook/a11y/panel&a11ySelection=passes.color-contrast.9"},{"id":"passes.color-contrast.10","any":[{"id":"color-contrast","data":{"fgColor":"#333333","bgColor":"#ffffff","contrastRatio":12.63,"fontSize":"10.5pt (14px)","fontWeight":"normal","expectedContrastRatio":"4.5:1"},"relatedNodes":[],"impact":"serious","message":"Element has sufficient color contrast of 12.63"}],"all":[],"none":[],"impact":null,"html":"<p>Get a guided tutorial on component-driven development at <a href=\"https://storybook.js.org/tutorials/\" target=\"_blank\" rel=\"noopener noreferrer\">Storybook tutorials</a> . Read more in the <a href=\"https://storybook.js.org/docs\" target=\"_blank\" rel=\"noopener noreferrer\">docs</a> .</p>","target":["p:nth-child(5)"],"linkPath":"/?path=/story/example-page--logged-out&addonPanel=storybook/a11y/panel&a11ySelection=passes.color-contrast.10"},{"id":"passes.color-contrast.11","any":[{"id":"color-contrast","data":{"fgColor":"#333333","bgColor":"#ffffff","contrastRatio":12.63,"fontSize":"10.5pt (14px)","fontWeight":"normal","expectedContrastRatio":"4.5:1"},"relatedNodes":[],"impact":"serious","message":"Element has sufficient color contrast of 12.63"}],"all":[],"none":[],"impact":null,"html":"<a href=\"https://storybook.js.org/tutorials/\" target=\"_blank\" rel=\"noopener noreferrer\">Storybook tutorials</a>","target":["p:nth-child(5) > a[target=\"_blank\"][rel=\"noopener noreferrer\"]:nth-child(1)"],"linkPath":"/?path=/story/example-page--logged-out&addonPanel=storybook/a11y/panel&a11ySelection=passes.color-contrast.11"},{"id":"passes.color-contrast.12","any":[{"id":"color-contrast","data":{"fgColor":"#333333","bgColor":"#ffffff","contrastRatio":12.63,"fontSize":"10.5pt (14px)","fontWeight":"normal","expectedContrastRatio":"4.5:1"},"relatedNodes":[],"impact":"serious","message":"Element has sufficient color contrast of 12.63"}],"all":[],"none":[],"impact":null,"html":"<a href=\"https://storybook.js.org/docs\" target=\"_blank\" rel=\"noopener noreferrer\">docs</a>","target":["a[href$=\"docs\"]"],"linkPath":"/?path=/story/example-page--logged-out&addonPanel=storybook/a11y/panel&a11ySelection=passes.color-contrast.12"},{"id":"passes.color-contrast.13","any":[{"id":"color-contrast","data":{"fgColor":"#333333","bgColor":"#ffffff","contrastRatio":12.63,"fontSize":"9.8pt (13px)","fontWeight":"normal","expectedContrastRatio":"4.5:1"},"relatedNodes":[],"impact":"serious","message":"Element has sufficient color contrast of 12.63"}],"all":[],"none":[],"impact":null,"html":"<div class=\"tip-wrapper\">","target":[".tip-wrapper"],"linkPath":"/?path=/story/example-page--logged-out&addonPanel=storybook/a11y/panel&a11ySelection=passes.color-contrast.13"},{"id":"passes.color-contrast.14","any":[{"id":"color-contrast","data":{"fgColor":"#357a14","bgColor":"#e7fdd8","contrastRatio":4.92,"fontSize":"8.3pt (11px)","fontWeight":"bold","expectedContrastRatio":"4.5:1"},"relatedNodes":[],"impact":"serious","message":"Element has sufficient color contrast of 4.92"}],"all":[],"none":[],"impact":null,"html":"<span class=\"tip\">Tip</span>","target":[".tip"],"linkPath":"/?path=/story/example-page--logged-out&addonPanel=storybook/a11y/panel&a11ySelection=passes.color-contrast.14"}]},{"id":"empty-heading","impact":null,"tags":["cat.name-role-value","best-practice"],"description":"Ensure headings have discernible text","help":"Headings should not be empty","helpUrl":"https://dequeuniversity.com/rules/axe/4.11/empty-heading?application=axeAPI","nodes":[{"id":"passes.empty-heading.1","any":[{"id":"has-visible-text","data":null,"relatedNodes":[],"impact":"minor","message":"Element has text that is visible to screen readers"}],"all":[],"none":[],"impact":null,"html":"<h1>Acme</h1>","target":[".storybook-header > div:nth-child(1) > h1"],"linkPath":"/?path=/story/example-page--logged-out&addonPanel=storybook/a11y/panel&a11ySelection=passes.empty-heading.1"},{"id":"passes.empty-heading.2","any":[{"id":"has-visible-text","data":null,"relatedNodes":[],"impact":"minor","message":"Element has text that is visible to screen readers"}],"all":[],"none":[],"impact":null,"html":"<h2>Pages in Storybook</h2>","target":["h2"],"linkPath":"/?path=/story/example-page--logged-out&addonPanel=storybook/a11y/panel&a11ySelection=passes.empty-heading.2"}]},{"id":"heading-order","impact":null,"tags":["cat.semantics","best-practice"],"description":"Ensure the order of headings is semantically correct","help":"Heading levels should only increase by one","helpUrl":"https://dequeuniversity.com/rules/axe/4.11/heading-order?application=axeAPI","nodes":[{"id":"passes.heading-order.1","any":[{"id":"heading-order","data":{"headingOrder":[{"ancestry":["html > body > div:nth-child(5) > article > header:nth-child(1) > div > div:nth-child(1) > h1:nth-child(2)"],"level":1},{"ancestry":["html > body > div:nth-child(5) > article > section:nth-child(2) > h2:nth-child(1)"],"level":2}]},"relatedNodes":[],"impact":"moderate","message":"Heading order valid"}],"all":[],"none":[],"impact":null,"html":"<h1>Acme</h1>","target":[".storybook-header > div:nth-child(1) > h1"],"linkPath":"/?path=/story/example-page--logged-out&addonPanel=storybook/a11y/panel&a11ySelection=passes.heading-order.1"},{"id":"passes.heading-order.2","any":[{"id":"heading-order","data":null,"relatedNodes":[],"impact":"moderate","message":"Heading order valid"}],"all":[],"none":[],"impact":null,"html":"<h2>Pages in Storybook</h2>","target":["h2"],"linkPath":"/?path=/story/example-page--logged-out&addonPanel=storybook/a11y/panel&a11ySelection=passes.heading-order.2"}]},{"id":"landmark-no-duplicate-banner","impact":null,"tags":["cat.semantics","best-practice"],"description":"Ensure the document has at most one banner landmark","help":"Document should not have more than one banner landmark","helpUrl":"https://dequeuniversity.com/rules/axe/4.11/landmark-no-duplicate-banner?application=axeAPI","nodes":[{"id":"passes.landmark-no-duplicate-banner.1","any":[{"id":"page-no-duplicate-banner","data":null,"relatedNodes":[],"impact":"moderate","message":"Document does not have more than one banner landmark"}],"all":[],"none":[],"impact":null,"html":"<header>","target":["header"],"linkPath":"/?path=/story/example-page--logged-out&addonPanel=storybook/a11y/panel&a11ySelection=passes.landmark-no-duplicate-banner.1"}]},{"id":"link-in-text-block","impact":null,"tags":["cat.color","wcag2a","wcag141","TTv5","TT13.a","EN-301-549","EN-9.1.4.1","RGAAv4","RGAA-10.6.1"],"description":"Ensure links are distinguished from surrounding text in a way that does not rely on color","help":"Links must be distinguishable without relying on color","helpUrl":"https://dequeuniversity.com/rules/axe/4.11/link-in-text-block?application=axeAPI","nodes":[{"id":"passes.link-in-text-block.1","any":[{"id":"link-in-text-block-style","data":null,"relatedNodes":[{"html":"<p>We recommend building UIs with a <a href=\"https://blog.hichroma.com/component-driven-development-ce1109d56c8e\" target=\"_blank\" rel=\"noopener noreferrer\"><strong>component-driven</strong></a> process starting with atomic components and ending with pages.</p>","target":["section > p:nth-child(2)"]}],"impact":"serious","message":"Links can be distinguished from surrounding text by visual styling"}],"all":[],"none":[],"impact":null,"html":"<a href=\"https://blog.hichroma.com/component-driven-development-ce1109d56c8e\" target=\"_blank\" rel=\"noopener noreferrer\"><strong>component-driven</strong></a>","target":["p:nth-child(2) > a[target=\"_blank\"][rel=\"noopener noreferrer\"]"],"linkPath":"/?path=/story/example-page--logged-out&addonPanel=storybook/a11y/panel&a11ySelection=passes.link-in-text-block.1"},{"id":"passes.link-in-text-block.2","any":[{"id":"link-in-text-block","data":null,"relatedNodes":[{"html":"<p>Get a guided tutorial on component-driven development at <a href=\"https://storybook.js.org/tutorials/\" target=\"_blank\" rel=\"noopener noreferrer\">Storybook tutorials</a> . Read more in the <a href=\"https://storybook.js.org/docs\" target=\"_blank\" rel=\"noopener noreferrer\">docs</a> .</p>","target":["p:nth-child(5)"]}],"impact":"serious","message":"Links can be distinguished from surrounding text in some way other than by color"},{"id":"link-in-text-block-style","data":null,"relatedNodes":[{"html":"<p>Get a guided tutorial on component-driven development at <a href=\"https://storybook.js.org/tutorials/\" target=\"_blank\" rel=\"noopener noreferrer\">Storybook tutorials</a> . Read more in the <a href=\"https://storybook.js.org/docs\" target=\"_blank\" rel=\"noopener noreferrer\">docs</a> .</p>","target":["p:nth-child(5)"]}],"impact":"serious","message":"Links can be distinguished from surrounding text by visual styling"}],"all":[],"none":[],"impact":null,"html":"<a href=\"https://storybook.js.org/tutorials/\" target=\"_blank\" rel=\"noopener noreferrer\">Storybook tutorials</a>","target":["p:nth-child(5) > a[target=\"_blank\"][rel=\"noopener noreferrer\"]:nth-child(1)"],"linkPath":"/?path=/story/example-page--logged-out&addonPanel=storybook/a11y/panel&a11ySelection=passes.link-in-text-block.2"},{"id":"passes.link-in-text-block.3","any":[{"id":"link-in-text-block","data":null,"relatedNodes":[{"html":"<p>Get a guided tutorial on component-driven development at <a href=\"https://storybook.js.org/tutorials/\" target=\"_blank\" rel=\"noopener noreferrer\">Storybook tutorials</a> . Read more in the <a href=\"https://storybook.js.org/docs\" target=\"_blank\" rel=\"noopener noreferrer\">docs</a> .</p>","target":["p:nth-child(5)"]}],"impact":"serious","message":"Links can be distinguished from surrounding text in some way other than by color"},{"id":"link-in-text-block-style","data":null,"relatedNodes":[{"html":"<p>Get a guided tutorial on component-driven development at <a href=\"https://storybook.js.org/tutorials/\" target=\"_blank\" rel=\"noopener noreferrer\">Storybook tutorials</a> . Read more in the <a href=\"https://storybook.js.org/docs\" target=\"_blank\" rel=\"noopener noreferrer\">docs</a> .</p>","target":["p:nth-child(5)"]}],"impact":"serious","message":"Links can be distinguished from surrounding text by visual styling"}],"all":[],"none":[],"impact":null,"html":"<a href=\"https://storybook.js.org/docs\" target=\"_blank\" rel=\"noopener noreferrer\">docs</a>","target":["a[href$=\"docs\"]"],"linkPath":"/?path=/story/example-page--logged-out&addonPanel=storybook/a11y/panel&a11ySelection=passes.link-in-text-block.3"}]},{"id":"link-name","impact":null,"tags":["cat.name-role-value","wcag2a","wcag244","wcag412","section508","section508.22.a","TTv5","TT6.a","EN-301-549","EN-9.2.4.4","EN-9.4.1.2","ACT","RGAAv4","RGAA-6.2.1"],"description":"Ensure links have discernible text","help":"Links must have discernible text","helpUrl":"https://dequeuniversity.com/rules/axe/4.11/link-name?application=axeAPI","nodes":[{"id":"passes.link-name.1","any":[{"id":"has-visible-text","data":null,"relatedNodes":[],"impact":"serious","message":"Element has text that is visible to screen readers"}],"all":[],"none":[{"id":"focusable-no-name","data":null,"relatedNodes":[],"impact":"serious","message":"Element is not in tab order or has accessible text"}],"impact":null,"html":"<a href=\"https://blog.hichroma.com/component-driven-development-ce1109d56c8e\" target=\"_blank\" rel=\"noopener noreferrer\"><strong>component-driven</strong></a>","target":["p:nth-child(2) > a[target=\"_blank\"][rel=\"noopener noreferrer\"]"],"linkPath":"/?path=/story/example-page--logged-out&addonPanel=storybook/a11y/panel&a11ySelection=passes.link-name.1"},{"id":"passes.link-name.2","any":[{"id":"has-visible-text","data":null,"relatedNodes":[],"impact":"serious","message":"Element has text that is visible to screen readers"}],"all":[],"none":[{"id":"focusable-no-name","data":null,"relatedNodes":[],"impact":"serious","message":"Element is not in tab order or has accessible text"}],"impact":null,"html":"<a href=\"https://storybook.js.org/tutorials/\" target=\"_blank\" rel=\"noopener noreferrer\">Storybook tutorials</a>","target":["p:nth-child(5) > a[target=\"_blank\"][rel=\"noopener noreferrer\"]:nth-child(1)"],"linkPath":"/?path=/story/example-page--logged-out&addonPanel=storybook/a11y/panel&a11ySelection=passes.link-name.2"},{"id":"passes.link-name.3","any":[{"id":"has-visible-text","data":null,"relatedNodes":[],"impact":"serious","message":"Element has text that is visible to screen readers"}],"all":[],"none":[{"id":"focusable-no-name","data":null,"relatedNodes":[],"impact":"serious","message":"Element is not in tab order or has accessible text"}],"impact":null,"html":"<a href=\"https://storybook.js.org/docs\" target=\"_blank\" rel=\"noopener noreferrer\">docs</a>","target":["a[href$=\"docs\"]"],"linkPath":"/?path=/story/example-page--logged-out&addonPanel=storybook/a11y/panel&a11ySelection=passes.link-name.3"}]},{"id":"list","impact":null,"tags":["cat.structure","wcag2a","wcag131","EN-301-549","EN-9.1.3.1","RGAAv4","RGAA-9.3.1"],"description":"Ensure that lists are structured correctly","help":"<ul> and <ol> must only directly contain <li>, <script> or <template> elements","helpUrl":"https://dequeuniversity.com/rules/axe/4.11/list?application=axeAPI","nodes":[{"id":"passes.list.1","any":[],"all":[],"none":[{"id":"only-listitems","data":null,"relatedNodes":[],"impact":"serious","message":"List element only has direct children that are allowed inside <li> elements"}],"impact":null,"html":"<ul><li>Use a higher-level connected component. Storybook helps you compose such data from the\n        \"args\" of child component stories</li> <li>Assemble data in the page component from your services. You can mock these services out\n        using Storybook.</li></ul>","target":["section > ul"],"linkPath":"/?path=/story/example-page--logged-out&addonPanel=storybook/a11y/panel&a11ySelection=passes.list.1"}]},{"id":"listitem","impact":null,"tags":["cat.structure","wcag2a","wcag131","EN-301-549","EN-9.1.3.1","RGAAv4","RGAA-9.3.1"],"description":"Ensure <li> elements are used semantically","help":"<li> elements must be contained in a <ul> or <ol>","helpUrl":"https://dequeuniversity.com/rules/axe/4.11/listitem?application=axeAPI","nodes":[{"id":"passes.listitem.1","any":[{"id":"listitem","data":null,"relatedNodes":[],"impact":"serious","message":"List item has a <ul>, <ol> or role=\"list\" parent element"}],"all":[],"none":[],"impact":null,"html":"<li>Use a higher-level connected component. Storybook helps you compose such data from the\n        \"args\" of child component stories</li>","target":["section > ul > li:nth-child(1)"],"linkPath":"/?path=/story/example-page--logged-out&addonPanel=storybook/a11y/panel&a11ySelection=passes.listitem.1"},{"id":"passes.listitem.2","any":[{"id":"listitem","data":null,"relatedNodes":[],"impact":"serious","message":"List item has a <ul>, <ol> or role=\"list\" parent element"}],"all":[],"none":[],"impact":null,"html":"<li>Assemble data in the page component from your services. You can mock these services out\n        using Storybook.</li>","target":["section > ul > li:nth-child(2)"],"linkPath":"/?path=/story/example-page--logged-out&addonPanel=storybook/a11y/panel&a11ySelection=passes.listitem.2"}]},{"id":"nested-interactive","impact":null,"tags":["cat.keyboard","wcag2a","wcag412","TTv5","TT6.a","EN-301-549","EN-9.4.1.2","RGAAv4","RGAA-7.1.1"],"description":"Ensure interactive controls are not nested as they are not always announced by screen readers or can cause focus problems for assistive technologies","help":"Interactive controls must not be nested","helpUrl":"https://dequeuniversity.com/rules/axe/4.11/nested-interactive?application=axeAPI","nodes":[{"id":"passes.nested-interactive.1","any":[{"id":"no-focusable-content","data":null,"relatedNodes":[],"impact":"serious","message":"Element does not have focusable descendants"}],"all":[],"none":[],"impact":null,"html":"<button type=\"button\" class=\"storybook-button storybook-button--small storybook-button--secondary\" style=\"\">Log in</button>","target":[".storybook-button--secondary"],"linkPath":"/?path=/story/example-page--logged-out&addonPanel=storybook/a11y/panel&a11ySelection=passes.nested-interactive.1"},{"id":"passes.nested-interactive.2","any":[{"id":"no-focusable-content","data":null,"relatedNodes":[],"impact":"serious","message":"Element does not have focusable descendants"}],"all":[],"none":[],"impact":null,"html":"<button type=\"button\" class=\"storybook-button storybook-button--small storybook-button--primary\" style=\"\">Sign up</button>","target":[".storybook-button--primary"],"linkPath":"/?path=/story/example-page--logged-out&addonPanel=storybook/a11y/panel&a11ySelection=passes.nested-interactive.2"}]}],"incomplete":[],"violations":[]},"status":"passed"}]},"tags":[]}],"startTime":1778801095797,"endTime":1778801096572,"status":"passed","message":"","name":"/Users/dcash/Projects/_sites/corvmc-svelte/src/stories/Page.stories.svelte"}]}